{"D:\\dev\\icanhastool\\src\\lib\\Settings.svelte": {"path":"D:\\dev\\icanhastool\\src\\lib\\Settings.svelte","statementMap":{"0":{"start":{"line":17,"column":19},"end":{"line":17,"column":null}},"1":{"start":{"line":19,"column":28},"end":{"line":19,"column":null}},"2":{"start":{"line":20,"column":25},"end":{"line":20,"column":null}},"3":{"start":{"line":21,"column":28},"end":{"line":21,"column":null}},"4":{"start":{"line":22,"column":34},"end":{"line":22,"column":null}},"5":{"start":{"line":23,"column":17},"end":{"line":23,"column":null}},"6":{"start":{"line":24,"column":13},"end":{"line":24,"column":null}},"7":{"start":{"line":25,"column":11},"end":{"line":25,"column":null}},"8":{"start":{"line":28,"column":2},"end":{"line":28,"column":null}},"9":{"start":{"line":28,"column":27},"end":{"line":28,"column":null}},"10":{"start":{"line":29,"column":2},"end":{"line":29,"column":null}},"11":{"start":{"line":29,"column":30},"end":{"line":29,"column":null}},"12":{"start":{"line":30,"column":2},"end":{"line":30,"column":null}},"13":{"start":{"line":30,"column":30},"end":{"line":30,"column":null}},"14":{"start":{"line":31,"column":2},"end":{"line":31,"column":null}},"15":{"start":{"line":31,"column":23},"end":{"line":31,"column":null}},"16":{"start":{"line":32,"column":2},"end":{"line":32,"column":null}},"17":{"start":{"line":32,"column":28},"end":{"line":32,"column":null}},"18":{"start":{"line":34,"column":2},"end":{"line":45,"column":null}},"19":{"start":{"line":35,"column":10},"end":{"line":35,"column":null}},"20":{"start":{"line":36,"column":23},"end":{"line":36,"column":null}},"21":{"start":{"line":39,"column":8},"end":{"line":44,"column":null}},"22":{"start":{"line":40,"column":26},"end":{"line":40,"column":null}},"23":{"start":{"line":40,"column":46},"end":{"line":40,"column":null}},"24":{"start":{"line":41,"column":10},"end":{"line":43,"column":null}},"25":{"start":{"line":42,"column":14},"end":{"line":42,"column":null}},"26":{"start":{"line":48,"column":8},"end":{"line":54,"column":null}},"27":{"start":{"line":49,"column":18},"end":{"line":49,"column":null}},"28":{"start":{"line":50,"column":6},"end":{"line":50,"column":null}},"29":{"start":{"line":52,"column":6},"end":{"line":52,"column":null}},"30":{"start":{"line":53,"column":6},"end":{"line":53,"column":null}},"31":{"start":{"line":58,"column":8},"end":{"line":67,"column":null}},"32":{"start":{"line":59,"column":21},"end":{"line":59,"column":null}},"33":{"start":{"line":60,"column":25},"end":{"line":60,"column":null}},"34":{"start":{"line":61,"column":6},"end":{"line":61,"column":null}},"35":{"start":{"line":62,"column":6},"end":{"line":62,"column":null}},"36":{"start":{"line":63,"column":13},"end":{"line":63,"column":null}},"37":{"start":{"line":65,"column":6},"end":{"line":65,"column":null}},"38":{"start":{"line":66,"column":13},"end":{"line":66,"column":null}},"39":{"start":{"line":71,"column":4},"end":{"line":71,"column":null}},"40":{"start":{"line":72,"column":4},"end":{"line":72,"column":null}},"41":{"start":{"line":74,"column":8},"end":{"line":84,"column":null}},"42":{"start":{"line":75,"column":12},"end":{"line":75,"column":null}},"43":{"start":{"line":76,"column":6},"end":{"line":76,"column":null}},"44":{"start":{"line":77,"column":6},"end":{"line":77,"column":null}},"45":{"start":{"line":78,"column":6},"end":{"line":78,"column":null}},"46":{"start":{"line":80,"column":6},"end":{"line":80,"column":null}},"47":{"start":{"line":81,"column":6},"end":{"line":81,"column":null}},"48":{"start":{"line":83,"column":6},"end":{"line":83,"column":null}},"49":{"start":{"line":88,"column":19},"end":{"line":88,"column":27}},"50":{"start":{"line":89,"column":4},"end":{"line":89,"column":null}},"51":{"start":{"line":90,"column":4},"end":{"line":90,"column":null}},"52":{"start":{"line":94,"column":19},"end":{"line":94,"column":27}},"53":{"start":{"line":95,"column":4},"end":{"line":95,"column":null}},"54":{"start":{"line":96,"column":4},"end":{"line":96,"column":null}},"55":{"start":{"line":100,"column":19},"end":{"line":100,"column":27}},"56":{"start":{"line":101,"column":4},"end":{"line":101,"column":null}},"57":{"start":{"line":102,"column":4},"end":{"line":102,"column":null}},"58":{"start":{"line":106,"column":19},"end":{"line":106,"column":27}},"59":{"start":{"line":107,"column":4},"end":{"line":107,"column":null}},"60":{"start":{"line":108,"column":4},"end":{"line":108,"column":null}},"61":{"start":{"line":109,"column":4},"end":{"line":109,"column":null}},"62":{"start":{"line":113,"column":4},"end":{"line":113,"column":null}},"63":{"start":{"line":114,"column":4},"end":{"line":114,"column":null}},"64":{"start":{"line":118,"column":15},"end":{"line":118,"column":null}},"65":{"start":{"line":118,"column":37},"end":{"line":118,"column":null}},"66":{"start":{"line":120,"column":17},"end":{"line":120,"column":41}},"67":{"start":{"line":121,"column":8},"end":{"line":125,"column":null}},"68":{"start":{"line":122,"column":6},"end":{"line":122,"column":null}},"69":{"start":{"line":124,"column":6},"end":{"line":124,"column":null}},"70":{"start":{"line":129,"column":4},"end":{"line":129,"column":null}},"71":{"start":{"line":136,"column":6},"end":{"line":136,"column":42}},"72":{"start":{"line":139,"column":8},"end":{"line":136,"column":42}},"73":{"start":{"line":140,"column":13},"end":{"line":139,"column":null}},"74":{"start":{"line":142,"column":15},"end":{"line":140,"column":null}},"75":{"start":{"line":140,"column":7},"end":{"line":140,"column":null}},"76":{"start":{"line":152,"column":12},"end":{"line":152,"column":36}},"77":{"start":{"line":152,"column":9},"end":{"line":152,"column":36}},"78":{"start":{"line":152,"column":36},"end":{"line":152,"column":null}},"79":{"start":{"line":151,"column":11},"end":{"line":151,"column":null}},"80":{"start":{"line":151,"column":16},"end":{"line":151,"column":null}},"81":{"start":{"line":155,"column":14},"end":{"line":155,"column":null}},"82":{"start":{"line":158,"column":14},"end":{"line":155,"column":null}},"83":{"start":{"line":160,"column":17},"end":{"line":158,"column":null}},"84":{"start":{"line":161,"column":19},"end":{"line":160,"column":25}},"85":{"start":{"line":161,"column":13},"end":{"line":161,"column":null}},"86":{"start":{"line":162,"column":19},"end":{"line":163,"column":29}},"87":{"start":{"line":162,"column":19},"end":{"line":162,"column":30}},"88":{"start":{"line":163,"column":21},"end":{"line":163,"column":29}},"89":{"start":{"line":163,"column":15},"end":{"line":163,"column":29}},"90":{"start":{"line":162,"column":30},"end":{"line":165,"column":null}},"91":{"start":{"line":162,"column":36},"end":{"line":164,"column":28}},"92":{"start":{"line":165,"column":17},"end":{"line":165,"column":53}},"93":{"start":{"line":162,"column":30},"end":{"line":163,"column":null}},"94":{"start":{"line":162,"column":36},"end":{"line":163,"column":40}},"95":{"start":{"line":163,"column":15},"end":{"line":163,"column":null}},"96":{"start":{"line":160,"column":11},"end":{"line":160,"column":25}},"97":{"start":{"line":158,"column":9},"end":{"line":158,"column":null}},"98":{"start":{"line":171,"column":15},"end":{"line":158,"column":null}},"99":{"start":{"line":155,"column":7},"end":{"line":155,"column":null}},"100":{"start":{"line":174,"column":14},"end":{"line":155,"column":null}},"101":{"start":{"line":177,"column":12},"end":{"line":174,"column":null}},"102":{"start":{"line":177,"column":9},"end":{"line":177,"column":null}},"103":{"start":{"line":180,"column":17},"end":{"line":180,"column":null}},"104":{"start":{"line":180,"column":13},"end":{"line":180,"column":null}},"105":{"start":{"line":182,"column":17},"end":{"line":182,"column":null}},"106":{"start":{"line":182,"column":13},"end":{"line":182,"column":null}},"107":{"start":{"line":184,"column":17},"end":{"line":184,"column":null}},"108":{"start":{"line":184,"column":13},"end":{"line":184,"column":null}},"109":{"start":{"line":181,"column":20},"end":{"line":181,"column":null}},"110":{"start":{"line":181,"column":31},"end":{"line":181,"column":null}},"111":{"start":{"line":179,"column":15},"end":{"line":179,"column":null}},"112":{"start":{"line":179,"column":22},"end":{"line":179,"column":null}},"113":{"start":{"line":189,"column":14},"end":{"line":189,"column":null}},"114":{"start":{"line":189,"column":11},"end":{"line":189,"column":null}},"115":{"start":{"line":191,"column":19},"end":{"line":192,"column":null}},"116":{"start":{"line":191,"column":19},"end":{"line":191,"column":32}},"117":{"start":{"line":192,"column":18},"end":{"line":192,"column":null}},"118":{"start":{"line":193,"column":21},"end":{"line":192,"column":null}},"119":{"start":{"line":193,"column":17},"end":{"line":193,"column":23}},"120":{"start":{"line":194,"column":21},"end":{"line":193,"column":23}},"121":{"start":{"line":194,"column":17},"end":{"line":194,"column":42}},"122":{"start":{"line":195,"column":17},"end":{"line":194,"column":42}},"123":{"start":{"line":195,"column":17},"end":{"line":195,"column":null}},"124":{"start":{"line":192,"column":15},"end":{"line":192,"column":null}},"125":{"start":{"line":191,"column":32},"end":{"line":193,"column":null}},"126":{"start":{"line":191,"column":37},"end":{"line":193,"column":33}},"127":{"start":{"line":191,"column":32},"end":{"line":194,"column":null}},"128":{"start":{"line":191,"column":37},"end":{"line":194,"column":56}},"129":{"start":{"line":195,"column":17},"end":{"line":197,"column":null}},"130":{"start":{"line":197,"column":28},"end":{"line":197,"column":null}},"131":{"start":{"line":199,"column":19},"end":{"line":199,"column":83}},"132":{"start":{"line":195,"column":17},"end":{"line":196,"column":null}},"133":{"start":{"line":196,"column":34},"end":{"line":196,"column":null}},"134":{"start":{"line":205,"column":12},"end":{"line":205,"column":null}},"135":{"start":{"line":205,"column":11},"end":{"line":205,"column":null}},"136":{"start":{"line":188,"column":13},"end":{"line":188,"column":33}},"137":{"start":{"line":210,"column":12},"end":{"line":210,"column":null}},"138":{"start":{"line":210,"column":9},"end":{"line":210,"column":null}},"139":{"start":{"line":212,"column":17},"end":{"line":213,"column":null}},"140":{"start":{"line":212,"column":17},"end":{"line":212,"column":27}},"141":{"start":{"line":213,"column":16},"end":{"line":213,"column":null}},"142":{"start":{"line":214,"column":19},"end":{"line":213,"column":null}},"143":{"start":{"line":214,"column":15},"end":{"line":214,"column":21}},"144":{"start":{"line":215,"column":19},"end":{"line":214,"column":21}},"145":{"start":{"line":215,"column":15},"end":{"line":215,"column":40}},"146":{"start":{"line":213,"column":13},"end":{"line":213,"column":null}},"147":{"start":{"line":212,"column":27},"end":{"line":214,"column":null}},"148":{"start":{"line":212,"column":32},"end":{"line":214,"column":31}},"149":{"start":{"line":212,"column":27},"end":{"line":215,"column":null}},"150":{"start":{"line":212,"column":32},"end":{"line":215,"column":53}},"151":{"start":{"line":174,"column":7},"end":{"line":174,"column":null}},"152":{"start":{"line":221,"column":14},"end":{"line":174,"column":null}},"153":{"start":{"line":224,"column":14},"end":{"line":221,"column":null}},"154":{"start":{"line":226,"column":17},"end":{"line":224,"column":null}},"155":{"start":{"line":227,"column":19},"end":{"line":226,"column":25}},"156":{"start":{"line":227,"column":13},"end":{"line":227,"column":null}},"157":{"start":{"line":228,"column":19},"end":{"line":227,"column":null}},"158":{"start":{"line":228,"column":13},"end":{"line":228,"column":null}},"159":{"start":{"line":226,"column":11},"end":{"line":226,"column":25}},"160":{"start":{"line":224,"column":9},"end":{"line":224,"column":null}},"161":{"start":{"line":233,"column":16},"end":{"line":233,"column":null}},"162":{"start":{"line":235,"column":19},"end":{"line":233,"column":null}},"163":{"start":{"line":236,"column":21},"end":{"line":235,"column":27}},"164":{"start":{"line":236,"column":15},"end":{"line":236,"column":null}},"165":{"start":{"line":237,"column":21},"end":{"line":236,"column":null}},"166":{"start":{"line":237,"column":15},"end":{"line":237,"column":null}},"167":{"start":{"line":238,"column":21},"end":{"line":237,"column":null}},"168":{"start":{"line":238,"column":15},"end":{"line":238,"column":null}},"169":{"start":{"line":239,"column":21},"end":{"line":238,"column":null}},"170":{"start":{"line":239,"column":15},"end":{"line":239,"column":null}},"171":{"start":{"line":240,"column":21},"end":{"line":239,"column":null}},"172":{"start":{"line":240,"column":15},"end":{"line":240,"column":null}},"173":{"start":{"line":235,"column":13},"end":{"line":235,"column":27}},"174":{"start":{"line":233,"column":11},"end":{"line":233,"column":null}},"175":{"start":{"line":235,"column":27},"end":{"line":235,"column":56}},"176":{"start":{"line":235,"column":13},"end":{"line":235,"column":null}},"177":{"start":{"line":232,"column":13},"end":{"line":232,"column":null}},"178":{"start":{"line":221,"column":7},"end":{"line":221,"column":null}},"179":{"start":{"line":246,"column":14},"end":{"line":221,"column":null}},"180":{"start":{"line":249,"column":14},"end":{"line":246,"column":null}},"181":{"start":{"line":251,"column":17},"end":{"line":249,"column":null}},"182":{"start":{"line":252,"column":19},"end":{"line":251,"column":25}},"183":{"start":{"line":252,"column":13},"end":{"line":252,"column":null}},"184":{"start":{"line":253,"column":19},"end":{"line":252,"column":null}},"185":{"start":{"line":253,"column":13},"end":{"line":253,"column":null}},"186":{"start":{"line":254,"column":19},"end":{"line":253,"column":null}},"187":{"start":{"line":254,"column":13},"end":{"line":254,"column":null}},"188":{"start":{"line":255,"column":19},"end":{"line":254,"column":null}},"189":{"start":{"line":255,"column":13},"end":{"line":255,"column":null}},"190":{"start":{"line":256,"column":19},"end":{"line":255,"column":null}},"191":{"start":{"line":256,"column":13},"end":{"line":256,"column":null}},"192":{"start":{"line":251,"column":11},"end":{"line":251,"column":25}},"193":{"start":{"line":249,"column":9},"end":{"line":249,"column":null}},"194":{"start":{"line":260,"column":14},"end":{"line":249,"column":null}},"195":{"start":{"line":261,"column":15},"end":{"line":260,"column":null}},"196":{"start":{"line":261,"column":11},"end":{"line":261,"column":28}},"197":{"start":{"line":262,"column":14},"end":{"line":261,"column":28}},"198":{"start":{"line":263,"column":13},"end":{"line":262,"column":null}},"199":{"start":{"line":269,"column":13},"end":{"line":263,"column":null}},"200":{"start":{"line":269,"column":13},"end":{"line":269,"column":null}},"201":{"start":{"line":278,"column":13},"end":{"line":269,"column":null}},"202":{"start":{"line":262,"column":11},"end":{"line":262,"column":null}},"203":{"start":{"line":285,"column":15},"end":{"line":262,"column":null}},"204":{"start":{"line":285,"column":11},"end":{"line":285,"column":50}},"205":{"start":{"line":260,"column":9},"end":{"line":260,"column":null}},"206":{"start":{"line":246,"column":7},"end":{"line":246,"column":null}},"207":{"start":{"line":139,"column":5},"end":{"line":139,"column":null}},"208":{"start":{"line":136,"column":3},"end":{"line":136,"column":42}},"209":{"start":{"line":160,"column":25},"end":{"line":160,"column":61}},"210":{"start":{"line":226,"column":25},"end":{"line":226,"column":54}},"211":{"start":{"line":251,"column":25},"end":{"line":251,"column":46}},"212":{"start":{"line":263,"column":13},"end":{"line":266,"column":null}},"213":{"start":{"line":266,"column":25},"end":{"line":266,"column":63}},"214":{"start":{"line":269,"column":13},"end":{"line":274,"column":null}},"215":{"start":{"line":274,"column":21},"end":{"line":274,"column":50}},"216":{"start":{"line":278,"column":13},"end":{"line":281,"column":null}},"217":{"start":{"line":281,"column":25},"end":{"line":281,"column":60}},"218":{"start":{"line":22,"column":6},"end":{"line":261,"column":null}},"219":{"start":{"line":261,"column":28},"end":{"line":261,"column":null}},"220":{"start":{"line":22,"column":6},"end":{"line":285,"column":null}},"221":{"start":{"line":285,"column":50},"end":{"line":285,"column":null}},"222":{"start":{"line":142,"column":9},"end":{"line":142,"column":null}},"223":{"start":{"line":160,"column":11},"end":{"line":160,"column":null}},"224":{"start":{"line":171,"column":9},"end":{"line":171,"column":null}},"225":{"start":{"line":226,"column":11},"end":{"line":226,"column":null}},"226":{"start":{"line":251,"column":11},"end":{"line":251,"column":null}},"227":{"start":{"line":263,"column":13},"end":{"line":265,"column":null}},"228":{"start":{"line":265,"column":30},"end":{"line":265,"column":null}},"229":{"start":{"line":269,"column":13},"end":{"line":275,"column":null}},"230":{"start":{"line":275,"column":31},"end":{"line":275,"column":null}},"231":{"start":{"line":278,"column":13},"end":{"line":280,"column":null}},"232":{"start":{"line":280,"column":30},"end":{"line":280,"column":null}},"233":{"start":{"line":136,"column":3},"end":{"line":136,"column":62}},"234":{"start":{"line":136,"column":3},"end":{"line":136,"column":null}},"235":{"start":{"line":136,"column":63},"end":{"line":136,"column":null}},"236":{"start":{"line":133,"column":5},"end":{"line":133,"column":null}},"237":{"start":{"line":133,"column":11},"end":{"line":133,"column":null}}},"fnMap":{"0":{"name":"Settings","decl":{"start":{"line":1,"column":0},"end":{"line":1,"column":null}},"loc":{"start":{"line":1,"column":0},"end":{"line":133,"column":null}},"line":1},"1":{"name":"(anonymous_1)","decl":{"start":{"line":28,"column":24},"end":{"line":28,"column":26}},"loc":{"start":{"line":28,"column":27},"end":{"line":28,"column":null}},"line":28},"2":{"name":"(anonymous_2)","decl":{"start":{"line":29,"column":27},"end":{"line":29,"column":29}},"loc":{"start":{"line":29,"column":30},"end":{"line":29,"column":null}},"line":29},"3":{"name":"(anonymous_3)","decl":{"start":{"line":30,"column":27},"end":{"line":30,"column":29}},"loc":{"start":{"line":30,"column":30},"end":{"line":30,"column":null}},"line":30},"4":{"name":"(anonymous_4)","decl":{"start":{"line":31,"column":20},"end":{"line":31,"column":22}},"loc":{"start":{"line":31,"column":23},"end":{"line":31,"column":null}},"line":31},"5":{"name":"(anonymous_5)","decl":{"start":{"line":32,"column":25},"end":{"line":32,"column":27}},"loc":{"start":{"line":32,"column":28},"end":{"line":32,"column":null}},"line":32},"6":{"name":"(anonymous_6)","decl":{"start":{"line":34,"column":9},"end":{"line":34,"column":22}},"loc":{"start":{"line":34,"column":22},"end":{"line":45,"column":3}},"line":34},"7":{"name":"(anonymous_7)","decl":{"start":{"line":40,"column":44},"end":{"line":40,"column":45}},"loc":{"start":{"line":40,"column":46},"end":{"line":40,"column":null}},"line":40},"8":{"name":"refreshDevices","decl":{"start":{"line":47,"column":17},"end":{"line":47,"column":31}},"loc":{"start":{"line":47,"column":34},"end":{"line":55,"column":null}},"line":47},"9":{"name":"refreshModels","decl":{"start":{"line":57,"column":17},"end":{"line":57,"column":30}},"loc":{"start":{"line":57,"column":62},"end":{"line":68,"column":null}},"line":57},"10":{"name":"loadModel","decl":{"start":{"line":70,"column":17},"end":{"line":70,"column":26}},"loc":{"start":{"line":70,"column":46},"end":{"line":85,"column":null}},"line":70},"11":{"name":"handleDeviceChange","decl":{"start":{"line":87,"column":11},"end":{"line":87,"column":29}},"loc":{"start":{"line":87,"column":40},"end":{"line":91,"column":null}},"line":87},"12":{"name":"handleModeChange","decl":{"start":{"line":93,"column":11},"end":{"line":93,"column":27}},"loc":{"start":{"line":93,"column":38},"end":{"line":97,"column":null}},"line":93},"13":{"name":"handleHotkeyChange","decl":{"start":{"line":99,"column":11},"end":{"line":99,"column":29}},"loc":{"start":{"line":99,"column":40},"end":{"line":103,"column":null}},"line":99},"14":{"name":"handleThemeChange","decl":{"start":{"line":105,"column":11},"end":{"line":105,"column":28}},"loc":{"start":{"line":105,"column":39},"end":{"line":110,"column":null}},"line":105},"15":{"name":"handleFontSizeChange","decl":{"start":{"line":112,"column":11},"end":{"line":112,"column":31}},"loc":{"start":{"line":112,"column":46},"end":{"line":115,"column":null}},"line":112},"16":{"name":"applyTheme","decl":{"start":{"line":117,"column":11},"end":{"line":117,"column":21}},"loc":{"start":{"line":117,"column":42},"end":{"line":126,"column":null}},"line":117},"17":{"name":"close","decl":{"start":{"line":128,"column":11},"end":{"line":128,"column":16}},"loc":{"start":{"line":128,"column":19},"end":{"line":130,"column":null}},"line":128},"18":{"name":"(anonymous_18)","decl":{"start":{"line":152,"column":36},"end":{"line":152,"column":41}},"loc":{"start":{"line":152,"column":36},"end":{"line":152,"column":null}},"line":152},"19":{"name":"(anonymous_19)","decl":{"start":{"line":162,"column":19},"end":{"line":162,"column":26}},"loc":{"start":{"line":162,"column":19},"end":{"line":163,"column":29}},"line":162},"20":{"name":"(anonymous_20)","decl":{"start":{"line":162,"column":26},"end":{"line":162,"column":30}},"loc":{"start":{"line":162,"column":36},"end":{"line":163,"column":29}},"line":162},"21":{"name":"(anonymous_21)","decl":{"start":{"line":162,"column":36},"end":{"line":162,"column":null}},"loc":{"start":{"line":162,"column":36},"end":{"line":164,"column":28}},"line":162},"22":{"name":"(anonymous_22)","decl":{"start":{"line":165,"column":17},"end":{"line":165,"column":23}},"loc":{"start":{"line":165,"column":17},"end":{"line":165,"column":53}},"line":165},"23":{"name":"(anonymous_23)","decl":{"start":{"line":191,"column":19},"end":{"line":191,"column":28}},"loc":{"start":{"line":191,"column":19},"end":{"line":192,"column":null}},"line":191},"24":{"name":"(anonymous_24)","decl":{"start":{"line":191,"column":28},"end":{"line":191,"column":32}},"loc":{"start":{"line":191,"column":37},"end":{"line":192,"column":null}},"line":191},"25":{"name":"(anonymous_25)","decl":{"start":{"line":191,"column":37},"end":{"line":191,"column":null}},"loc":{"start":{"line":191,"column":37},"end":{"line":193,"column":33}},"line":191},"26":{"name":"(anonymous_26)","decl":{"start":{"line":197,"column":28},"end":{"line":197,"column":35}},"loc":{"start":{"line":197,"column":28},"end":{"line":197,"column":null}},"line":197},"27":{"name":"(anonymous_27)","decl":{"start":{"line":199,"column":19},"end":{"line":199,"column":34}},"loc":{"start":{"line":199,"column":19},"end":{"line":199,"column":83}},"line":199},"28":{"name":"(anonymous_28)","decl":{"start":{"line":195,"column":17},"end":{"line":195,"column":null}},"loc":{"start":{"line":196,"column":34},"end":{"line":196,"column":null}},"line":196},"29":{"name":"(anonymous_29)","decl":{"start":{"line":188,"column":13},"end":{"line":188,"column":22}},"loc":{"start":{"line":188,"column":13},"end":{"line":188,"column":33}},"line":188},"30":{"name":"(anonymous_30)","decl":{"start":{"line":212,"column":17},"end":{"line":212,"column":23}},"loc":{"start":{"line":212,"column":17},"end":{"line":213,"column":null}},"line":212},"31":{"name":"(anonymous_31)","decl":{"start":{"line":212,"column":23},"end":{"line":212,"column":27}},"loc":{"start":{"line":212,"column":32},"end":{"line":213,"column":null}},"line":212},"32":{"name":"(anonymous_32)","decl":{"start":{"line":212,"column":32},"end":{"line":212,"column":null}},"loc":{"start":{"line":212,"column":32},"end":{"line":214,"column":31}},"line":212},"33":{"name":"(anonymous_33)","decl":{"start":{"line":235,"column":27},"end":{"line":235,"column":42}},"loc":{"start":{"line":235,"column":27},"end":{"line":235,"column":56}},"line":235},"34":{"name":"(anonymous_34)","decl":{"start":{"line":232,"column":13},"end":{"line":232,"column":28}},"loc":{"start":{"line":232,"column":13},"end":{"line":232,"column":null}},"line":232},"35":{"name":"(anonymous_35)","decl":{"start":{"line":160,"column":25},"end":{"line":160,"column":40}},"loc":{"start":{"line":160,"column":25},"end":{"line":160,"column":61}},"line":160},"36":{"name":"(anonymous_36)","decl":{"start":{"line":226,"column":25},"end":{"line":226,"column":40}},"loc":{"start":{"line":226,"column":25},"end":{"line":226,"column":54}},"line":226},"37":{"name":"(anonymous_37)","decl":{"start":{"line":251,"column":25},"end":{"line":251,"column":40}},"loc":{"start":{"line":251,"column":25},"end":{"line":251,"column":46}},"line":251},"38":{"name":"(anonymous_38)","decl":{"start":{"line":266,"column":25},"end":{"line":266,"column":40}},"loc":{"start":{"line":266,"column":25},"end":{"line":266,"column":63}},"line":266},"39":{"name":"(anonymous_39)","decl":{"start":{"line":274,"column":21},"end":{"line":274,"column":36}},"loc":{"start":{"line":274,"column":21},"end":{"line":274,"column":50}},"line":274},"40":{"name":"(anonymous_40)","decl":{"start":{"line":281,"column":25},"end":{"line":281,"column":40}},"loc":{"start":{"line":281,"column":25},"end":{"line":281,"column":60}},"line":281},"41":{"name":"(anonymous_41)","decl":{"start":{"line":261,"column":28},"end":{"line":261,"column":32}},"loc":{"start":{"line":261,"column":28},"end":{"line":261,"column":null}},"line":261},"42":{"name":"(anonymous_42)","decl":{"start":{"line":285,"column":50},"end":{"line":285,"column":54}},"loc":{"start":{"line":285,"column":50},"end":{"line":285,"column":null}},"line":285},"43":{"name":"(anonymous_43)","decl":{"start":{"line":263,"column":13},"end":{"line":263,"column":null}},"loc":{"start":{"line":265,"column":30},"end":{"line":265,"column":null}},"line":265},"44":{"name":"(anonymous_44)","decl":{"start":{"line":269,"column":13},"end":{"line":269,"column":null}},"loc":{"start":{"line":275,"column":31},"end":{"line":275,"column":null}},"line":275},"45":{"name":"(anonymous_45)","decl":{"start":{"line":278,"column":13},"end":{"line":278,"column":null}},"loc":{"start":{"line":280,"column":30},"end":{"line":280,"column":null}},"line":280},"46":{"name":"(anonymous_46)","decl":{"start":{"line":139,"column":8},"end":{"line":139,"column":null}},"loc":{"start":{"line":139,"column":8},"end":{"line":139,"column":null}},"line":139},"47":{"name":"(anonymous_47)","decl":{"start":{"line":136,"column":6},"end":{"line":136,"column":42}},"loc":{"start":{"line":136,"column":63},"end":{"line":136,"column":null}},"line":136}},"branchMap":{"0":{"loc":{"start":{"line":39,"column":8},"end":{"line":44,"column":null}},"type":"if","locations":[{"start":{"line":39,"column":8},"end":{"line":44,"column":null}},{"start":{},"end":{}}],"line":39},"1":{"loc":{"start":{"line":39,"column":8},"end":{"line":39,"column":54}},"type":"binary-expr","locations":[{"start":{"line":39,"column":8},"end":{"line":39,"column":37}},{"start":{"line":39,"column":41},"end":{"line":39,"column":54}}],"line":39},"2":{"loc":{"start":{"line":41,"column":10},"end":{"line":43,"column":null}},"type":"if","locations":[{"start":{"line":41,"column":10},"end":{"line":43,"column":null}},{"start":{},"end":{}}],"line":41},"3":{"loc":{"start":{"line":89,"column":37},"end":{"line":89,"column":57}},"type":"binary-expr","locations":[{"start":{"line":89,"column":37},"end":{"line":89,"column":49}},{"start":{"line":89,"column":53},"end":{"line":89,"column":57}}],"line":89},"4":{"loc":{"start":{"line":118,"column":15},"end":{"line":118,"column":null}},"type":"if","locations":[{"start":{"line":118,"column":15},"end":{"line":118,"column":null}},{"start":{},"end":{}}],"line":118},"5":{"loc":{"start":{"line":121,"column":8},"end":{"line":125,"column":null}},"type":"if","locations":[{"start":{"line":121,"column":8},"end":{"line":125,"column":null}},{"start":{"line":123,"column":11},"end":{"line":125,"column":null}}],"line":121},"6":{"loc":{"start":{"line":151,"column":11},"end":{"line":151,"column":null}},"type":"if","locations":[{"start":{"line":151,"column":11},"end":{"line":151,"column":null}},{"start":{},"end":{}}],"line":151},"7":{"loc":{"start":{"line":162,"column":30},"end":{"line":164,"column":null}},"type":"binary-expr","locations":[{"start":{"line":162,"column":30},"end":{"line":164,"column":null}},{"start":{"line":164,"column":28},"end":{"line":164,"column":null}}],"line":162},"8":{"loc":{"start":{"line":165,"column":17},"end":{"line":165,"column":53}},"type":"cond-expr","locations":[{"start":{"line":165,"column":37},"end":{"line":165,"column":48}},{"start":{"line":165,"column":51},"end":{"line":165,"column":53}}],"line":165},"9":{"loc":{"start":{"line":162,"column":30},"end":{"line":163,"column":null}},"type":"if","locations":[{"start":{"line":162,"column":30},"end":{"line":163,"column":null}},{"start":{},"end":{}}],"line":162},"10":{"loc":{"start":{"line":163,"column":21},"end":{"line":163,"column":null}},"type":"binary-expr","locations":[{"start":{"line":163,"column":15},"end":{"line":163,"column":null}},{"start":{"line":163,"column":40},"end":{"line":163,"column":null}}],"line":163},"11":{"loc":{"start":{"line":181,"column":20},"end":{"line":181,"column":null}},"type":"if","locations":[{"start":{"line":181,"column":20},"end":{"line":181,"column":null}},{"start":{"line":181,"column":31},"end":{"line":181,"column":null}}],"line":181},"12":{"loc":{"start":{"line":179,"column":15},"end":{"line":179,"column":null}},"type":"if","locations":[{"start":{"line":179,"column":15},"end":{"line":179,"column":null}},{"start":{"line":179,"column":22},"end":{"line":179,"column":null}}],"line":179},"13":{"loc":{"start":{"line":197,"column":28},"end":{"line":197,"column":null}},"type":"binary-expr","locations":[{"start":{"line":197,"column":28},"end":{"line":197,"column":39}},{"start":{"line":197,"column":35},"end":{"line":197,"column":null}}],"line":197},"14":{"loc":{"start":{"line":199,"column":19},"end":{"line":199,"column":83}},"type":"cond-expr","locations":[{"start":{"line":199,"column":66},"end":{"line":199,"column":74}},{"start":{"line":199,"column":77},"end":{"line":199,"column":83}}],"line":199},"15":{"loc":{"start":{"line":212,"column":27},"end":{"line":215,"column":null}},"type":"binary-expr","locations":[{"start":{"line":212,"column":27},"end":{"line":215,"column":null}},{"start":{"line":215,"column":53},"end":{"line":215,"column":null}}],"line":212},"16":{"loc":{"start":{"line":235,"column":19},"end":{"line":235,"column":69}},"type":"binary-expr","locations":[{"start":{"line":235,"column":13},"end":{"line":235,"column":69}}],"line":235},"17":{"loc":{"start":{"line":160,"column":25},"end":{"line":160,"column":61}},"type":"binary-expr","locations":[{"start":{"line":160,"column":25},"end":{"line":160,"column":55}},{"start":{"line":160,"column":59},"end":{"line":160,"column":61}}],"line":160},"18":{"loc":{"start":{"line":160,"column":17},"end":{"line":160,"column":74}},"type":"binary-expr","locations":[{"start":{"line":160,"column":11},"end":{"line":160,"column":74}}],"line":160},"19":{"loc":{"start":{"line":226,"column":17},"end":{"line":226,"column":67}},"type":"binary-expr","locations":[{"start":{"line":226,"column":11},"end":{"line":226,"column":67}}],"line":226},"20":{"loc":{"start":{"line":251,"column":17},"end":{"line":251,"column":59}},"type":"binary-expr","locations":[{"start":{"line":251,"column":11},"end":{"line":251,"column":59}}],"line":251},"21":{"loc":{"start":{"line":266,"column":25},"end":{"line":266,"column":54}},"type":"binary-expr","locations":[{"start":{"line":266,"column":25},"end":{"line":266,"column":49}},{"start":{"line":266,"column":53},"end":{"line":266,"column":54}}],"line":266},"22":{"loc":{"start":{"line":274,"column":21},"end":{"line":274,"column":50}},"type":"binary-expr","locations":[{"start":{"line":274,"column":21},"end":{"line":274,"column":45}},{"start":{"line":274,"column":49},"end":{"line":274,"column":50}}],"line":274},"23":{"loc":{"start":{"line":281,"column":25},"end":{"line":281,"column":54}},"type":"binary-expr","locations":[{"start":{"line":281,"column":25},"end":{"line":281,"column":49}},{"start":{"line":281,"column":53},"end":{"line":281,"column":54}}],"line":281},"24":{"loc":{"start":{"line":261,"column":38},"end":{"line":261,"column":69}},"type":"binary-expr","locations":[{"start":{"line":261,"column":38},"end":{"line":261,"column":64}},{"start":{"line":261,"column":68},"end":{"line":261,"column":69}}],"line":261},"25":{"loc":{"start":{"line":285,"column":63},"end":{"line":285,"column":96}},"type":"binary-expr","locations":[{"start":{"line":285,"column":63},"end":{"line":285,"column":91}},{"start":{"line":285,"column":95},"end":{"line":285,"column":96}}],"line":285},"26":{"loc":{"start":{"line":265,"column":64},"end":{"line":265,"column":96}},"type":"binary-expr","locations":[{"start":{"line":265,"column":64},"end":{"line":265,"column":91}},{"start":{"line":265,"column":95},"end":{"line":265,"column":96}}],"line":265},"27":{"loc":{"start":{"line":280,"column":61},"end":{"line":280,"column":93}},"type":"binary-expr","locations":[{"start":{"line":280,"column":61},"end":{"line":280,"column":88}},{"start":{"line":280,"column":92},"end":{"line":280,"column":93}}],"line":280},"28":{"loc":{"start":{"line":136,"column":63},"end":{"line":136,"column":null}},"type":"binary-expr","locations":[{"start":{"line":136,"column":63},"end":{"line":136,"column":90}},{"start":{"line":136,"column":90},"end":{"line":136,"column":null}}],"line":136},"29":{"loc":{"start":{"line":133,"column":5},"end":{"line":133,"column":null}},"type":"if","locations":[{"start":{"line":133,"column":5},"end":{"line":133,"column":null}},{"start":{},"end":{}}],"line":133}},"s":{"0":13,"1":13,"2":13,"3":13,"4":13,"5":13,"6":13,"7":13,"8":13,"9":159,"10":13,"11":159,"12":13,"13":159,"14":13,"15":126,"16":13,"17":32,"18":13,"19":13,"20":13,"21":13,"22":0,"23":0,"24":0,"25":0,"26":13,"27":13,"28":13,"29":0,"30":0,"31":13,"32":13,"33":13,"34":13,"35":13,"36":13,"37":0,"38":0,"39":0,"40":0,"41":0,"42":0,"43":0,"44":0,"45":0,"46":0,"47":0,"48":0,"49":0,"50":0,"51":0,"52":1,"53":1,"54":1,"55":0,"56":0,"57":0,"58":1,"59":1,"60":1,"61":1,"62":0,"63":0,"64":1,"65":0,"66":1,"67":1,"68":0,"69":1,"70":0,"71":12,"72":12,"73":12,"74":12,"75":12,"76":0,"77":0,"78":0,"79":12,"80":0,"81":12,"82":12,"83":12,"84":12,"85":12,"86":12,"87":24,"88":24,"89":24,"90":28,"91":28,"92":28,"93":28,"94":24,"95":24,"96":12,"97":12,"98":12,"99":12,"100":12,"101":12,"102":12,"103":0,"104":0,"105":1,"106":1,"107":11,"108":11,"109":12,"110":11,"111":12,"112":12,"113":0,"114":0,"115":0,"116":0,"117":0,"118":0,"119":0,"120":0,"121":0,"122":0,"123":0,"124":0,"125":0,"126":0,"127":0,"128":0,"129":0,"130":0,"131":0,"132":0,"133":0,"134":12,"135":12,"136":24,"137":12,"138":12,"139":12,"140":24,"141":12,"142":12,"143":12,"144":12,"145":12,"146":12,"147":14,"148":14,"149":14,"150":14,"151":12,"152":12,"153":12,"154":12,"155":12,"156":12,"157":12,"158":12,"159":12,"160":12,"161":2,"162":2,"163":2,"164":2,"165":2,"166":2,"167":2,"168":2,"169":2,"170":2,"171":2,"172":2,"173":2,"174":2,"175":2,"176":2,"177":14,"178":12,"179":12,"180":12,"181":12,"182":12,"183":12,"184":12,"185":12,"186":12,"187":12,"188":12,"189":12,"190":12,"191":12,"192":12,"193":12,"194":12,"195":12,"196":12,"197":12,"198":12,"199":12,"200":12,"201":12,"202":12,"203":12,"204":12,"205":12,"206":12,"207":12,"208":12,"209":12,"210":13,"211":13,"212":14,"213":14,"214":14,"215":14,"216":14,"217":14,"218":14,"219":14,"220":14,"221":14,"222":12,"223":12,"224":12,"225":12,"226":12,"227":12,"228":0,"229":12,"230":0,"231":12,"232":0,"233":12,"234":12,"235":0,"236":13,"237":12},"f":{"0":13,"1":159,"2":159,"3":159,"4":126,"5":32,"6":13,"7":0,"8":13,"9":13,"10":0,"11":0,"12":1,"13":0,"14":1,"15":0,"16":1,"17":0,"18":0,"19":36,"20":24,"21":80,"22":28,"23":0,"24":0,"25":0,"26":0,"27":0,"28":0,"29":24,"30":36,"31":12,"32":28,"33":6,"34":14,"35":38,"36":40,"37":40,"38":14,"39":14,"40":14,"41":14,"42":14,"43":0,"44":0,"45":0,"46":0,"47":0},"b":{"0":[0,13],"1":[13,0],"2":[0,0],"3":[0,0],"4":[0,1],"5":[0,1],"6":[0,12],"7":[28,0],"8":[14,14],"9":[24,4],"10":[24,0],"11":[1,11],"12":[0,12],"13":[0,0],"14":[0,0],"15":[14,0],"16":[2,null],"17":[38,38],"18":[12,null],"19":[13,null],"20":[13,null],"21":[14,0],"22":[14,0],"23":[14,0],"24":[14,0],"25":[14,0],"26":[0,0],"27":[0,0],"28":[0,0],"29":[12,1]},"meta":{"lastBranch":30,"lastFunction":48,"lastStatement":238,"seen":{"f:1:0:1:Infinity":0,"s:17:19:17:Infinity":0,"s:19:28:19:Infinity":1,"s:20:25:20:Infinity":2,"s:21:28:21:Infinity":3,"s:22:34:22:Infinity":4,"s:23:17:23:Infinity":5,"s:24:13:24:Infinity":6,"s:25:11:25:Infinity":7,"s:28:2:28:Infinity":8,"f:28:24:28:26":1,"s:28:27:28:Infinity":9,"s:29:2:29:Infinity":10,"f:29:27:29:29":2,"s:29:30:29:Infinity":11,"s:30:2:30:Infinity":12,"f:30:27:30:29":3,"s:30:30:30:Infinity":13,"s:31:2:31:Infinity":14,"f:31:20:31:22":4,"s:31:23:31:Infinity":15,"s:32:2:32:Infinity":16,"f:32:25:32:27":5,"s:32:28:32:Infinity":17,"s:34:2:45:Infinity":18,"f:34:9:34:22":6,"s:35:10:35:Infinity":19,"s:36:23:36:Infinity":20,"b:39:8:44:Infinity:undefined:undefined:undefined:undefined":0,"s:39:8:44:Infinity":21,"b:39:8:39:37:39:41:39:54":1,"s:40:26:40:Infinity":22,"f:40:44:40:45":7,"s:40:46:40:Infinity":23,"b:41:10:43:Infinity:undefined:undefined:undefined:undefined":2,"s:41:10:43:Infinity":24,"s:42:14:42:Infinity":25,"f:47:17:47:31":8,"s:48:8:54:Infinity":26,"s:49:18:49:Infinity":27,"s:50:6:50:Infinity":28,"s:52:6:52:Infinity":29,"s:53:6:53:Infinity":30,"f:57:17:57:30":9,"s:58:8:67:Infinity":31,"s:59:21:59:Infinity":32,"s:60:25:60:Infinity":33,"s:61:6:61:Infinity":34,"s:62:6:62:Infinity":35,"s:63:13:63:Infinity":36,"s:65:6:65:Infinity":37,"s:66:13:66:Infinity":38,"f:70:17:70:26":10,"s:71:4:71:Infinity":39,"s:72:4:72:Infinity":40,"s:74:8:84:Infinity":41,"s:75:12:75:Infinity":42,"s:76:6:76:Infinity":43,"s:77:6:77:Infinity":44,"s:78:6:78:Infinity":45,"s:80:6:80:Infinity":46,"s:81:6:81:Infinity":47,"s:83:6:83:Infinity":48,"f:87:11:87:29":11,"s:88:19:88:27":49,"s:89:4:89:Infinity":50,"b:89:37:89:49:89:53:89:57":3,"s:90:4:90:Infinity":51,"f:93:11:93:27":12,"s:94:19:94:27":52,"s:95:4:95:Infinity":53,"s:96:4:96:Infinity":54,"f:99:11:99:29":13,"s:100:19:100:27":55,"s:101:4:101:Infinity":56,"s:102:4:102:Infinity":57,"f:105:11:105:28":14,"s:106:19:106:27":58,"s:107:4:107:Infinity":59,"s:108:4:108:Infinity":60,"s:109:4:109:Infinity":61,"f:112:11:112:31":15,"s:113:4:113:Infinity":62,"s:114:4:114:Infinity":63,"f:117:11:117:21":16,"b:118:15:118:Infinity:undefined:undefined:undefined:undefined":4,"s:118:15:118:Infinity":64,"s:118:37:118:Infinity":65,"s:120:17:120:41":66,"b:121:8:125:Infinity:123:11:125:Infinity":5,"s:121:8:125:Infinity":67,"s:122:6:122:Infinity":68,"s:124:6:124:Infinity":69,"f:128:11:128:16":17,"s:129:4:129:Infinity":70,"s:136:6:136:42":71,"s:139:8:136:42":72,"s:140:13:139:Infinity":73,"s:142:15:140:Infinity":74,"s:140:7:140:Infinity":75,"s:152:12:152:36":76,"s:152:9:152:36":77,"s:152:36:152:Infinity":78,"f:152:36:152:41":18,"b:151:11:151:Infinity:undefined:undefined:undefined:undefined":6,"s:151:11:151:Infinity":79,"s:151:16:151:Infinity":80,"s:155:14:155:Infinity":81,"s:158:14:155:Infinity":82,"s:160:17:158:Infinity":83,"s:161:19:160:25":84,"s:161:13:161:Infinity":85,"f:162:19:162:26":19,"s:162:19:163:29":86,"s:162:19:162:30":87,"f:162:26:162:30":20,"s:163:21:163:29":88,"s:163:15:163:29":89,"s:162:30:165:Infinity":90,"b:162:30:164:Infinity:164:28:164:Infinity":7,"f:162:36:162:Infinity":21,"s:162:36:164:28":91,"f:165:17:165:23":22,"s:165:17:165:53":92,"b:165:37:165:48:165:51:165:53":8,"b:162:30:163:Infinity:undefined:undefined:undefined:undefined":9,"s:162:30:163:Infinity":93,"s:162:36:163:40":94,"s:163:15:163:Infinity":95,"b:163:15:163:Infinity:163:40:163:Infinity":10,"s:160:11:160:25":96,"s:158:9:158:Infinity":97,"s:171:15:158:Infinity":98,"s:155:7:155:Infinity":99,"s:174:14:155:Infinity":100,"s:177:12:174:Infinity":101,"s:177:9:177:Infinity":102,"s:180:17:180:Infinity":103,"s:180:13:180:Infinity":104,"s:182:17:182:Infinity":105,"s:182:13:182:Infinity":106,"s:184:17:184:Infinity":107,"s:184:13:184:Infinity":108,"b:181:20:181:Infinity:181:31:181:Infinity":11,"s:181:20:181:Infinity":109,"s:181:31:181:Infinity":110,"b:179:15:179:Infinity:179:22:179:Infinity":12,"s:179:15:179:Infinity":111,"s:179:22:179:Infinity":112,"s:189:14:189:Infinity":113,"s:189:11:189:Infinity":114,"f:191:19:191:28":23,"s:191:19:192:Infinity":115,"s:191:19:191:32":116,"f:191:28:191:32":24,"s:192:18:192:Infinity":117,"s:193:21:192:Infinity":118,"s:193:17:193:23":119,"s:194:21:193:23":120,"s:194:17:194:42":121,"s:195:17:194:42":122,"s:195:17:195:Infinity":123,"s:192:15:192:Infinity":124,"s:191:32:193:Infinity":125,"f:191:37:191:Infinity":25,"s:191:37:193:33":126,"s:191:32:194:Infinity":127,"s:191:37:194:56":128,"s:195:17:197:Infinity":129,"f:197:28:197:35":26,"s:197:28:197:Infinity":130,"b:197:28:197:39:197:35:197:Infinity":13,"f:199:19:199:34":27,"s:199:19:199:83":131,"b:199:66:199:74:199:77:199:83":14,"s:195:17:196:Infinity":132,"f:195:17:195:Infinity":28,"s:196:34:196:Infinity":133,"s:205:12:205:Infinity":134,"s:205:11:205:Infinity":135,"f:188:13:188:22":29,"s:188:13:188:33":136,"s:210:12:210:Infinity":137,"s:210:9:210:Infinity":138,"f:212:17:212:23":30,"s:212:17:213:Infinity":139,"s:212:17:212:27":140,"f:212:23:212:27":31,"s:213:16:213:Infinity":141,"s:214:19:213:Infinity":142,"s:214:15:214:21":143,"s:215:19:214:21":144,"s:215:15:215:40":145,"s:213:13:213:Infinity":146,"s:212:27:214:Infinity":147,"f:212:32:212:Infinity":32,"s:212:32:214:31":148,"s:212:27:215:Infinity":149,"b:212:27:215:Infinity:215:53:215:Infinity":15,"s:212:32:215:53":150,"s:174:7:174:Infinity":151,"s:221:14:174:Infinity":152,"s:224:14:221:Infinity":153,"s:226:17:224:Infinity":154,"s:227:19:226:25":155,"s:227:13:227:Infinity":156,"s:228:19:227:Infinity":157,"s:228:13:228:Infinity":158,"s:226:11:226:25":159,"s:224:9:224:Infinity":160,"s:233:16:233:Infinity":161,"s:235:19:233:Infinity":162,"s:236:21:235:27":163,"s:236:15:236:Infinity":164,"s:237:21:236:Infinity":165,"s:237:15:237:Infinity":166,"s:238:21:237:Infinity":167,"s:238:15:238:Infinity":168,"s:239:21:238:Infinity":169,"s:239:15:239:Infinity":170,"s:240:21:239:Infinity":171,"s:240:15:240:Infinity":172,"s:235:13:235:27":173,"s:233:11:233:Infinity":174,"f:235:27:235:42":33,"s:235:27:235:56":175,"b:235:13:235:69":16,"s:235:13:235:Infinity":176,"f:232:13:232:28":34,"s:232:13:232:Infinity":177,"s:221:7:221:Infinity":178,"s:246:14:221:Infinity":179,"s:249:14:246:Infinity":180,"s:251:17:249:Infinity":181,"s:252:19:251:25":182,"s:252:13:252:Infinity":183,"s:253:19:252:Infinity":184,"s:253:13:253:Infinity":185,"s:254:19:253:Infinity":186,"s:254:13:254:Infinity":187,"s:255:19:254:Infinity":188,"s:255:13:255:Infinity":189,"s:256:19:255:Infinity":190,"s:256:13:256:Infinity":191,"s:251:11:251:25":192,"s:249:9:249:Infinity":193,"s:260:14:249:Infinity":194,"s:261:15:260:Infinity":195,"s:261:11:261:28":196,"s:262:14:261:28":197,"s:263:13:262:Infinity":198,"s:269:13:263:Infinity":199,"s:269:13:269:Infinity":200,"s:278:13:269:Infinity":201,"s:262:11:262:Infinity":202,"s:285:15:262:Infinity":203,"s:285:11:285:50":204,"s:260:9:260:Infinity":205,"s:246:7:246:Infinity":206,"s:139:5:139:Infinity":207,"s:136:3:136:42":208,"f:160:25:160:40":35,"s:160:25:160:61":209,"b:160:25:160:55:160:59:160:61":17,"b:160:11:160:74":18,"f:226:25:226:40":36,"s:226:25:226:54":210,"b:226:11:226:67":19,"f:251:25:251:40":37,"s:251:25:251:46":211,"b:251:11:251:59":20,"s:263:13:266:Infinity":212,"f:266:25:266:40":38,"s:266:25:266:63":213,"b:266:25:266:49:266:53:266:54":21,"s:269:13:274:Infinity":214,"f:274:21:274:36":39,"s:274:21:274:50":215,"b:274:21:274:45:274:49:274:50":22,"s:278:13:281:Infinity":216,"f:281:25:281:40":40,"s:281:25:281:60":217,"b:281:25:281:49:281:53:281:54":23,"s:22:6:261:Infinity":218,"f:261:28:261:32":41,"s:261:28:261:Infinity":219,"b:261:38:261:64:261:68:261:69":24,"s:22:6:285:Infinity":220,"f:285:50:285:54":42,"s:285:50:285:Infinity":221,"b:285:63:285:91:285:95:285:96":25,"s:142:9:142:Infinity":222,"s:160:11:160:Infinity":223,"s:171:9:171:Infinity":224,"s:226:11:226:Infinity":225,"s:251:11:251:Infinity":226,"s:263:13:265:Infinity":227,"f:263:13:263:Infinity":43,"s:265:30:265:Infinity":228,"b:265:64:265:91:265:95:265:96":26,"s:269:13:275:Infinity":229,"f:269:13:269:Infinity":44,"s:275:31:275:Infinity":230,"s:278:13:280:Infinity":231,"f:278:13:278:Infinity":45,"s:280:30:280:Infinity":232,"b:280:61:280:88:280:92:280:93":27,"f:139:8:139:Infinity":46,"s:136:3:136:62":233,"s:136:3:136:Infinity":234,"f:136:6:136:42":47,"s:136:63:136:Infinity":235,"b:136:63:136:90:136:90:136:Infinity":28,"b:133:5:133:Infinity:undefined:undefined:undefined:undefined":29,"s:133:5:133:Infinity":236,"s:133:11:133:Infinity":237}}}
,"D:\\dev\\icanhastool\\src\\lib\\Terminal.svelte": {"path":"D:\\dev\\icanhastool\\src\\lib\\Terminal.svelte","statementMap":{"0":{"start":{"line":10,"column":39},"end":{"line":10,"column":null}},"1":{"start":{"line":11,"column":31},"end":{"line":11,"column":null}},"2":{"start":{"line":12,"column":31},"end":{"line":12,"column":null}},"3":{"start":{"line":13,"column":36},"end":{"line":13,"column":40}},"4":{"start":{"line":14,"column":46},"end":{"line":14,"column":50}},"5":{"start":{"line":17,"column":43},"end":{"line":17,"column":null}},"6":{"start":{"line":18,"column":29},"end":{"line":18,"column":null}},"7":{"start":{"line":30,"column":2},"end":{"line":86,"column":null}},"8":{"start":{"line":31,"column":4},"end":{"line":43,"column":null}},"9":{"start":{"line":46,"column":4},"end":{"line":46,"column":null}},"10":{"start":{"line":47,"column":4},"end":{"line":47,"column":null}},"11":{"start":{"line":49,"column":4},"end":{"line":49,"column":null}},"12":{"start":{"line":50,"column":4},"end":{"line":50,"column":null}},"13":{"start":{"line":53,"column":4},"end":{"line":57,"column":null}},"14":{"start":{"line":54,"column":6},"end":{"line":56,"column":null}},"15":{"start":{"line":55,"column":8},"end":{"line":55,"column":null}},"16":{"start":{"line":60,"column":4},"end":{"line":65,"column":null}},"17":{"start":{"line":61,"column":10},"end":{"line":64,"column":null}},"18":{"start":{"line":62,"column":8},"end":{"line":62,"column":null}},"19":{"start":{"line":63,"column":8},"end":{"line":63,"column":null}},"20":{"start":{"line":68,"column":4},"end":{"line":78,"column":null}},"21":{"start":{"line":69,"column":10},"end":{"line":77,"column":null}},"22":{"start":{"line":70,"column":8},"end":{"line":70,"column":null}},"23":{"start":{"line":71,"column":18},"end":{"line":71,"column":null}},"24":{"start":{"line":72,"column":12},"end":{"line":76,"column":null}},"25":{"start":{"line":73,"column":10},"end":{"line":75,"column":null}},"26":{"start":{"line":79,"column":4},"end":{"line":79,"column":null}},"27":{"start":{"line":82,"column":10},"end":{"line":82,"column":null}},"28":{"start":{"line":85,"column":4},"end":{"line":85,"column":null}},"29":{"start":{"line":88,"column":2},"end":{"line":93,"column":null}},"30":{"start":{"line":89,"column":8},"end":{"line":89,"column":null}},"31":{"start":{"line":89,"column":18},"end":{"line":89,"column":null}},"32":{"start":{"line":90,"column":8},"end":{"line":90,"column":null}},"33":{"start":{"line":90,"column":24},"end":{"line":90,"column":null}},"34":{"start":{"line":91,"column":8},"end":{"line":91,"column":null}},"35":{"start":{"line":91,"column":16},"end":{"line":91,"column":null}},"36":{"start":{"line":92,"column":4},"end":{"line":92,"column":null}},"37":{"start":{"line":96,"column":8},"end":{"line":110,"column":null}},"38":{"start":{"line":97,"column":12},"end":{"line":97,"column":null}},"39":{"start":{"line":98,"column":6},"end":{"line":98,"column":null}},"40":{"start":{"line":101,"column":10},"end":{"line":106,"column":null}},"41":{"start":{"line":102,"column":18},"end":{"line":102,"column":null}},"42":{"start":{"line":103,"column":12},"end":{"line":105,"column":null}},"43":{"start":{"line":104,"column":16},"end":{"line":104,"column":null}},"44":{"start":{"line":108,"column":6},"end":{"line":108,"column":null}},"45":{"start":{"line":109,"column":6},"end":{"line":109,"column":null}},"46":{"start":{"line":114,"column":8},"end":{"line":119,"column":null}},"47":{"start":{"line":115,"column":12},"end":{"line":115,"column":null}},"48":{"start":{"line":116,"column":6},"end":{"line":116,"column":null}},"49":{"start":{"line":118,"column":6},"end":{"line":118,"column":null}},"50":{"start":{"line":124,"column":9},"end":{"line":124,"column":null}},"51":{"start":{"line":124,"column":18},"end":{"line":124,"column":null}},"52":{"start":{"line":126,"column":8},"end":{"line":134,"column":null}},"53":{"start":{"line":128,"column":10},"end":{"line":130,"column":null}},"54":{"start":{"line":129,"column":8},"end":{"line":129,"column":null}},"55":{"start":{"line":131,"column":12},"end":{"line":131,"column":null}},"56":{"start":{"line":133,"column":6},"end":{"line":133,"column":null}},"57":{"start":{"line":139,"column":4},"end":{"line":139,"column":null}},"58":{"start":{"line":144,"column":4},"end":{"line":144,"column":null}},"59":{"start":{"line":21,"column":5},"end":{"line":21,"column":null}},"60":{"start":{"line":24,"column":9},"end":{"line":27,"column":null}},"61":{"start":{"line":25,"column":4},"end":{"line":25,"column":null}},"62":{"start":{"line":26,"column":4},"end":{"line":26,"column":null}},"63":{"start":{"line":148,"column":4},"end":{"line":148,"column":41}},"64":{"start":{"line":148,"column":1},"end":{"line":148,"column":null}},"65":{"start":{"line":148,"column":4},"end":{"line":148,"column":null}},"66":{"start":{"line":148,"column":58},"end":{"line":148,"column":null}},"67":{"start":{"line":148,"column":1},"end":{"line":148,"column":41}}},"fnMap":{"0":{"name":"Terminal_1","decl":{"start":{"line":1,"column":0},"end":{"line":1,"column":null}},"loc":{"start":{"line":1,"column":0},"end":{"line":148,"column":41}},"line":1},"1":{"name":"(anonymous_1)","decl":{"start":{"line":30,"column":9},"end":{"line":30,"column":22}},"loc":{"start":{"line":30,"column":22},"end":{"line":86,"column":3}},"line":30},"2":{"name":"(anonymous_2)","decl":{"start":{"line":53,"column":19},"end":{"line":53,"column":21}},"loc":{"start":{"line":53,"column":30},"end":{"line":57,"column":5}},"line":53},"3":{"name":"(anonymous_3)","decl":{"start":{"line":54,"column":53},"end":{"line":54,"column":55}},"loc":{"start":{"line":54,"column":61},"end":{"line":56,"column":7}},"line":54},"4":{"name":"(anonymous_4)","decl":{"start":{"line":60,"column":80},"end":{"line":60,"column":83}},"loc":{"start":{"line":60,"column":93},"end":{"line":65,"column":5}},"line":60},"5":{"name":"(anonymous_5)","decl":{"start":{"line":68,"column":39},"end":{"line":68,"column":46}},"loc":{"start":{"line":68,"column":46},"end":{"line":78,"column":5}},"line":68},"6":{"name":"(anonymous_6)","decl":{"start":{"line":73,"column":77},"end":{"line":73,"column":84}},"loc":{"start":{"line":73,"column":84},"end":{"line":75,"column":11}},"line":73},"7":{"name":"(anonymous_7)","decl":{"start":{"line":88,"column":11},"end":{"line":88,"column":18}},"loc":{"start":{"line":88,"column":18},"end":{"line":93,"column":3}},"line":88},"8":{"name":"startClaude","decl":{"start":{"line":95,"column":17},"end":{"line":95,"column":28}},"loc":{"start":{"line":95,"column":31},"end":{"line":111,"column":null}},"line":95},"9":{"name":"stopClaude","decl":{"start":{"line":113,"column":17},"end":{"line":113,"column":27}},"loc":{"start":{"line":113,"column":30},"end":{"line":120,"column":null}},"line":113},"10":{"name":"sendText","decl":{"start":{"line":123,"column":24},"end":{"line":123,"column":32}},"loc":{"start":{"line":123,"column":47},"end":{"line":135,"column":null}},"line":123},"11":{"name":"focus","decl":{"start":{"line":138,"column":18},"end":{"line":138,"column":23}},"loc":{"start":{"line":138,"column":26},"end":{"line":140,"column":null}},"line":138},"12":{"name":"clear","decl":{"start":{"line":143,"column":18},"end":{"line":143,"column":23}},"loc":{"start":{"line":143,"column":26},"end":{"line":145,"column":null}},"line":143},"13":{"name":"(anonymous_13)","decl":{"start":{"line":148,"column":4},"end":{"line":148,"column":41}},"loc":{"start":{"line":148,"column":4},"end":{"line":148,"column":null}},"line":148},"14":{"name":"(anonymous_14)","decl":{"start":{"line":148,"column":58},"end":{"line":148,"column":null}},"loc":{"start":{"line":148,"column":58},"end":{"line":148,"column":null}},"line":148}},"branchMap":{"0":{"loc":{"start":{"line":61,"column":10},"end":{"line":64,"column":null}},"type":"if","locations":[{"start":{"line":61,"column":10},"end":{"line":64,"column":null}},{"start":{},"end":{}}],"line":61},"1":{"loc":{"start":{"line":69,"column":10},"end":{"line":77,"column":null}},"type":"if","locations":[{"start":{"line":69,"column":10},"end":{"line":77,"column":null}},{"start":{},"end":{}}],"line":69},"2":{"loc":{"start":{"line":69,"column":10},"end":{"line":69,"column":32}},"type":"binary-expr","locations":[{"start":{"line":69,"column":10},"end":{"line":69,"column":22}},{"start":{"line":69,"column":18},"end":{"line":69,"column":32}}],"line":69},"3":{"loc":{"start":{"line":72,"column":12},"end":{"line":76,"column":null}},"type":"if","locations":[{"start":{"line":72,"column":12},"end":{"line":76,"column":null}},{"start":{},"end":{}}],"line":72},"4":{"loc":{"start":{"line":89,"column":8},"end":{"line":89,"column":null}},"type":"if","locations":[{"start":{"line":89,"column":8},"end":{"line":89,"column":null}},{"start":{},"end":{}}],"line":89},"5":{"loc":{"start":{"line":90,"column":8},"end":{"line":90,"column":null}},"type":"if","locations":[{"start":{"line":90,"column":8},"end":{"line":90,"column":null}},{"start":{},"end":{}}],"line":90},"6":{"loc":{"start":{"line":91,"column":8},"end":{"line":91,"column":null}},"type":"if","locations":[{"start":{"line":91,"column":8},"end":{"line":91,"column":null}},{"start":{},"end":{}}],"line":91},"7":{"loc":{"start":{"line":101,"column":10},"end":{"line":106,"column":null}},"type":"if","locations":[{"start":{"line":101,"column":10},"end":{"line":106,"column":null}},{"start":{},"end":{}}],"line":101},"8":{"loc":{"start":{"line":103,"column":12},"end":{"line":105,"column":null}},"type":"if","locations":[{"start":{"line":103,"column":12},"end":{"line":105,"column":null}},{"start":{},"end":{}}],"line":103},"9":{"loc":{"start":{"line":124,"column":9},"end":{"line":124,"column":null}},"type":"if","locations":[{"start":{"line":124,"column":9},"end":{"line":124,"column":null}},{"start":{},"end":{}}],"line":124},"10":{"loc":{"start":{"line":128,"column":10},"end":{"line":130,"column":null}},"type":"if","locations":[{"start":{"line":128,"column":10},"end":{"line":130,"column":null}},{"start":{},"end":{}}],"line":128},"11":{"loc":{"start":{"line":24,"column":9},"end":{"line":27,"column":null}},"type":"if","locations":[{"start":{"line":24,"column":9},"end":{"line":27,"column":null}},{"start":{},"end":{}}],"line":24},"12":{"loc":{"start":{"line":24,"column":9},"end":{"line":24,"column":57}},"type":"binary-expr","locations":[{"start":{"line":24,"column":9},"end":{"line":24,"column":21}},{"start":{"line":24,"column":17},"end":{"line":24,"column":37}},{"start":{"line":24,"column":37},"end":{"line":24,"column":57}}],"line":24}},"s":{"0":7,"1":7,"2":7,"3":7,"4":7,"5":7,"6":7,"7":7,"8":7,"9":7,"10":7,"11":7,"12":7,"13":7,"14":0,"15":0,"16":7,"17":0,"18":0,"19":0,"20":7,"21":0,"22":0,"23":0,"24":0,"25":0,"26":7,"27":7,"28":7,"29":7,"30":7,"31":7,"32":7,"33":7,"34":7,"35":7,"36":7,"37":7,"38":7,"39":7,"40":7,"41":7,"42":7,"43":7,"44":0,"45":0,"46":7,"47":7,"48":7,"49":0,"50":0,"51":0,"52":0,"53":0,"54":0,"55":0,"56":0,"57":0,"58":0,"59":7,"60":14,"61":0,"62":0,"63":7,"64":7,"65":14,"66":14,"67":7},"f":{"0":7,"1":7,"2":0,"3":0,"4":0,"5":0,"6":0,"7":7,"8":7,"9":7,"10":0,"11":0,"12":0,"13":14,"14":14},"b":{"0":[0,0],"1":[0,0],"2":[0,0],"3":[0,0],"4":[7,0],"5":[7,0],"6":[7,0],"7":[7,0],"8":[7,0],"9":[0,0],"10":[0,0],"11":[0,14],"12":[14,7,0]},"meta":{"lastBranch":13,"lastFunction":15,"lastStatement":68,"seen":{"f:1:0:1:Infinity":0,"s:10:39:10:Infinity":0,"s:11:31:11:Infinity":1,"s:12:31:12:Infinity":2,"s:13:36:13:40":3,"s:14:46:14:50":4,"s:17:43:17:Infinity":5,"s:18:29:18:Infinity":6,"s:30:2:86:Infinity":7,"f:30:9:30:22":1,"s:31:4:43:Infinity":8,"s:46:4:46:Infinity":9,"s:47:4:47:Infinity":10,"s:49:4:49:Infinity":11,"s:50:4:50:Infinity":12,"s:53:4:57:Infinity":13,"f:53:19:53:21":2,"s:54:6:56:Infinity":14,"f:54:53:54:55":3,"s:55:8:55:Infinity":15,"s:60:4:65:Infinity":16,"f:60:80:60:83":4,"b:61:10:64:Infinity:undefined:undefined:undefined:undefined":0,"s:61:10:64:Infinity":17,"s:62:8:62:Infinity":18,"s:63:8:63:Infinity":19,"s:68:4:78:Infinity":20,"f:68:39:68:46":5,"b:69:10:77:Infinity:undefined:undefined:undefined:undefined":1,"s:69:10:77:Infinity":21,"b:69:10:69:22:69:18:69:32":2,"s:70:8:70:Infinity":22,"s:71:18:71:Infinity":23,"b:72:12:76:Infinity:undefined:undefined:undefined:undefined":3,"s:72:12:76:Infinity":24,"s:73:10:75:Infinity":25,"f:73:77:73:84":6,"s:79:4:79:Infinity":26,"s:82:10:82:Infinity":27,"s:85:4:85:Infinity":28,"s:88:2:93:Infinity":29,"f:88:11:88:18":7,"b:89:8:89:Infinity:undefined:undefined:undefined:undefined":4,"s:89:8:89:Infinity":30,"s:89:18:89:Infinity":31,"b:90:8:90:Infinity:undefined:undefined:undefined:undefined":5,"s:90:8:90:Infinity":32,"s:90:24:90:Infinity":33,"b:91:8:91:Infinity:undefined:undefined:undefined:undefined":6,"s:91:8:91:Infinity":34,"s:91:16:91:Infinity":35,"s:92:4:92:Infinity":36,"f:95:17:95:28":8,"s:96:8:110:Infinity":37,"s:97:12:97:Infinity":38,"s:98:6:98:Infinity":39,"b:101:10:106:Infinity:undefined:undefined:undefined:undefined":7,"s:101:10:106:Infinity":40,"s:102:18:102:Infinity":41,"b:103:12:105:Infinity:undefined:undefined:undefined:undefined":8,"s:103:12:105:Infinity":42,"s:104:16:104:Infinity":43,"s:108:6:108:Infinity":44,"s:109:6:109:Infinity":45,"f:113:17:113:27":9,"s:114:8:119:Infinity":46,"s:115:12:115:Infinity":47,"s:116:6:116:Infinity":48,"s:118:6:118:Infinity":49,"f:123:24:123:32":10,"b:124:9:124:Infinity:undefined:undefined:undefined:undefined":9,"s:124:9:124:Infinity":50,"s:124:18:124:Infinity":51,"s:126:8:134:Infinity":52,"b:128:10:130:Infinity:undefined:undefined:undefined:undefined":10,"s:128:10:130:Infinity":53,"s:129:8:129:Infinity":54,"s:131:12:131:Infinity":55,"s:133:6:133:Infinity":56,"f:138:18:138:23":11,"s:139:4:139:Infinity":57,"f:143:18:143:23":12,"s:144:4:144:Infinity":58,"s:21:5:21:Infinity":59,"b:24:9:27:Infinity:undefined:undefined:undefined:undefined":11,"s:24:9:27:Infinity":60,"b:24:9:24:21:24:17:24:37:24:37:24:57":12,"s:25:4:25:Infinity":61,"s:26:4:26:Infinity":62,"s:148:4:148:41":63,"s:148:1:148:Infinity":64,"f:148:4:148:41":13,"s:148:4:148:Infinity":65,"f:148:58:148:Infinity":14,"s:148:58:148:Infinity":66,"s:148:1:148:41":67}}}
,"D:\\dev\\icanhastool\\src\\lib\\VoiceControl.svelte": {"path":"D:\\dev\\icanhastool\\src\\lib\\VoiceControl.svelte","statementMap":{"0":{"start":{"line":17,"column":16},"end":{"line":17,"column":null}},"1":{"start":{"line":21,"column":36},"end":{"line":21,"column":40}},"2":{"start":{"line":22,"column":41},"end":{"line":22,"column":45}},"3":{"start":{"line":23,"column":27},"end":{"line":23,"column":32}},"4":{"start":{"line":24,"column":26},"end":{"line":24,"column":null}},"5":{"start":{"line":27,"column":15},"end":{"line":27,"column":null}},"6":{"start":{"line":28,"column":17},"end":{"line":28,"column":null}},"7":{"start":{"line":29,"column":19},"end":{"line":29,"column":null}},"8":{"start":{"line":30,"column":13},"end":{"line":30,"column":null}},"9":{"start":{"line":31,"column":90},"end":{"line":33,"column":null}},"10":{"start":{"line":36,"column":2},"end":{"line":36,"column":null}},"11":{"start":{"line":36,"column":26},"end":{"line":36,"column":null}},"12":{"start":{"line":37,"column":2},"end":{"line":37,"column":null}},"13":{"start":{"line":37,"column":28},"end":{"line":37,"column":null}},"14":{"start":{"line":38,"column":2},"end":{"line":38,"column":null}},"15":{"start":{"line":38,"column":30},"end":{"line":38,"column":null}},"16":{"start":{"line":39,"column":2},"end":{"line":39,"column":null}},"17":{"start":{"line":39,"column":35},"end":{"line":39,"column":null}},"18":{"start":{"line":40,"column":2},"end":{"line":40,"column":null}},"19":{"start":{"line":40,"column":23},"end":{"line":40,"column":null}},"20":{"start":{"line":42,"column":2},"end":{"line":60,"column":null}},"21":{"start":{"line":44,"column":4},"end":{"line":46,"column":null}},"22":{"start":{"line":45,"column":6},"end":{"line":45,"column":null}},"23":{"start":{"line":48,"column":4},"end":{"line":55,"column":null}},"24":{"start":{"line":49,"column":6},"end":{"line":49,"column":null}},"25":{"start":{"line":51,"column":10},"end":{"line":54,"column":null}},"26":{"start":{"line":52,"column":8},"end":{"line":52,"column":null}},"27":{"start":{"line":53,"column":8},"end":{"line":53,"column":null}},"28":{"start":{"line":58,"column":4},"end":{"line":58,"column":null}},"29":{"start":{"line":59,"column":4},"end":{"line":59,"column":null}},"30":{"start":{"line":62,"column":2},"end":{"line":67,"column":null}},"31":{"start":{"line":63,"column":8},"end":{"line":63,"column":null}},"32":{"start":{"line":63,"column":18},"end":{"line":63,"column":null}},"33":{"start":{"line":64,"column":8},"end":{"line":64,"column":null}},"34":{"start":{"line":64,"column":23},"end":{"line":64,"column":null}},"35":{"start":{"line":65,"column":4},"end":{"line":65,"column":null}},"36":{"start":{"line":66,"column":4},"end":{"line":66,"column":null}},"37":{"start":{"line":70,"column":8},"end":{"line":70,"column":null}},"38":{"start":{"line":70,"column":56},"end":{"line":70,"column":null}},"39":{"start":{"line":71,"column":8},"end":{"line":75,"column":null}},"40":{"start":{"line":72,"column":6},"end":{"line":72,"column":null}},"41":{"start":{"line":73,"column":6},"end":{"line":73,"column":null}},"42":{"start":{"line":74,"column":6},"end":{"line":74,"column":null}},"43":{"start":{"line":79,"column":8},"end":{"line":79,"column":null}},"44":{"start":{"line":79,"column":56},"end":{"line":79,"column":null}},"45":{"start":{"line":80,"column":8},"end":{"line":84,"column":null}},"46":{"start":{"line":81,"column":6},"end":{"line":81,"column":null}},"47":{"start":{"line":82,"column":6},"end":{"line":82,"column":null}},"48":{"start":{"line":83,"column":6},"end":{"line":83,"column":null}},"49":{"start":{"line":88,"column":8},"end":{"line":88,"column":null}},"50":{"start":{"line":88,"column":33},"end":{"line":88,"column":null}},"51":{"start":{"line":90,"column":8},"end":{"line":96,"column":null}},"52":{"start":{"line":91,"column":6},"end":{"line":91,"column":null}},"53":{"start":{"line":92,"column":12},"end":{"line":92,"column":null}},"54":{"start":{"line":93,"column":6},"end":{"line":93,"column":null}},"55":{"start":{"line":95,"column":6},"end":{"line":95,"column":null}},"56":{"start":{"line":100,"column":9},"end":{"line":100,"column":null}},"57":{"start":{"line":100,"column":18},"end":{"line":100,"column":null}},"58":{"start":{"line":102,"column":8},"end":{"line":110,"column":null}},"59":{"start":{"line":105,"column":12},"end":{"line":105,"column":null}},"60":{"start":{"line":106,"column":6},"end":{"line":106,"column":null}},"61":{"start":{"line":108,"column":6},"end":{"line":108,"column":null}},"62":{"start":{"line":109,"column":6},"end":{"line":109,"column":null}},"63":{"start":{"line":114,"column":8},"end":{"line":118,"column":null}},"64":{"start":{"line":115,"column":6},"end":{"line":115,"column":null}},"65":{"start":{"line":117,"column":6},"end":{"line":117,"column":null}},"66":{"start":{"line":122,"column":4},"end":{"line":122,"column":null}},"67":{"start":{"line":123,"column":4},"end":{"line":123,"column":null}},"68":{"start":{"line":124,"column":4},"end":{"line":124,"column":null}},"69":{"start":{"line":125,"column":8},"end":{"line":130,"column":null}},"70":{"start":{"line":126,"column":12},"end":{"line":126,"column":null}},"71":{"start":{"line":127,"column":6},"end":{"line":127,"column":null}},"72":{"start":{"line":129,"column":6},"end":{"line":129,"column":null}},"73":{"start":{"line":134,"column":8},"end":{"line":139,"column":null}},"74":{"start":{"line":135,"column":6},"end":{"line":135,"column":null}},"75":{"start":{"line":136,"column":6},"end":{"line":136,"column":null}},"76":{"start":{"line":137,"column":6},"end":{"line":137,"column":null}},"77":{"start":{"line":138,"column":6},"end":{"line":138,"column":null}},"78":{"start":{"line":143,"column":4},"end":{"line":143,"column":null}},"79":{"start":{"line":144,"column":8},"end":{"line":148,"column":null}},"80":{"start":{"line":145,"column":12},"end":{"line":145,"column":null}},"81":{"start":{"line":147,"column":6},"end":{"line":147,"column":null}},"82":{"start":{"line":155,"column":4},"end":{"line":155,"column":null}},"83":{"start":{"line":156,"column":6},"end":{"line":155,"column":null}},"84":{"start":{"line":157,"column":5},"end":{"line":156,"column":null}},"85":{"start":{"line":169,"column":10},"end":{"line":157,"column":null}},"86":{"start":{"line":169,"column":7},"end":{"line":169,"column":null}},"87":{"start":{"line":172,"column":15},"end":{"line":172,"column":null}},"88":{"start":{"line":172,"column":11},"end":{"line":172,"column":null}},"89":{"start":{"line":175,"column":11},"end":{"line":175,"column":null}},"90":{"start":{"line":170,"column":13},"end":{"line":170,"column":null}},"91":{"start":{"line":170,"column":22},"end":{"line":170,"column":null}},"92":{"start":{"line":157,"column":5},"end":{"line":157,"column":null}},"93":{"start":{"line":182,"column":5},"end":{"line":157,"column":null}},"94":{"start":{"line":156,"column":3},"end":{"line":156,"column":null}},"95":{"start":{"line":196,"column":6},"end":{"line":156,"column":null}},"96":{"start":{"line":196,"column":3},"end":{"line":196,"column":null}},"97":{"start":{"line":198,"column":10},"end":{"line":198,"column":null}},"98":{"start":{"line":198,"column":7},"end":{"line":198,"column":null}},"99":{"start":{"line":203,"column":10},"end":{"line":203,"column":null}},"100":{"start":{"line":204,"column":12},"end":{"line":203,"column":null}},"101":{"start":{"line":204,"column":9},"end":{"line":204,"column":35}},"102":{"start":{"line":205,"column":12},"end":{"line":204,"column":35}},"103":{"start":{"line":206,"column":17},"end":{"line":205,"column":null}},"104":{"start":{"line":212,"column":17},"end":{"line":206,"column":48}},"105":{"start":{"line":205,"column":9},"end":{"line":205,"column":null}},"106":{"start":{"line":203,"column":7},"end":{"line":203,"column":null}},"107":{"start":{"line":204,"column":35},"end":{"line":204,"column":null}},"108":{"start":{"line":206,"column":11},"end":{"line":206,"column":null}},"109":{"start":{"line":212,"column":11},"end":{"line":212,"column":null}},"110":{"start":{"line":202,"column":14},"end":{"line":202,"column":null}},"111":{"start":{"line":202,"column":34},"end":{"line":202,"column":null}},"112":{"start":{"line":197,"column":9},"end":{"line":197,"column":null}},"113":{"start":{"line":197,"column":18},"end":{"line":197,"column":null}},"114":{"start":{"line":223,"column":10},"end":{"line":223,"column":33}},"115":{"start":{"line":223,"column":7},"end":{"line":223,"column":33}},"116":{"start":{"line":223,"column":33},"end":{"line":223,"column":null}},"117":{"start":{"line":222,"column":9},"end":{"line":222,"column":null}},"118":{"start":{"line":222,"column":16},"end":{"line":222,"column":null}},"119":{"start":{"line":228,"column":8},"end":{"line":228,"column":33}},"120":{"start":{"line":228,"column":5},"end":{"line":228,"column":33}},"121":{"start":{"line":228,"column":33},"end":{"line":228,"column":null}},"122":{"start":{"line":227,"column":7},"end":{"line":227,"column":null}},"123":{"start":{"line":227,"column":55},"end":{"line":227,"column":null}},"124":{"start":{"line":155,"column":1},"end":{"line":155,"column":null}},"125":{"start":{"line":157,"column":5},"end":{"line":160,"column":null}},"126":{"start":{"line":157,"column":5},"end":{"line":162,"column":null}},"127":{"start":{"line":157,"column":5},"end":{"line":167,"column":null}},"128":{"start":{"line":182,"column":5},"end":{"line":184,"column":null}},"129":{"start":{"line":182,"column":5},"end":{"line":186,"column":null}},"130":{"start":{"line":157,"column":5},"end":{"line":161,"column":null}},"131":{"start":{"line":182,"column":5},"end":{"line":185,"column":null}}},"fnMap":{"0":{"name":"VoiceControl","decl":{"start":{"line":1,"column":0},"end":{"line":1,"column":null}},"loc":{"start":{"line":1,"column":0},"end":{"line":155,"column":null}},"line":1},"1":{"name":"(anonymous_1)","decl":{"start":{"line":36,"column":23},"end":{"line":36,"column":25}},"loc":{"start":{"line":36,"column":26},"end":{"line":36,"column":null}},"line":36},"2":{"name":"(anonymous_2)","decl":{"start":{"line":37,"column":25},"end":{"line":37,"column":27}},"loc":{"start":{"line":37,"column":28},"end":{"line":37,"column":null}},"line":37},"3":{"name":"(anonymous_3)","decl":{"start":{"line":38,"column":27},"end":{"line":38,"column":29}},"loc":{"start":{"line":38,"column":30},"end":{"line":38,"column":null}},"line":38},"4":{"name":"(anonymous_4)","decl":{"start":{"line":39,"column":32},"end":{"line":39,"column":34}},"loc":{"start":{"line":39,"column":35},"end":{"line":39,"column":null}},"line":39},"5":{"name":"(anonymous_5)","decl":{"start":{"line":40,"column":20},"end":{"line":40,"column":22}},"loc":{"start":{"line":40,"column":23},"end":{"line":40,"column":null}},"line":40},"6":{"name":"(anonymous_6)","decl":{"start":{"line":42,"column":9},"end":{"line":42,"column":22}},"loc":{"start":{"line":42,"column":22},"end":{"line":60,"column":3}},"line":42},"7":{"name":"(anonymous_7)","decl":{"start":{"line":44,"column":62},"end":{"line":44,"column":65}},"loc":{"start":{"line":44,"column":75},"end":{"line":46,"column":5}},"line":44},"8":{"name":"(anonymous_8)","decl":{"start":{"line":48,"column":73},"end":{"line":48,"column":76}},"loc":{"start":{"line":48,"column":86},"end":{"line":55,"column":5}},"line":48},"9":{"name":"(anonymous_9)","decl":{"start":{"line":62,"column":11},"end":{"line":62,"column":18}},"loc":{"start":{"line":62,"column":18},"end":{"line":67,"column":3}},"line":62},"10":{"name":"handleKeyDown","decl":{"start":{"line":69,"column":11},"end":{"line":69,"column":24}},"loc":{"start":{"line":69,"column":43},"end":{"line":76,"column":null}},"line":69},"11":{"name":"handleKeyUp","decl":{"start":{"line":78,"column":11},"end":{"line":78,"column":22}},"loc":{"start":{"line":78,"column":41},"end":{"line":85,"column":null}},"line":78},"12":{"name":"startRecording","decl":{"start":{"line":87,"column":17},"end":{"line":87,"column":31}},"loc":{"start":{"line":87,"column":34},"end":{"line":97,"column":null}},"line":87},"13":{"name":"stopRecording","decl":{"start":{"line":99,"column":17},"end":{"line":99,"column":30}},"loc":{"start":{"line":99,"column":33},"end":{"line":111,"column":null}},"line":99},"14":{"name":"toggleRecording","decl":{"start":{"line":113,"column":11},"end":{"line":113,"column":26}},"loc":{"start":{"line":113,"column":29},"end":{"line":119,"column":null}},"line":113},"15":{"name":"handleReset","decl":{"start":{"line":121,"column":17},"end":{"line":121,"column":28}},"loc":{"start":{"line":121,"column":31},"end":{"line":131,"column":null}},"line":121},"16":{"name":"handleSend","decl":{"start":{"line":133,"column":11},"end":{"line":133,"column":21}},"loc":{"start":{"line":133,"column":24},"end":{"line":140,"column":null}},"line":133},"17":{"name":"handleFire","decl":{"start":{"line":142,"column":17},"end":{"line":142,"column":27}},"loc":{"start":{"line":142,"column":30},"end":{"line":149,"column":null}},"line":142},"18":{"name":"(anonymous_18)","decl":{"start":{"line":204,"column":35},"end":{"line":204,"column":55}},"loc":{"start":{"line":204,"column":35},"end":{"line":204,"column":null}},"line":204},"19":{"name":"(anonymous_19)","decl":{"start":{"line":223,"column":33},"end":{"line":223,"column":40}},"loc":{"start":{"line":223,"column":33},"end":{"line":223,"column":null}},"line":223},"20":{"name":"(anonymous_20)","decl":{"start":{"line":228,"column":33},"end":{"line":228,"column":48}},"loc":{"start":{"line":228,"column":33},"end":{"line":228,"column":null}},"line":228}},"branchMap":{"0":{"loc":{"start":{"line":51,"column":10},"end":{"line":54,"column":null}},"type":"if","locations":[{"start":{"line":51,"column":10},"end":{"line":54,"column":null}},{"start":{},"end":{}}],"line":51},"1":{"loc":{"start":{"line":63,"column":8},"end":{"line":63,"column":null}},"type":"if","locations":[{"start":{"line":63,"column":8},"end":{"line":63,"column":null}},{"start":{},"end":{}}],"line":63},"2":{"loc":{"start":{"line":64,"column":8},"end":{"line":64,"column":null}},"type":"if","locations":[{"start":{"line":64,"column":8},"end":{"line":64,"column":null}},{"start":{},"end":{}}],"line":64},"3":{"loc":{"start":{"line":70,"column":8},"end":{"line":70,"column":null}},"type":"if","locations":[{"start":{"line":70,"column":8},"end":{"line":70,"column":null}},{"start":{},"end":{}}],"line":70},"4":{"loc":{"start":{"line":71,"column":8},"end":{"line":75,"column":null}},"type":"if","locations":[{"start":{"line":71,"column":8},"end":{"line":75,"column":null}},{"start":{},"end":{}}],"line":71},"5":{"loc":{"start":{"line":71,"column":8},"end":{"line":71,"column":71}},"type":"binary-expr","locations":[{"start":{"line":71,"column":8},"end":{"line":71,"column":53}},{"start":{"line":71,"column":48},"end":{"line":71,"column":71}}],"line":71},"6":{"loc":{"start":{"line":79,"column":8},"end":{"line":79,"column":null}},"type":"if","locations":[{"start":{"line":79,"column":8},"end":{"line":79,"column":null}},{"start":{},"end":{}}],"line":79},"7":{"loc":{"start":{"line":80,"column":8},"end":{"line":84,"column":null}},"type":"if","locations":[{"start":{"line":80,"column":8},"end":{"line":84,"column":null}},{"start":{},"end":{}}],"line":80},"8":{"loc":{"start":{"line":80,"column":8},"end":{"line":80,"column":70}},"type":"binary-expr","locations":[{"start":{"line":80,"column":8},"end":{"line":80,"column":52}},{"start":{"line":80,"column":52},"end":{"line":80,"column":70}}],"line":80},"9":{"loc":{"start":{"line":88,"column":8},"end":{"line":88,"column":null}},"type":"if","locations":[{"start":{"line":88,"column":8},"end":{"line":88,"column":null}},{"start":{},"end":{}}],"line":88},"10":{"loc":{"start":{"line":88,"column":8},"end":{"line":88,"column":null}},"type":"binary-expr","locations":[{"start":{"line":88,"column":8},"end":{"line":88,"column":22}},{"start":{"line":88,"column":17},"end":{"line":88,"column":null}}],"line":88},"11":{"loc":{"start":{"line":100,"column":9},"end":{"line":100,"column":null}},"type":"if","locations":[{"start":{"line":100,"column":9},"end":{"line":100,"column":null}},{"start":{},"end":{}}],"line":100},"12":{"loc":{"start":{"line":114,"column":8},"end":{"line":118,"column":null}},"type":"if","locations":[{"start":{"line":114,"column":8},"end":{"line":118,"column":null}},{"start":{"line":116,"column":11},"end":{"line":118,"column":null}}],"line":114},"13":{"loc":{"start":{"line":134,"column":8},"end":{"line":139,"column":null}},"type":"if","locations":[{"start":{"line":134,"column":8},"end":{"line":139,"column":null}},{"start":{},"end":{}}],"line":134},"14":{"loc":{"start":{"line":170,"column":13},"end":{"line":170,"column":null}},"type":"if","locations":[{"start":{"line":170,"column":13},"end":{"line":170,"column":null}},{"start":{"line":170,"column":22},"end":{"line":170,"column":null}}],"line":170},"15":{"loc":{"start":{"line":202,"column":14},"end":{"line":202,"column":null}},"type":"if","locations":[{"start":{"line":202,"column":14},"end":{"line":202,"column":null}},{"start":{},"end":{}}],"line":202},"16":{"loc":{"start":{"line":197,"column":9},"end":{"line":197,"column":null}},"type":"if","locations":[{"start":{"line":197,"column":9},"end":{"line":197,"column":null}},{"start":{"line":197,"column":18},"end":{"line":197,"column":null}}],"line":197},"17":{"loc":{"start":{"line":222,"column":9},"end":{"line":222,"column":null}},"type":"if","locations":[{"start":{"line":222,"column":9},"end":{"line":222,"column":null}},{"start":{},"end":{}}],"line":222},"18":{"loc":{"start":{"line":228,"column":33},"end":{"line":228,"column":null}},"type":"binary-expr","locations":[{"start":{"line":228,"column":33},"end":{"line":228,"column":62}},{"start":{"line":228,"column":62},"end":{"line":228,"column":null}}],"line":228},"19":{"loc":{"start":{"line":227,"column":7},"end":{"line":227,"column":null}},"type":"if","locations":[{"start":{"line":227,"column":7},"end":{"line":227,"column":null}},{"start":{},"end":{}}],"line":227},"20":{"loc":{"start":{"line":157,"column":5},"end":{"line":167,"column":37}},"type":"cond-expr","locations":[{"start":{"line":164,"column":10},"end":{"line":166,"column":null}},{"start":{"line":167,"column":10},"end":{"line":167,"column":37}}],"line":157},"21":{"loc":{"start":{"line":164,"column":10},"end":{"line":166,"column":null}},"type":"cond-expr","locations":[{"start":{"line":165,"column":12},"end":{"line":165,"column":null}},{"start":{"line":166,"column":12},"end":{"line":166,"column":null}}],"line":164}},"s":{"0":16,"1":16,"2":16,"3":16,"4":16,"5":16,"6":16,"7":16,"8":16,"9":16,"10":16,"11":85,"12":16,"13":83,"14":16,"15":72,"16":16,"17":16,"18":16,"19":141,"20":16,"21":16,"22":0,"23":16,"24":0,"25":0,"26":0,"27":0,"28":16,"29":16,"30":16,"31":16,"32":16,"33":16,"34":16,"35":16,"36":16,"37":1,"38":0,"39":1,"40":1,"41":1,"42":1,"43":0,"44":0,"45":0,"46":0,"47":0,"48":0,"49":1,"50":0,"51":1,"52":1,"53":1,"54":1,"55":0,"56":0,"57":0,"58":0,"59":0,"60":0,"61":0,"62":0,"63":0,"64":0,"65":0,"66":0,"67":0,"68":0,"69":0,"70":0,"71":0,"72":0,"73":0,"74":0,"75":0,"76":0,"77":0,"78":1,"79":1,"80":1,"81":0,"82":16,"83":16,"84":16,"85":16,"86":16,"87":4,"88":4,"89":13,"90":17,"91":13,"92":16,"93":16,"94":16,"95":16,"96":16,"97":4,"98":4,"99":0,"100":0,"101":0,"102":0,"103":0,"104":0,"105":0,"106":0,"107":0,"108":0,"109":0,"110":13,"111":0,"112":17,"113":13,"114":0,"115":0,"116":0,"117":16,"118":0,"119":2,"120":2,"121":2,"122":16,"123":2,"124":16,"125":17,"126":17,"127":17,"128":17,"129":17,"130":16,"131":16},"f":{"0":16,"1":85,"2":83,"3":72,"4":16,"5":141,"6":16,"7":0,"8":0,"9":16,"10":1,"11":0,"12":1,"13":0,"14":0,"15":0,"16":0,"17":1,"18":0,"19":0,"20":2},"b":{"0":[0,0],"1":[16,0],"2":[16,0],"3":[0,1],"4":[1,0],"5":[1,1],"6":[0,0],"7":[0,0],"8":[0,0],"9":[0,1],"10":[1,1],"11":[0,0],"12":[0,0],"13":[0,0],"14":[4,13],"15":[0,13],"16":[4,13],"17":[0,16],"18":[2,0],"19":[2,14],"20":[6,11],"21":[3,3]},"meta":{"lastBranch":22,"lastFunction":21,"lastStatement":132,"seen":{"f:1:0:1:Infinity":0,"s:17:16:17:Infinity":0,"s:21:36:21:40":1,"s:22:41:22:45":2,"s:23:27:23:32":3,"s:24:26:24:Infinity":4,"s:27:15:27:Infinity":5,"s:28:17:28:Infinity":6,"s:29:19:29:Infinity":7,"s:30:13:30:Infinity":8,"s:31:90:33:Infinity":9,"s:36:2:36:Infinity":10,"f:36:23:36:25":1,"s:36:26:36:Infinity":11,"s:37:2:37:Infinity":12,"f:37:25:37:27":2,"s:37:28:37:Infinity":13,"s:38:2:38:Infinity":14,"f:38:27:38:29":3,"s:38:30:38:Infinity":15,"s:39:2:39:Infinity":16,"f:39:32:39:34":4,"s:39:35:39:Infinity":17,"s:40:2:40:Infinity":18,"f:40:20:40:22":5,"s:40:23:40:Infinity":19,"s:42:2:60:Infinity":20,"f:42:9:42:22":6,"s:44:4:46:Infinity":21,"f:44:62:44:65":7,"s:45:6:45:Infinity":22,"s:48:4:55:Infinity":23,"f:48:73:48:76":8,"s:49:6:49:Infinity":24,"b:51:10:54:Infinity:undefined:undefined:undefined:undefined":0,"s:51:10:54:Infinity":25,"s:52:8:52:Infinity":26,"s:53:8:53:Infinity":27,"s:58:4:58:Infinity":28,"s:59:4:59:Infinity":29,"s:62:2:67:Infinity":30,"f:62:11:62:18":9,"b:63:8:63:Infinity:undefined:undefined:undefined:undefined":1,"s:63:8:63:Infinity":31,"s:63:18:63:Infinity":32,"b:64:8:64:Infinity:undefined:undefined:undefined:undefined":2,"s:64:8:64:Infinity":33,"s:64:23:64:Infinity":34,"s:65:4:65:Infinity":35,"s:66:4:66:Infinity":36,"f:69:11:69:24":10,"b:70:8:70:Infinity:undefined:undefined:undefined:undefined":3,"s:70:8:70:Infinity":37,"s:70:56:70:Infinity":38,"b:71:8:75:Infinity:undefined:undefined:undefined:undefined":4,"s:71:8:75:Infinity":39,"b:71:8:71:53:71:48:71:71":5,"s:72:6:72:Infinity":40,"s:73:6:73:Infinity":41,"s:74:6:74:Infinity":42,"f:78:11:78:22":11,"b:79:8:79:Infinity:undefined:undefined:undefined:undefined":6,"s:79:8:79:Infinity":43,"s:79:56:79:Infinity":44,"b:80:8:84:Infinity:undefined:undefined:undefined:undefined":7,"s:80:8:84:Infinity":45,"b:80:8:80:52:80:52:80:70":8,"s:81:6:81:Infinity":46,"s:82:6:82:Infinity":47,"s:83:6:83:Infinity":48,"f:87:17:87:31":12,"b:88:8:88:Infinity:undefined:undefined:undefined:undefined":9,"s:88:8:88:Infinity":49,"b:88:8:88:22:88:17:88:Infinity":10,"s:88:33:88:Infinity":50,"s:90:8:96:Infinity":51,"s:91:6:91:Infinity":52,"s:92:12:92:Infinity":53,"s:93:6:93:Infinity":54,"s:95:6:95:Infinity":55,"f:99:17:99:30":13,"b:100:9:100:Infinity:undefined:undefined:undefined:undefined":11,"s:100:9:100:Infinity":56,"s:100:18:100:Infinity":57,"s:102:8:110:Infinity":58,"s:105:12:105:Infinity":59,"s:106:6:106:Infinity":60,"s:108:6:108:Infinity":61,"s:109:6:109:Infinity":62,"f:113:11:113:26":14,"b:114:8:118:Infinity:116:11:118:Infinity":12,"s:114:8:118:Infinity":63,"s:115:6:115:Infinity":64,"s:117:6:117:Infinity":65,"f:121:17:121:28":15,"s:122:4:122:Infinity":66,"s:123:4:123:Infinity":67,"s:124:4:124:Infinity":68,"s:125:8:130:Infinity":69,"s:126:12:126:Infinity":70,"s:127:6:127:Infinity":71,"s:129:6:129:Infinity":72,"f:133:11:133:21":16,"b:134:8:139:Infinity:undefined:undefined:undefined:undefined":13,"s:134:8:139:Infinity":73,"s:135:6:135:Infinity":74,"s:136:6:136:Infinity":75,"s:137:6:137:Infinity":76,"s:138:6:138:Infinity":77,"f:142:17:142:27":17,"s:143:4:143:Infinity":78,"s:144:8:148:Infinity":79,"s:145:12:145:Infinity":80,"s:147:6:147:Infinity":81,"s:155:4:155:Infinity":82,"s:156:6:155:Infinity":83,"s:157:5:156:Infinity":84,"s:169:10:157:Infinity":85,"s:169:7:169:Infinity":86,"s:172:15:172:Infinity":87,"s:172:11:172:Infinity":88,"s:175:11:175:Infinity":89,"b:170:13:170:Infinity:170:22:170:Infinity":14,"s:170:13:170:Infinity":90,"s:170:22:170:Infinity":91,"s:157:5:157:Infinity":92,"s:182:5:157:Infinity":93,"s:156:3:156:Infinity":94,"s:196:6:156:Infinity":95,"s:196:3:196:Infinity":96,"s:198:10:198:Infinity":97,"s:198:7:198:Infinity":98,"s:203:10:203:Infinity":99,"s:204:12:203:Infinity":100,"s:204:9:204:35":101,"s:205:12:204:35":102,"s:206:17:205:Infinity":103,"s:212:17:206:48":104,"s:205:9:205:Infinity":105,"s:203:7:203:Infinity":106,"s:204:35:204:Infinity":107,"f:204:35:204:55":18,"s:206:11:206:Infinity":108,"s:212:11:212:Infinity":109,"b:202:14:202:Infinity:undefined:undefined:undefined:undefined":15,"s:202:14:202:Infinity":110,"s:202:34:202:Infinity":111,"b:197:9:197:Infinity:197:18:197:Infinity":16,"s:197:9:197:Infinity":112,"s:197:18:197:Infinity":113,"s:223:10:223:33":114,"s:223:7:223:33":115,"s:223:33:223:Infinity":116,"f:223:33:223:40":19,"b:222:9:222:Infinity:undefined:undefined:undefined:undefined":17,"s:222:9:222:Infinity":117,"s:222:16:222:Infinity":118,"s:228:8:228:33":119,"s:228:5:228:33":120,"s:228:33:228:Infinity":121,"f:228:33:228:48":20,"b:228:33:228:62:228:62:228:Infinity":18,"b:227:7:227:Infinity:undefined:undefined:undefined:undefined":19,"s:227:7:227:Infinity":122,"s:227:55:227:Infinity":123,"s:155:1:155:Infinity":124,"s:157:5:160:Infinity":125,"s:157:5:162:Infinity":126,"s:157:5:167:Infinity":127,"b:164:10:166:Infinity:167:10:167:37":20,"b:165:12:165:Infinity:166:12:166:Infinity":21,"s:182:5:184:Infinity":128,"s:182:5:186:Infinity":129,"s:157:5:161:Infinity":130,"s:182:5:185:Infinity":131}}}
,"D:\\dev\\icanhastool\\src\\lib\\stores\\app.ts": {"path":"D:\\dev\\icanhastool\\src\\lib\\stores\\app.ts","statementMap":{"0":{"start":{"line":62,"column":13},"end":{"line":62,"column":null}},"1":{"start":{"line":63,"column":13},"end":{"line":63,"column":null}},"2":{"start":{"line":66,"column":13},"end":{"line":66,"column":null}},"3":{"start":{"line":67,"column":13},"end":{"line":67,"column":null}},"4":{"start":{"line":68,"column":13},"end":{"line":68,"column":null}},"5":{"start":{"line":71,"column":13},"end":{"line":71,"column":null}},"6":{"start":{"line":72,"column":13},"end":{"line":72,"column":null}},"7":{"start":{"line":73,"column":13},"end":{"line":73,"column":null}},"8":{"start":{"line":74,"column":13},"end":{"line":74,"column":null}},"9":{"start":{"line":77,"column":13},"end":{"line":77,"column":null}},"10":{"start":{"line":78,"column":13},"end":{"line":78,"column":null}},"11":{"start":{"line":81,"column":13},"end":{"line":90,"column":null}},"12":{"start":{"line":96,"column":13},"end":{"line":99,"column":null}},"13":{"start":{"line":98,"column":15},"end":{"line":98,"column":null}},"14":{"start":{"line":101,"column":13},"end":{"line":104,"column":null}},"15":{"start":{"line":103,"column":15},"end":{"line":103,"column":null}},"16":{"start":{"line":106,"column":13},"end":{"line":114,"column":null}},"17":{"start":{"line":109,"column":4},"end":{"line":111,"column":null}},"18":{"start":{"line":110,"column":6},"end":{"line":110,"column":null}},"19":{"start":{"line":112,"column":4},"end":{"line":112,"column":null}},"20":{"start":{"line":116,"column":13},"end":{"line":119,"column":null}},"21":{"start":{"line":118,"column":29},"end":{"line":118,"column":null}},"22":{"start":{"line":126,"column":2},"end":{"line":126,"column":null}},"23":{"start":{"line":126,"column":37},"end":{"line":126,"column":51}},"24":{"start":{"line":130,"column":2},"end":{"line":130,"column":null}},"25":{"start":{"line":134,"column":2},"end":{"line":139,"column":null}},"26":{"start":{"line":135,"column":4},"end":{"line":135,"column":null}},"27":{"start":{"line":136,"column":4},"end":{"line":136,"column":null}},"28":{"start":{"line":138,"column":4},"end":{"line":138,"column":null}},"29":{"start":{"line":143,"column":2},"end":{"line":143,"column":null}},"30":{"start":{"line":144,"column":2},"end":{"line":144,"column":null}},"31":{"start":{"line":148,"column":2},"end":{"line":167,"column":null}},"32":{"start":{"line":149,"column":20},"end":{"line":149,"column":null}},"33":{"start":{"line":149,"column":59},"end":{"line":149,"column":74}},"34":{"start":{"line":150,"column":4},"end":{"line":150,"column":null}},"35":{"start":{"line":152,"column":23},"end":{"line":152,"column":null}},"36":{"start":{"line":153,"column":24},"end":{"line":157,"column":null}},"37":{"start":{"line":159,"column":4},"end":{"line":165,"column":null}},"38":{"start":{"line":160,"column":6},"end":{"line":164,"column":null}},"39":{"start":{"line":161,"column":8},"end":{"line":161,"column":null}},"40":{"start":{"line":163,"column":8},"end":{"line":163,"column":null}},"41":{"start":{"line":166,"column":4},"end":{"line":166,"column":null}},"42":{"start":{"line":174,"column":21},"end":{"line":174,"column":null}},"43":{"start":{"line":177,"column":2},"end":{"line":177,"column":null}},"44":{"start":{"line":177,"column":37},"end":{"line":177,"column":null}},"45":{"start":{"line":179,"column":2},"end":{"line":187,"column":null}},"46":{"start":{"line":180,"column":19},"end":{"line":180,"column":null}},"47":{"start":{"line":181,"column":4},"end":{"line":184,"column":null}},"48":{"start":{"line":182,"column":21},"end":{"line":182,"column":null}},"49":{"start":{"line":183,"column":6},"end":{"line":183,"column":null}},"50":{"start":{"line":183,"column":36},"end":{"line":183,"column":62}},"51":{"start":{"line":186,"column":4},"end":{"line":186,"column":null}},"52":{"start":{"line":191,"column":2},"end":{"line":191,"column":null}},"53":{"start":{"line":191,"column":37},"end":{"line":191,"column":null}},"54":{"start":{"line":193,"column":2},"end":{"line":198,"column":null}},"55":{"start":{"line":194,"column":4},"end":{"line":194,"column":null}},"56":{"start":{"line":195,"column":4},"end":{"line":195,"column":null}},"57":{"start":{"line":197,"column":4},"end":{"line":197,"column":null}}},"fnMap":{"0":{"name":"(anonymous_0)","decl":{"start":{"line":98,"column":2},"end":{"line":98,"column":3}},"loc":{"start":{"line":98,"column":15},"end":{"line":98,"column":null}},"line":98},"1":{"name":"(anonymous_1)","decl":{"start":{"line":103,"column":2},"end":{"line":103,"column":3}},"loc":{"start":{"line":103,"column":15},"end":{"line":103,"column":null}},"line":103},"2":{"name":"(anonymous_2)","decl":{"start":{"line":108,"column":2},"end":{"line":108,"column":3}},"loc":{"start":{"line":108,"column":15},"end":{"line":113,"column":null}},"line":108},"3":{"name":"(anonymous_3)","decl":{"start":{"line":118,"column":2},"end":{"line":118,"column":3}},"loc":{"start":{"line":118,"column":29},"end":{"line":118,"column":null}},"line":118},"4":{"name":"appendTerminalOutput","decl":{"start":{"line":125,"column":16},"end":{"line":125,"column":37}},"loc":{"start":{"line":125,"column":57},"end":{"line":127,"column":null}},"line":125},"5":{"name":"(anonymous_5)","decl":{"start":{"line":126,"column":24},"end":{"line":126,"column":25}},"loc":{"start":{"line":126,"column":37},"end":{"line":126,"column":51}},"line":126},"6":{"name":"clearTerminalOutput","decl":{"start":{"line":129,"column":16},"end":{"line":129,"column":44}},"loc":{"start":{"line":129,"column":44},"end":{"line":131,"column":null}},"line":129},"7":{"name":"updateTranscription","decl":{"start":{"line":133,"column":16},"end":{"line":133,"column":36}},"loc":{"start":{"line":133,"column":69},"end":{"line":140,"column":null}},"line":133},"8":{"name":"clearTranscription","decl":{"start":{"line":142,"column":16},"end":{"line":142,"column":43}},"loc":{"start":{"line":142,"column":43},"end":{"line":145,"column":null}},"line":142},"9":{"name":"addRecentWorkspace","decl":{"start":{"line":147,"column":16},"end":{"line":147,"column":35}},"loc":{"start":{"line":147,"column":60},"end":{"line":168,"column":null}},"line":147},"10":{"name":"(anonymous_10)","decl":{"start":{"line":148,"column":18},"end":{"line":148,"column":19}},"loc":{"start":{"line":148,"column":31},"end":{"line":167,"column":3}},"line":148},"11":{"name":"(anonymous_11)","decl":{"start":{"line":149,"column":52},"end":{"line":149,"column":53}},"loc":{"start":{"line":149,"column":59},"end":{"line":149,"column":74}},"line":149},"12":{"name":"loadSettings","decl":{"start":{"line":176,"column":16},"end":{"line":176,"column":37}},"loc":{"start":{"line":176,"column":37},"end":{"line":188,"column":null}},"line":176},"13":{"name":"(anonymous_13)","decl":{"start":{"line":183,"column":22},"end":{"line":183,"column":23}},"loc":{"start":{"line":183,"column":36},"end":{"line":183,"column":62}},"line":183},"14":{"name":"saveSettings","decl":{"start":{"line":190,"column":16},"end":{"line":190,"column":29}},"loc":{"start":{"line":190,"column":61},"end":{"line":199,"column":null}},"line":190}},"branchMap":{"0":{"loc":{"start":{"line":103,"column":15},"end":{"line":103,"column":null}},"type":"binary-expr","locations":[{"start":{"line":103,"column":15},"end":{"line":103,"column":46}},{"start":{"line":103,"column":46},"end":{"line":103,"column":null}}],"line":103},"1":{"loc":{"start":{"line":109,"column":4},"end":{"line":111,"column":null}},"type":"if","locations":[{"start":{"line":109,"column":4},"end":{"line":111,"column":null}},{"start":{},"end":{}}],"line":109},"2":{"loc":{"start":{"line":109,"column":8},"end":{"line":109,"column":59}},"type":"binary-expr","locations":[{"start":{"line":109,"column":8},"end":{"line":109,"column":39}},{"start":{"line":109,"column":39},"end":{"line":109,"column":59}}],"line":109},"3":{"loc":{"start":{"line":118,"column":29},"end":{"line":118,"column":null}},"type":"binary-expr","locations":[{"start":{"line":118,"column":29},"end":{"line":118,"column":40}},{"start":{"line":118,"column":40},"end":{"line":118,"column":null}}],"line":118},"4":{"loc":{"start":{"line":134,"column":2},"end":{"line":139,"column":null}},"type":"if","locations":[{"start":{"line":134,"column":2},"end":{"line":139,"column":null}},{"start":{"line":137,"column":9},"end":{"line":139,"column":null}}],"line":134},"5":{"loc":{"start":{"line":159,"column":4},"end":{"line":165,"column":null}},"type":"if","locations":[{"start":{"line":159,"column":4},"end":{"line":165,"column":null}},{"start":{},"end":{}}],"line":159},"6":{"loc":{"start":{"line":177,"column":2},"end":{"line":177,"column":null}},"type":"if","locations":[{"start":{"line":177,"column":2},"end":{"line":177,"column":null}},{"start":{},"end":{}}],"line":177},"7":{"loc":{"start":{"line":181,"column":4},"end":{"line":184,"column":null}},"type":"if","locations":[{"start":{"line":181,"column":4},"end":{"line":184,"column":null}},{"start":{},"end":{}}],"line":181},"8":{"loc":{"start":{"line":191,"column":2},"end":{"line":191,"column":null}},"type":"if","locations":[{"start":{"line":191,"column":2},"end":{"line":191,"column":null}},{"start":{},"end":{}}],"line":191}},"s":{"0":4,"1":4,"2":4,"3":4,"4":4,"5":4,"6":4,"7":4,"8":4,"9":4,"10":4,"11":4,"12":4,"13":8,"14":4,"15":2,"16":4,"17":2,"18":1,"19":1,"20":4,"21":3,"22":2,"23":2,"24":1,"25":2,"26":1,"27":1,"28":1,"29":2,"30":2,"31":0,"32":0,"33":0,"34":0,"35":0,"36":0,"37":0,"38":0,"39":0,"40":0,"41":0,"42":4,"43":2,"44":0,"45":2,"46":2,"47":2,"48":2,"49":2,"50":1,"51":1,"52":3,"53":0,"54":3,"55":3,"56":3,"57":0},"f":{"0":8,"1":2,"2":2,"3":3,"4":2,"5":2,"6":1,"7":2,"8":2,"9":0,"10":0,"11":0,"12":2,"13":1,"14":3},"b":{"0":[2,1],"1":[1,1],"2":[2,1],"3":[3,2],"4":[1,1],"5":[0,0],"6":[0,2],"7":[2,0],"8":[0,3]},"meta":{"lastBranch":9,"lastFunction":15,"lastStatement":58,"seen":{"s:62:13:62:Infinity":0,"s:63:13:63:Infinity":1,"s:66:13:66:Infinity":2,"s:67:13:67:Infinity":3,"s:68:13:68:Infinity":4,"s:71:13:71:Infinity":5,"s:72:13:72:Infinity":6,"s:73:13:73:Infinity":7,"s:74:13:74:Infinity":8,"s:77:13:77:Infinity":9,"s:78:13:78:Infinity":10,"s:81:13:90:Infinity":11,"s:96:13:99:Infinity":12,"f:98:2:98:3":0,"s:98:15:98:Infinity":13,"s:101:13:104:Infinity":14,"f:103:2:103:3":1,"s:103:15:103:Infinity":15,"b:103:15:103:46:103:46:103:Infinity":0,"s:106:13:114:Infinity":16,"f:108:2:108:3":2,"b:109:4:111:Infinity:undefined:undefined:undefined:undefined":1,"s:109:4:111:Infinity":17,"b:109:8:109:39:109:39:109:59":2,"s:110:6:110:Infinity":18,"s:112:4:112:Infinity":19,"s:116:13:119:Infinity":20,"f:118:2:118:3":3,"s:118:29:118:Infinity":21,"b:118:29:118:40:118:40:118:Infinity":3,"f:125:16:125:37":4,"s:126:2:126:Infinity":22,"f:126:24:126:25":5,"s:126:37:126:51":23,"f:129:16:129:44":6,"s:130:2:130:Infinity":24,"f:133:16:133:36":7,"b:134:2:139:Infinity:137:9:139:Infinity":4,"s:134:2:139:Infinity":25,"s:135:4:135:Infinity":26,"s:136:4:136:Infinity":27,"s:138:4:138:Infinity":28,"f:142:16:142:43":8,"s:143:2:143:Infinity":29,"s:144:2:144:Infinity":30,"f:147:16:147:35":9,"s:148:2:167:Infinity":31,"f:148:18:148:19":10,"s:149:20:149:Infinity":32,"f:149:52:149:53":11,"s:149:59:149:74":33,"s:150:4:150:Infinity":34,"s:152:23:152:Infinity":35,"s:153:24:157:Infinity":36,"b:159:4:165:Infinity:undefined:undefined:undefined:undefined":5,"s:159:4:165:Infinity":37,"s:160:6:164:Infinity":38,"s:161:8:161:Infinity":39,"s:163:8:163:Infinity":40,"s:166:4:166:Infinity":41,"s:174:21:174:Infinity":42,"f:176:16:176:37":12,"b:177:2:177:Infinity:undefined:undefined:undefined:undefined":6,"s:177:2:177:Infinity":43,"s:177:37:177:Infinity":44,"s:179:2:187:Infinity":45,"s:180:19:180:Infinity":46,"b:181:4:184:Infinity:undefined:undefined:undefined:undefined":7,"s:181:4:184:Infinity":47,"s:182:21:182:Infinity":48,"s:183:6:183:Infinity":49,"f:183:22:183:23":13,"s:183:36:183:62":50,"s:186:4:186:Infinity":51,"f:190:16:190:29":14,"b:191:2:191:Infinity:undefined:undefined:undefined:undefined":8,"s:191:2:191:Infinity":52,"s:191:37:191:Infinity":53,"s:193:2:198:Infinity":54,"s:194:4:194:Infinity":55,"s:195:4:195:Infinity":56,"s:197:4:197:Infinity":57}}}
}
