{"D:\\dev\\icanhastool\\src\\lib\\Settings.svelte": {"path":"D:\\dev\\icanhastool\\src\\lib\\Settings.svelte","statementMap":{"0":{"start":{"line":16,"column":19},"end":{"line":16,"column":null}},"1":{"start":{"line":18,"column":28},"end":{"line":18,"column":null}},"2":{"start":{"line":19,"column":25},"end":{"line":19,"column":null}},"3":{"start":{"line":20,"column":28},"end":{"line":20,"column":null}},"4":{"start":{"line":21,"column":34},"end":{"line":21,"column":null}},"5":{"start":{"line":22,"column":17},"end":{"line":22,"column":null}},"6":{"start":{"line":23,"column":13},"end":{"line":23,"column":null}},"7":{"start":{"line":24,"column":11},"end":{"line":24,"column":null}},"8":{"start":{"line":27,"column":2},"end":{"line":27,"column":null}},"9":{"start":{"line":27,"column":27},"end":{"line":27,"column":null}},"10":{"start":{"line":28,"column":2},"end":{"line":28,"column":null}},"11":{"start":{"line":28,"column":30},"end":{"line":28,"column":null}},"12":{"start":{"line":29,"column":2},"end":{"line":29,"column":null}},"13":{"start":{"line":29,"column":30},"end":{"line":29,"column":null}},"14":{"start":{"line":30,"column":2},"end":{"line":30,"column":null}},"15":{"start":{"line":30,"column":23},"end":{"line":30,"column":null}},"16":{"start":{"line":31,"column":2},"end":{"line":31,"column":null}},"17":{"start":{"line":31,"column":28},"end":{"line":31,"column":null}},"18":{"start":{"line":33,"column":2},"end":{"line":36,"column":null}},"19":{"start":{"line":34,"column":10},"end":{"line":34,"column":null}},"20":{"start":{"line":35,"column":10},"end":{"line":35,"column":null}},"21":{"start":{"line":39,"column":8},"end":{"line":45,"column":null}},"22":{"start":{"line":40,"column":18},"end":{"line":40,"column":null}},"23":{"start":{"line":41,"column":6},"end":{"line":41,"column":null}},"24":{"start":{"line":43,"column":6},"end":{"line":43,"column":null}},"25":{"start":{"line":44,"column":6},"end":{"line":44,"column":null}},"26":{"start":{"line":49,"column":8},"end":{"line":56,"column":null}},"27":{"start":{"line":50,"column":21},"end":{"line":50,"column":null}},"28":{"start":{"line":51,"column":25},"end":{"line":51,"column":null}},"29":{"start":{"line":52,"column":6},"end":{"line":52,"column":null}},"30":{"start":{"line":53,"column":6},"end":{"line":53,"column":null}},"31":{"start":{"line":55,"column":6},"end":{"line":55,"column":null}},"32":{"start":{"line":60,"column":4},"end":{"line":60,"column":null}},"33":{"start":{"line":61,"column":4},"end":{"line":61,"column":null}},"34":{"start":{"line":63,"column":8},"end":{"line":73,"column":null}},"35":{"start":{"line":64,"column":12},"end":{"line":64,"column":null}},"36":{"start":{"line":65,"column":6},"end":{"line":65,"column":null}},"37":{"start":{"line":66,"column":6},"end":{"line":66,"column":null}},"38":{"start":{"line":67,"column":6},"end":{"line":67,"column":null}},"39":{"start":{"line":69,"column":6},"end":{"line":69,"column":null}},"40":{"start":{"line":70,"column":6},"end":{"line":70,"column":null}},"41":{"start":{"line":72,"column":6},"end":{"line":72,"column":null}},"42":{"start":{"line":77,"column":19},"end":{"line":77,"column":27}},"43":{"start":{"line":78,"column":4},"end":{"line":78,"column":null}},"44":{"start":{"line":79,"column":4},"end":{"line":79,"column":null}},"45":{"start":{"line":83,"column":19},"end":{"line":83,"column":27}},"46":{"start":{"line":84,"column":4},"end":{"line":84,"column":null}},"47":{"start":{"line":85,"column":4},"end":{"line":85,"column":null}},"48":{"start":{"line":89,"column":19},"end":{"line":89,"column":27}},"49":{"start":{"line":90,"column":4},"end":{"line":90,"column":null}},"50":{"start":{"line":91,"column":4},"end":{"line":91,"column":null}},"51":{"start":{"line":95,"column":19},"end":{"line":95,"column":27}},"52":{"start":{"line":96,"column":4},"end":{"line":96,"column":null}},"53":{"start":{"line":97,"column":4},"end":{"line":97,"column":null}},"54":{"start":{"line":98,"column":4},"end":{"line":98,"column":null}},"55":{"start":{"line":102,"column":15},"end":{"line":102,"column":null}},"56":{"start":{"line":102,"column":37},"end":{"line":102,"column":null}},"57":{"start":{"line":104,"column":17},"end":{"line":104,"column":41}},"58":{"start":{"line":105,"column":8},"end":{"line":109,"column":null}},"59":{"start":{"line":106,"column":6},"end":{"line":106,"column":null}},"60":{"start":{"line":108,"column":6},"end":{"line":108,"column":null}},"61":{"start":{"line":113,"column":4},"end":{"line":113,"column":null}},"62":{"start":{"line":120,"column":6},"end":{"line":120,"column":42}},"63":{"start":{"line":123,"column":8},"end":{"line":120,"column":42}},"64":{"start":{"line":124,"column":13},"end":{"line":123,"column":null}},"65":{"start":{"line":126,"column":15},"end":{"line":124,"column":null}},"66":{"start":{"line":124,"column":7},"end":{"line":124,"column":null}},"67":{"start":{"line":136,"column":12},"end":{"line":136,"column":36}},"68":{"start":{"line":136,"column":9},"end":{"line":136,"column":36}},"69":{"start":{"line":136,"column":36},"end":{"line":136,"column":null}},"70":{"start":{"line":135,"column":11},"end":{"line":135,"column":null}},"71":{"start":{"line":135,"column":16},"end":{"line":135,"column":null}},"72":{"start":{"line":139,"column":14},"end":{"line":139,"column":null}},"73":{"start":{"line":142,"column":14},"end":{"line":139,"column":null}},"74":{"start":{"line":144,"column":17},"end":{"line":142,"column":null}},"75":{"start":{"line":145,"column":19},"end":{"line":144,"column":25}},"76":{"start":{"line":145,"column":13},"end":{"line":145,"column":null}},"77":{"start":{"line":146,"column":19},"end":{"line":147,"column":29}},"78":{"start":{"line":146,"column":19},"end":{"line":146,"column":30}},"79":{"start":{"line":147,"column":21},"end":{"line":147,"column":29}},"80":{"start":{"line":147,"column":15},"end":{"line":147,"column":29}},"81":{"start":{"line":146,"column":30},"end":{"line":149,"column":null}},"82":{"start":{"line":146,"column":36},"end":{"line":148,"column":28}},"83":{"start":{"line":149,"column":17},"end":{"line":149,"column":53}},"84":{"start":{"line":146,"column":30},"end":{"line":147,"column":null}},"85":{"start":{"line":146,"column":36},"end":{"line":147,"column":40}},"86":{"start":{"line":147,"column":15},"end":{"line":147,"column":null}},"87":{"start":{"line":144,"column":11},"end":{"line":144,"column":25}},"88":{"start":{"line":142,"column":9},"end":{"line":142,"column":null}},"89":{"start":{"line":155,"column":15},"end":{"line":142,"column":null}},"90":{"start":{"line":139,"column":7},"end":{"line":139,"column":null}},"91":{"start":{"line":158,"column":14},"end":{"line":139,"column":null}},"92":{"start":{"line":161,"column":12},"end":{"line":158,"column":null}},"93":{"start":{"line":161,"column":9},"end":{"line":161,"column":null}},"94":{"start":{"line":164,"column":17},"end":{"line":164,"column":null}},"95":{"start":{"line":164,"column":13},"end":{"line":164,"column":null}},"96":{"start":{"line":166,"column":17},"end":{"line":166,"column":null}},"97":{"start":{"line":166,"column":13},"end":{"line":166,"column":null}},"98":{"start":{"line":168,"column":17},"end":{"line":168,"column":null}},"99":{"start":{"line":168,"column":13},"end":{"line":168,"column":null}},"100":{"start":{"line":165,"column":20},"end":{"line":165,"column":null}},"101":{"start":{"line":165,"column":31},"end":{"line":165,"column":null}},"102":{"start":{"line":163,"column":15},"end":{"line":163,"column":null}},"103":{"start":{"line":163,"column":22},"end":{"line":163,"column":null}},"104":{"start":{"line":173,"column":14},"end":{"line":173,"column":null}},"105":{"start":{"line":173,"column":11},"end":{"line":173,"column":null}},"106":{"start":{"line":175,"column":19},"end":{"line":176,"column":null}},"107":{"start":{"line":175,"column":19},"end":{"line":175,"column":32}},"108":{"start":{"line":176,"column":18},"end":{"line":176,"column":null}},"109":{"start":{"line":177,"column":21},"end":{"line":176,"column":null}},"110":{"start":{"line":177,"column":17},"end":{"line":177,"column":23}},"111":{"start":{"line":178,"column":21},"end":{"line":177,"column":23}},"112":{"start":{"line":178,"column":17},"end":{"line":178,"column":42}},"113":{"start":{"line":179,"column":17},"end":{"line":178,"column":42}},"114":{"start":{"line":179,"column":17},"end":{"line":179,"column":null}},"115":{"start":{"line":176,"column":15},"end":{"line":176,"column":null}},"116":{"start":{"line":175,"column":32},"end":{"line":177,"column":null}},"117":{"start":{"line":175,"column":37},"end":{"line":177,"column":33}},"118":{"start":{"line":175,"column":32},"end":{"line":178,"column":null}},"119":{"start":{"line":175,"column":37},"end":{"line":178,"column":56}},"120":{"start":{"line":179,"column":17},"end":{"line":181,"column":null}},"121":{"start":{"line":181,"column":28},"end":{"line":181,"column":null}},"122":{"start":{"line":183,"column":19},"end":{"line":183,"column":83}},"123":{"start":{"line":179,"column":17},"end":{"line":180,"column":null}},"124":{"start":{"line":180,"column":34},"end":{"line":180,"column":null}},"125":{"start":{"line":189,"column":12},"end":{"line":189,"column":null}},"126":{"start":{"line":189,"column":11},"end":{"line":189,"column":null}},"127":{"start":{"line":172,"column":13},"end":{"line":172,"column":33}},"128":{"start":{"line":194,"column":12},"end":{"line":194,"column":null}},"129":{"start":{"line":194,"column":9},"end":{"line":194,"column":null}},"130":{"start":{"line":196,"column":17},"end":{"line":197,"column":null}},"131":{"start":{"line":196,"column":17},"end":{"line":196,"column":27}},"132":{"start":{"line":197,"column":16},"end":{"line":197,"column":null}},"133":{"start":{"line":198,"column":19},"end":{"line":197,"column":null}},"134":{"start":{"line":198,"column":15},"end":{"line":198,"column":21}},"135":{"start":{"line":199,"column":19},"end":{"line":198,"column":21}},"136":{"start":{"line":199,"column":15},"end":{"line":199,"column":40}},"137":{"start":{"line":197,"column":13},"end":{"line":197,"column":null}},"138":{"start":{"line":196,"column":27},"end":{"line":198,"column":null}},"139":{"start":{"line":196,"column":32},"end":{"line":198,"column":31}},"140":{"start":{"line":196,"column":27},"end":{"line":199,"column":null}},"141":{"start":{"line":196,"column":32},"end":{"line":199,"column":53}},"142":{"start":{"line":158,"column":7},"end":{"line":158,"column":null}},"143":{"start":{"line":205,"column":14},"end":{"line":158,"column":null}},"144":{"start":{"line":208,"column":14},"end":{"line":205,"column":null}},"145":{"start":{"line":210,"column":17},"end":{"line":208,"column":null}},"146":{"start":{"line":211,"column":19},"end":{"line":210,"column":25}},"147":{"start":{"line":211,"column":13},"end":{"line":211,"column":null}},"148":{"start":{"line":212,"column":19},"end":{"line":211,"column":null}},"149":{"start":{"line":212,"column":13},"end":{"line":212,"column":null}},"150":{"start":{"line":210,"column":11},"end":{"line":210,"column":25}},"151":{"start":{"line":208,"column":9},"end":{"line":208,"column":null}},"152":{"start":{"line":217,"column":16},"end":{"line":217,"column":null}},"153":{"start":{"line":219,"column":19},"end":{"line":217,"column":null}},"154":{"start":{"line":220,"column":21},"end":{"line":219,"column":27}},"155":{"start":{"line":220,"column":15},"end":{"line":220,"column":null}},"156":{"start":{"line":221,"column":21},"end":{"line":220,"column":null}},"157":{"start":{"line":221,"column":15},"end":{"line":221,"column":null}},"158":{"start":{"line":222,"column":21},"end":{"line":221,"column":null}},"159":{"start":{"line":222,"column":15},"end":{"line":222,"column":null}},"160":{"start":{"line":223,"column":21},"end":{"line":222,"column":null}},"161":{"start":{"line":223,"column":15},"end":{"line":223,"column":null}},"162":{"start":{"line":224,"column":21},"end":{"line":223,"column":null}},"163":{"start":{"line":224,"column":15},"end":{"line":224,"column":null}},"164":{"start":{"line":219,"column":13},"end":{"line":219,"column":27}},"165":{"start":{"line":217,"column":11},"end":{"line":217,"column":null}},"166":{"start":{"line":219,"column":27},"end":{"line":219,"column":56}},"167":{"start":{"line":219,"column":13},"end":{"line":219,"column":null}},"168":{"start":{"line":216,"column":13},"end":{"line":216,"column":null}},"169":{"start":{"line":205,"column":7},"end":{"line":205,"column":null}},"170":{"start":{"line":230,"column":14},"end":{"line":205,"column":null}},"171":{"start":{"line":233,"column":14},"end":{"line":230,"column":null}},"172":{"start":{"line":235,"column":17},"end":{"line":233,"column":null}},"173":{"start":{"line":236,"column":19},"end":{"line":235,"column":25}},"174":{"start":{"line":236,"column":13},"end":{"line":236,"column":null}},"175":{"start":{"line":237,"column":19},"end":{"line":236,"column":null}},"176":{"start":{"line":237,"column":13},"end":{"line":237,"column":null}},"177":{"start":{"line":238,"column":19},"end":{"line":237,"column":null}},"178":{"start":{"line":238,"column":13},"end":{"line":238,"column":null}},"179":{"start":{"line":235,"column":11},"end":{"line":235,"column":25}},"180":{"start":{"line":233,"column":9},"end":{"line":233,"column":null}},"181":{"start":{"line":230,"column":7},"end":{"line":230,"column":null}},"182":{"start":{"line":123,"column":5},"end":{"line":123,"column":null}},"183":{"start":{"line":120,"column":3},"end":{"line":120,"column":42}},"184":{"start":{"line":144,"column":25},"end":{"line":144,"column":61}},"185":{"start":{"line":210,"column":25},"end":{"line":210,"column":54}},"186":{"start":{"line":235,"column":25},"end":{"line":235,"column":46}},"187":{"start":{"line":126,"column":9},"end":{"line":126,"column":null}},"188":{"start":{"line":144,"column":11},"end":{"line":144,"column":null}},"189":{"start":{"line":155,"column":9},"end":{"line":155,"column":null}},"190":{"start":{"line":210,"column":11},"end":{"line":210,"column":null}},"191":{"start":{"line":235,"column":11},"end":{"line":235,"column":null}},"192":{"start":{"line":120,"column":3},"end":{"line":120,"column":62}},"193":{"start":{"line":120,"column":3},"end":{"line":120,"column":null}},"194":{"start":{"line":120,"column":63},"end":{"line":120,"column":null}},"195":{"start":{"line":117,"column":5},"end":{"line":117,"column":null}},"196":{"start":{"line":117,"column":11},"end":{"line":117,"column":null}}},"fnMap":{"0":{"name":"Settings","decl":{"start":{"line":1,"column":0},"end":{"line":1,"column":null}},"loc":{"start":{"line":1,"column":0},"end":{"line":117,"column":null}},"line":1},"1":{"name":"(anonymous_1)","decl":{"start":{"line":27,"column":24},"end":{"line":27,"column":26}},"loc":{"start":{"line":27,"column":27},"end":{"line":27,"column":null}},"line":27},"2":{"name":"(anonymous_2)","decl":{"start":{"line":28,"column":27},"end":{"line":28,"column":29}},"loc":{"start":{"line":28,"column":30},"end":{"line":28,"column":null}},"line":28},"3":{"name":"(anonymous_3)","decl":{"start":{"line":29,"column":27},"end":{"line":29,"column":29}},"loc":{"start":{"line":29,"column":30},"end":{"line":29,"column":null}},"line":29},"4":{"name":"(anonymous_4)","decl":{"start":{"line":30,"column":20},"end":{"line":30,"column":22}},"loc":{"start":{"line":30,"column":23},"end":{"line":30,"column":null}},"line":30},"5":{"name":"(anonymous_5)","decl":{"start":{"line":31,"column":25},"end":{"line":31,"column":27}},"loc":{"start":{"line":31,"column":28},"end":{"line":31,"column":null}},"line":31},"6":{"name":"(anonymous_6)","decl":{"start":{"line":33,"column":9},"end":{"line":33,"column":22}},"loc":{"start":{"line":33,"column":22},"end":{"line":36,"column":3}},"line":33},"7":{"name":"refreshDevices","decl":{"start":{"line":38,"column":17},"end":{"line":38,"column":31}},"loc":{"start":{"line":38,"column":34},"end":{"line":46,"column":null}},"line":38},"8":{"name":"refreshModels","decl":{"start":{"line":48,"column":17},"end":{"line":48,"column":30}},"loc":{"start":{"line":48,"column":33},"end":{"line":57,"column":null}},"line":48},"9":{"name":"loadModel","decl":{"start":{"line":59,"column":17},"end":{"line":59,"column":26}},"loc":{"start":{"line":59,"column":46},"end":{"line":74,"column":null}},"line":59},"10":{"name":"handleDeviceChange","decl":{"start":{"line":76,"column":11},"end":{"line":76,"column":29}},"loc":{"start":{"line":76,"column":40},"end":{"line":80,"column":null}},"line":76},"11":{"name":"handleModeChange","decl":{"start":{"line":82,"column":11},"end":{"line":82,"column":27}},"loc":{"start":{"line":82,"column":38},"end":{"line":86,"column":null}},"line":82},"12":{"name":"handleHotkeyChange","decl":{"start":{"line":88,"column":11},"end":{"line":88,"column":29}},"loc":{"start":{"line":88,"column":40},"end":{"line":92,"column":null}},"line":88},"13":{"name":"handleThemeChange","decl":{"start":{"line":94,"column":11},"end":{"line":94,"column":28}},"loc":{"start":{"line":94,"column":39},"end":{"line":99,"column":null}},"line":94},"14":{"name":"applyTheme","decl":{"start":{"line":101,"column":11},"end":{"line":101,"column":21}},"loc":{"start":{"line":101,"column":58},"end":{"line":110,"column":null}},"line":101},"15":{"name":"close","decl":{"start":{"line":112,"column":11},"end":{"line":112,"column":16}},"loc":{"start":{"line":112,"column":19},"end":{"line":114,"column":null}},"line":112},"16":{"name":"(anonymous_16)","decl":{"start":{"line":136,"column":36},"end":{"line":136,"column":41}},"loc":{"start":{"line":136,"column":36},"end":{"line":136,"column":null}},"line":136},"17":{"name":"(anonymous_17)","decl":{"start":{"line":146,"column":19},"end":{"line":146,"column":26}},"loc":{"start":{"line":146,"column":19},"end":{"line":147,"column":29}},"line":146},"18":{"name":"(anonymous_18)","decl":{"start":{"line":146,"column":26},"end":{"line":146,"column":30}},"loc":{"start":{"line":146,"column":36},"end":{"line":147,"column":29}},"line":146},"19":{"name":"(anonymous_19)","decl":{"start":{"line":146,"column":36},"end":{"line":146,"column":null}},"loc":{"start":{"line":146,"column":36},"end":{"line":148,"column":28}},"line":146},"20":{"name":"(anonymous_20)","decl":{"start":{"line":149,"column":17},"end":{"line":149,"column":23}},"loc":{"start":{"line":149,"column":17},"end":{"line":149,"column":53}},"line":149},"21":{"name":"(anonymous_21)","decl":{"start":{"line":175,"column":19},"end":{"line":175,"column":28}},"loc":{"start":{"line":175,"column":19},"end":{"line":176,"column":null}},"line":175},"22":{"name":"(anonymous_22)","decl":{"start":{"line":175,"column":28},"end":{"line":175,"column":32}},"loc":{"start":{"line":175,"column":37},"end":{"line":176,"column":null}},"line":175},"23":{"name":"(anonymous_23)","decl":{"start":{"line":175,"column":37},"end":{"line":175,"column":null}},"loc":{"start":{"line":175,"column":37},"end":{"line":177,"column":33}},"line":175},"24":{"name":"(anonymous_24)","decl":{"start":{"line":181,"column":28},"end":{"line":181,"column":35}},"loc":{"start":{"line":181,"column":28},"end":{"line":181,"column":null}},"line":181},"25":{"name":"(anonymous_25)","decl":{"start":{"line":183,"column":19},"end":{"line":183,"column":34}},"loc":{"start":{"line":183,"column":19},"end":{"line":183,"column":83}},"line":183},"26":{"name":"(anonymous_26)","decl":{"start":{"line":179,"column":17},"end":{"line":179,"column":null}},"loc":{"start":{"line":180,"column":34},"end":{"line":180,"column":null}},"line":180},"27":{"name":"(anonymous_27)","decl":{"start":{"line":172,"column":13},"end":{"line":172,"column":22}},"loc":{"start":{"line":172,"column":13},"end":{"line":172,"column":33}},"line":172},"28":{"name":"(anonymous_28)","decl":{"start":{"line":196,"column":17},"end":{"line":196,"column":23}},"loc":{"start":{"line":196,"column":17},"end":{"line":197,"column":null}},"line":196},"29":{"name":"(anonymous_29)","decl":{"start":{"line":196,"column":23},"end":{"line":196,"column":27}},"loc":{"start":{"line":196,"column":32},"end":{"line":197,"column":null}},"line":196},"30":{"name":"(anonymous_30)","decl":{"start":{"line":196,"column":32},"end":{"line":196,"column":null}},"loc":{"start":{"line":196,"column":32},"end":{"line":198,"column":31}},"line":196},"31":{"name":"(anonymous_31)","decl":{"start":{"line":219,"column":27},"end":{"line":219,"column":42}},"loc":{"start":{"line":219,"column":27},"end":{"line":219,"column":56}},"line":219},"32":{"name":"(anonymous_32)","decl":{"start":{"line":216,"column":13},"end":{"line":216,"column":28}},"loc":{"start":{"line":216,"column":13},"end":{"line":216,"column":null}},"line":216},"33":{"name":"(anonymous_33)","decl":{"start":{"line":144,"column":25},"end":{"line":144,"column":40}},"loc":{"start":{"line":144,"column":25},"end":{"line":144,"column":61}},"line":144},"34":{"name":"(anonymous_34)","decl":{"start":{"line":210,"column":25},"end":{"line":210,"column":40}},"loc":{"start":{"line":210,"column":25},"end":{"line":210,"column":54}},"line":210},"35":{"name":"(anonymous_35)","decl":{"start":{"line":235,"column":25},"end":{"line":235,"column":40}},"loc":{"start":{"line":235,"column":25},"end":{"line":235,"column":46}},"line":235},"36":{"name":"(anonymous_36)","decl":{"start":{"line":123,"column":8},"end":{"line":123,"column":null}},"loc":{"start":{"line":123,"column":8},"end":{"line":123,"column":null}},"line":123},"37":{"name":"(anonymous_37)","decl":{"start":{"line":120,"column":6},"end":{"line":120,"column":42}},"loc":{"start":{"line":120,"column":63},"end":{"line":120,"column":null}},"line":120}},"branchMap":{"0":{"loc":{"start":{"line":78,"column":37},"end":{"line":78,"column":57}},"type":"binary-expr","locations":[{"start":{"line":78,"column":37},"end":{"line":78,"column":49}},{"start":{"line":78,"column":53},"end":{"line":78,"column":57}}],"line":78},"1":{"loc":{"start":{"line":102,"column":15},"end":{"line":102,"column":null}},"type":"if","locations":[{"start":{"line":102,"column":15},"end":{"line":102,"column":null}},{"start":{},"end":{}}],"line":102},"2":{"loc":{"start":{"line":105,"column":8},"end":{"line":109,"column":null}},"type":"if","locations":[{"start":{"line":105,"column":8},"end":{"line":109,"column":null}},{"start":{"line":107,"column":11},"end":{"line":109,"column":null}}],"line":105},"3":{"loc":{"start":{"line":135,"column":11},"end":{"line":135,"column":null}},"type":"if","locations":[{"start":{"line":135,"column":11},"end":{"line":135,"column":null}},{"start":{},"end":{}}],"line":135},"4":{"loc":{"start":{"line":146,"column":30},"end":{"line":148,"column":null}},"type":"binary-expr","locations":[{"start":{"line":146,"column":30},"end":{"line":148,"column":null}},{"start":{"line":148,"column":28},"end":{"line":148,"column":null}}],"line":146},"5":{"loc":{"start":{"line":149,"column":17},"end":{"line":149,"column":53}},"type":"cond-expr","locations":[{"start":{"line":149,"column":37},"end":{"line":149,"column":48}},{"start":{"line":149,"column":51},"end":{"line":149,"column":53}}],"line":149},"6":{"loc":{"start":{"line":146,"column":30},"end":{"line":147,"column":null}},"type":"if","locations":[{"start":{"line":146,"column":30},"end":{"line":147,"column":null}},{"start":{},"end":{}}],"line":146},"7":{"loc":{"start":{"line":147,"column":21},"end":{"line":147,"column":null}},"type":"binary-expr","locations":[{"start":{"line":147,"column":15},"end":{"line":147,"column":null}},{"start":{"line":147,"column":40},"end":{"line":147,"column":null}}],"line":147},"8":{"loc":{"start":{"line":165,"column":20},"end":{"line":165,"column":null}},"type":"if","locations":[{"start":{"line":165,"column":20},"end":{"line":165,"column":null}},{"start":{"line":165,"column":31},"end":{"line":165,"column":null}}],"line":165},"9":{"loc":{"start":{"line":163,"column":15},"end":{"line":163,"column":null}},"type":"if","locations":[{"start":{"line":163,"column":15},"end":{"line":163,"column":null}},{"start":{"line":163,"column":22},"end":{"line":163,"column":null}}],"line":163},"10":{"loc":{"start":{"line":181,"column":28},"end":{"line":181,"column":null}},"type":"binary-expr","locations":[{"start":{"line":181,"column":28},"end":{"line":181,"column":39}},{"start":{"line":181,"column":35},"end":{"line":181,"column":null}}],"line":181},"11":{"loc":{"start":{"line":183,"column":19},"end":{"line":183,"column":83}},"type":"cond-expr","locations":[{"start":{"line":183,"column":66},"end":{"line":183,"column":74}},{"start":{"line":183,"column":77},"end":{"line":183,"column":83}}],"line":183},"12":{"loc":{"start":{"line":196,"column":27},"end":{"line":199,"column":null}},"type":"binary-expr","locations":[{"start":{"line":196,"column":27},"end":{"line":199,"column":null}},{"start":{"line":199,"column":53},"end":{"line":199,"column":null}}],"line":196},"13":{"loc":{"start":{"line":219,"column":19},"end":{"line":219,"column":69}},"type":"binary-expr","locations":[{"start":{"line":219,"column":13},"end":{"line":219,"column":69}}],"line":219},"14":{"loc":{"start":{"line":144,"column":25},"end":{"line":144,"column":61}},"type":"binary-expr","locations":[{"start":{"line":144,"column":25},"end":{"line":144,"column":55}},{"start":{"line":144,"column":59},"end":{"line":144,"column":61}}],"line":144},"15":{"loc":{"start":{"line":144,"column":17},"end":{"line":144,"column":74}},"type":"binary-expr","locations":[{"start":{"line":144,"column":11},"end":{"line":144,"column":74}}],"line":144},"16":{"loc":{"start":{"line":210,"column":17},"end":{"line":210,"column":67}},"type":"binary-expr","locations":[{"start":{"line":210,"column":11},"end":{"line":210,"column":67}}],"line":210},"17":{"loc":{"start":{"line":235,"column":17},"end":{"line":235,"column":59}},"type":"binary-expr","locations":[{"start":{"line":235,"column":11},"end":{"line":235,"column":59}}],"line":235},"18":{"loc":{"start":{"line":120,"column":63},"end":{"line":120,"column":null}},"type":"binary-expr","locations":[{"start":{"line":120,"column":63},"end":{"line":120,"column":90}},{"start":{"line":120,"column":90},"end":{"line":120,"column":null}}],"line":120},"19":{"loc":{"start":{"line":117,"column":5},"end":{"line":117,"column":null}},"type":"if","locations":[{"start":{"line":117,"column":5},"end":{"line":117,"column":null}},{"start":{},"end":{}}],"line":117}},"s":{"0":13,"1":13,"2":13,"3":13,"4":13,"5":13,"6":13,"7":13,"8":13,"9":159,"10":13,"11":159,"12":13,"13":159,"14":13,"15":126,"16":13,"17":32,"18":13,"19":13,"20":13,"21":13,"22":13,"23":13,"24":0,"25":0,"26":13,"27":13,"28":13,"29":13,"30":13,"31":0,"32":0,"33":0,"34":0,"35":0,"36":0,"37":0,"38":0,"39":0,"40":0,"41":0,"42":0,"43":0,"44":0,"45":1,"46":1,"47":1,"48":0,"49":0,"50":0,"51":1,"52":1,"53":1,"54":1,"55":1,"56":0,"57":1,"58":1,"59":0,"60":1,"61":0,"62":12,"63":12,"64":12,"65":12,"66":12,"67":0,"68":0,"69":0,"70":12,"71":0,"72":12,"73":12,"74":12,"75":12,"76":12,"77":12,"78":24,"79":24,"80":24,"81":28,"82":28,"83":28,"84":28,"85":24,"86":24,"87":12,"88":12,"89":12,"90":12,"91":12,"92":12,"93":12,"94":0,"95":0,"96":1,"97":1,"98":11,"99":11,"100":12,"101":11,"102":12,"103":12,"104":0,"105":0,"106":0,"107":0,"108":0,"109":0,"110":0,"111":0,"112":0,"113":0,"114":0,"115":0,"116":0,"117":0,"118":0,"119":0,"120":0,"121":0,"122":0,"123":0,"124":0,"125":12,"126":12,"127":24,"128":12,"129":12,"130":12,"131":24,"132":12,"133":12,"134":12,"135":12,"136":12,"137":12,"138":14,"139":14,"140":14,"141":14,"142":12,"143":12,"144":12,"145":12,"146":12,"147":12,"148":12,"149":12,"150":12,"151":12,"152":2,"153":2,"154":2,"155":2,"156":2,"157":2,"158":2,"159":2,"160":2,"161":2,"162":2,"163":2,"164":2,"165":2,"166":2,"167":2,"168":14,"169":12,"170":12,"171":12,"172":12,"173":12,"174":12,"175":12,"176":12,"177":12,"178":12,"179":12,"180":12,"181":12,"182":12,"183":12,"184":12,"185":13,"186":13,"187":12,"188":12,"189":12,"190":12,"191":12,"192":12,"193":12,"194":0,"195":13,"196":12},"f":{"0":13,"1":159,"2":159,"3":159,"4":126,"5":32,"6":13,"7":13,"8":13,"9":0,"10":0,"11":1,"12":0,"13":1,"14":1,"15":0,"16":0,"17":36,"18":24,"19":80,"20":28,"21":0,"22":0,"23":0,"24":0,"25":0,"26":0,"27":24,"28":36,"29":12,"30":28,"31":6,"32":14,"33":38,"34":40,"35":40,"36":0,"37":0},"b":{"0":[0,0],"1":[0,1],"2":[0,1],"3":[0,12],"4":[28,0],"5":[14,14],"6":[24,4],"7":[24,0],"8":[1,11],"9":[0,12],"10":[0,0],"11":[0,0],"12":[14,0],"13":[2,null],"14":[38,38],"15":[12,null],"16":[13,null],"17":[13,null],"18":[0,0],"19":[12,1]},"meta":{"lastBranch":20,"lastFunction":38,"lastStatement":197,"seen":{"f:1:0:1:Infinity":0,"s:16:19:16:Infinity":0,"s:18:28:18:Infinity":1,"s:19:25:19:Infinity":2,"s:20:28:20:Infinity":3,"s:21:34:21:Infinity":4,"s:22:17:22:Infinity":5,"s:23:13:23:Infinity":6,"s:24:11:24:Infinity":7,"s:27:2:27:Infinity":8,"f:27:24:27:26":1,"s:27:27:27:Infinity":9,"s:28:2:28:Infinity":10,"f:28:27:28:29":2,"s:28:30:28:Infinity":11,"s:29:2:29:Infinity":12,"f:29:27:29:29":3,"s:29:30:29:Infinity":13,"s:30:2:30:Infinity":14,"f:30:20:30:22":4,"s:30:23:30:Infinity":15,"s:31:2:31:Infinity":16,"f:31:25:31:27":5,"s:31:28:31:Infinity":17,"s:33:2:36:Infinity":18,"f:33:9:33:22":6,"s:34:10:34:Infinity":19,"s:35:10:35:Infinity":20,"f:38:17:38:31":7,"s:39:8:45:Infinity":21,"s:40:18:40:Infinity":22,"s:41:6:41:Infinity":23,"s:43:6:43:Infinity":24,"s:44:6:44:Infinity":25,"f:48:17:48:30":8,"s:49:8:56:Infinity":26,"s:50:21:50:Infinity":27,"s:51:25:51:Infinity":28,"s:52:6:52:Infinity":29,"s:53:6:53:Infinity":30,"s:55:6:55:Infinity":31,"f:59:17:59:26":9,"s:60:4:60:Infinity":32,"s:61:4:61:Infinity":33,"s:63:8:73:Infinity":34,"s:64:12:64:Infinity":35,"s:65:6:65:Infinity":36,"s:66:6:66:Infinity":37,"s:67:6:67:Infinity":38,"s:69:6:69:Infinity":39,"s:70:6:70:Infinity":40,"s:72:6:72:Infinity":41,"f:76:11:76:29":10,"s:77:19:77:27":42,"s:78:4:78:Infinity":43,"b:78:37:78:49:78:53:78:57":0,"s:79:4:79:Infinity":44,"f:82:11:82:27":11,"s:83:19:83:27":45,"s:84:4:84:Infinity":46,"s:85:4:85:Infinity":47,"f:88:11:88:29":12,"s:89:19:89:27":48,"s:90:4:90:Infinity":49,"s:91:4:91:Infinity":50,"f:94:11:94:28":13,"s:95:19:95:27":51,"s:96:4:96:Infinity":52,"s:97:4:97:Infinity":53,"s:98:4:98:Infinity":54,"f:101:11:101:21":14,"b:102:15:102:Infinity:undefined:undefined:undefined:undefined":1,"s:102:15:102:Infinity":55,"s:102:37:102:Infinity":56,"s:104:17:104:41":57,"b:105:8:109:Infinity:107:11:109:Infinity":2,"s:105:8:109:Infinity":58,"s:106:6:106:Infinity":59,"s:108:6:108:Infinity":60,"f:112:11:112:16":15,"s:113:4:113:Infinity":61,"s:120:6:120:42":62,"s:123:8:120:42":63,"s:124:13:123:Infinity":64,"s:126:15:124:Infinity":65,"s:124:7:124:Infinity":66,"s:136:12:136:36":67,"s:136:9:136:36":68,"s:136:36:136:Infinity":69,"f:136:36:136:41":16,"b:135:11:135:Infinity:undefined:undefined:undefined:undefined":3,"s:135:11:135:Infinity":70,"s:135:16:135:Infinity":71,"s:139:14:139:Infinity":72,"s:142:14:139:Infinity":73,"s:144:17:142:Infinity":74,"s:145:19:144:25":75,"s:145:13:145:Infinity":76,"f:146:19:146:26":17,"s:146:19:147:29":77,"s:146:19:146:30":78,"f:146:26:146:30":18,"s:147:21:147:29":79,"s:147:15:147:29":80,"s:146:30:149:Infinity":81,"b:146:30:148:Infinity:148:28:148:Infinity":4,"f:146:36:146:Infinity":19,"s:146:36:148:28":82,"f:149:17:149:23":20,"s:149:17:149:53":83,"b:149:37:149:48:149:51:149:53":5,"b:146:30:147:Infinity:undefined:undefined:undefined:undefined":6,"s:146:30:147:Infinity":84,"s:146:36:147:40":85,"s:147:15:147:Infinity":86,"b:147:15:147:Infinity:147:40:147:Infinity":7,"s:144:11:144:25":87,"s:142:9:142:Infinity":88,"s:155:15:142:Infinity":89,"s:139:7:139:Infinity":90,"s:158:14:139:Infinity":91,"s:161:12:158:Infinity":92,"s:161:9:161:Infinity":93,"s:164:17:164:Infinity":94,"s:164:13:164:Infinity":95,"s:166:17:166:Infinity":96,"s:166:13:166:Infinity":97,"s:168:17:168:Infinity":98,"s:168:13:168:Infinity":99,"b:165:20:165:Infinity:165:31:165:Infinity":8,"s:165:20:165:Infinity":100,"s:165:31:165:Infinity":101,"b:163:15:163:Infinity:163:22:163:Infinity":9,"s:163:15:163:Infinity":102,"s:163:22:163:Infinity":103,"s:173:14:173:Infinity":104,"s:173:11:173:Infinity":105,"f:175:19:175:28":21,"s:175:19:176:Infinity":106,"s:175:19:175:32":107,"f:175:28:175:32":22,"s:176:18:176:Infinity":108,"s:177:21:176:Infinity":109,"s:177:17:177:23":110,"s:178:21:177:23":111,"s:178:17:178:42":112,"s:179:17:178:42":113,"s:179:17:179:Infinity":114,"s:176:15:176:Infinity":115,"s:175:32:177:Infinity":116,"f:175:37:175:Infinity":23,"s:175:37:177:33":117,"s:175:32:178:Infinity":118,"s:175:37:178:56":119,"s:179:17:181:Infinity":120,"f:181:28:181:35":24,"s:181:28:181:Infinity":121,"b:181:28:181:39:181:35:181:Infinity":10,"f:183:19:183:34":25,"s:183:19:183:83":122,"b:183:66:183:74:183:77:183:83":11,"s:179:17:180:Infinity":123,"f:179:17:179:Infinity":26,"s:180:34:180:Infinity":124,"s:189:12:189:Infinity":125,"s:189:11:189:Infinity":126,"f:172:13:172:22":27,"s:172:13:172:33":127,"s:194:12:194:Infinity":128,"s:194:9:194:Infinity":129,"f:196:17:196:23":28,"s:196:17:197:Infinity":130,"s:196:17:196:27":131,"f:196:23:196:27":29,"s:197:16:197:Infinity":132,"s:198:19:197:Infinity":133,"s:198:15:198:21":134,"s:199:19:198:21":135,"s:199:15:199:40":136,"s:197:13:197:Infinity":137,"s:196:27:198:Infinity":138,"f:196:32:196:Infinity":30,"s:196:32:198:31":139,"s:196:27:199:Infinity":140,"b:196:27:199:Infinity:199:53:199:Infinity":12,"s:196:32:199:53":141,"s:158:7:158:Infinity":142,"s:205:14:158:Infinity":143,"s:208:14:205:Infinity":144,"s:210:17:208:Infinity":145,"s:211:19:210:25":146,"s:211:13:211:Infinity":147,"s:212:19:211:Infinity":148,"s:212:13:212:Infinity":149,"s:210:11:210:25":150,"s:208:9:208:Infinity":151,"s:217:16:217:Infinity":152,"s:219:19:217:Infinity":153,"s:220:21:219:27":154,"s:220:15:220:Infinity":155,"s:221:21:220:Infinity":156,"s:221:15:221:Infinity":157,"s:222:21:221:Infinity":158,"s:222:15:222:Infinity":159,"s:223:21:222:Infinity":160,"s:223:15:223:Infinity":161,"s:224:21:223:Infinity":162,"s:224:15:224:Infinity":163,"s:219:13:219:27":164,"s:217:11:217:Infinity":165,"f:219:27:219:42":31,"s:219:27:219:56":166,"b:219:13:219:69":13,"s:219:13:219:Infinity":167,"f:216:13:216:28":32,"s:216:13:216:Infinity":168,"s:205:7:205:Infinity":169,"s:230:14:205:Infinity":170,"s:233:14:230:Infinity":171,"s:235:17:233:Infinity":172,"s:236:19:235:25":173,"s:236:13:236:Infinity":174,"s:237:19:236:Infinity":175,"s:237:13:237:Infinity":176,"s:238:19:237:Infinity":177,"s:238:13:238:Infinity":178,"s:235:11:235:25":179,"s:233:9:233:Infinity":180,"s:230:7:230:Infinity":181,"s:123:5:123:Infinity":182,"s:120:3:120:42":183,"f:144:25:144:40":33,"s:144:25:144:61":184,"b:144:25:144:55:144:59:144:61":14,"b:144:11:144:74":15,"f:210:25:210:40":34,"s:210:25:210:54":185,"b:210:11:210:67":16,"f:235:25:235:40":35,"s:235:25:235:46":186,"b:235:11:235:59":17,"s:126:9:126:Infinity":187,"s:144:11:144:Infinity":188,"s:155:9:155:Infinity":189,"s:210:11:210:Infinity":190,"s:235:11:235:Infinity":191,"f:123:8:123:Infinity":36,"s:120:3:120:62":192,"s:120:3:120:Infinity":193,"f:120:6:120:42":37,"s:120:63:120:Infinity":194,"b:120:63:120:90:120:90:120:Infinity":18,"b:117:5:117:Infinity:undefined:undefined:undefined:undefined":19,"s:117:5:117:Infinity":195,"s:117:11:117:Infinity":196}}}
,"D:\\dev\\icanhastool\\src\\lib\\Terminal.svelte": {"path":"D:\\dev\\icanhastool\\src\\lib\\Terminal.svelte","statementMap":{"0":{"start":{"line":10,"column":39},"end":{"line":10,"column":null}},"1":{"start":{"line":11,"column":34},"end":{"line":11,"column":38}},"2":{"start":{"line":12,"column":34},"end":{"line":12,"column":38}},"3":{"start":{"line":13,"column":36},"end":{"line":13,"column":40}},"4":{"start":{"line":14,"column":46},"end":{"line":14,"column":50}},"5":{"start":{"line":17,"column":43},"end":{"line":17,"column":null}},"6":{"start":{"line":20,"column":2},"end":{"line":73,"column":null}},"7":{"start":{"line":21,"column":4},"end":{"line":33,"column":null}},"8":{"start":{"line":36,"column":4},"end":{"line":36,"column":null}},"9":{"start":{"line":37,"column":4},"end":{"line":37,"column":null}},"10":{"start":{"line":39,"column":4},"end":{"line":39,"column":null}},"11":{"start":{"line":40,"column":4},"end":{"line":40,"column":null}},"12":{"start":{"line":43,"column":4},"end":{"line":47,"column":null}},"13":{"start":{"line":44,"column":6},"end":{"line":46,"column":null}},"14":{"start":{"line":45,"column":8},"end":{"line":45,"column":null}},"15":{"start":{"line":50,"column":4},"end":{"line":55,"column":null}},"16":{"start":{"line":51,"column":10},"end":{"line":54,"column":null}},"17":{"start":{"line":52,"column":8},"end":{"line":52,"column":null}},"18":{"start":{"line":53,"column":8},"end":{"line":53,"column":null}},"19":{"start":{"line":58,"column":4},"end":{"line":68,"column":null}},"20":{"start":{"line":59,"column":10},"end":{"line":67,"column":null}},"21":{"start":{"line":60,"column":8},"end":{"line":60,"column":null}},"22":{"start":{"line":61,"column":21},"end":{"line":61,"column":null}},"23":{"start":{"line":62,"column":12},"end":{"line":66,"column":null}},"24":{"start":{"line":63,"column":10},"end":{"line":65,"column":null}},"25":{"start":{"line":69,"column":4},"end":{"line":69,"column":null}},"26":{"start":{"line":72,"column":10},"end":{"line":72,"column":null}},"27":{"start":{"line":75,"column":2},"end":{"line":80,"column":null}},"28":{"start":{"line":76,"column":8},"end":{"line":76,"column":null}},"29":{"start":{"line":76,"column":18},"end":{"line":76,"column":null}},"30":{"start":{"line":77,"column":8},"end":{"line":77,"column":null}},"31":{"start":{"line":77,"column":24},"end":{"line":77,"column":null}},"32":{"start":{"line":78,"column":8},"end":{"line":78,"column":null}},"33":{"start":{"line":78,"column":18},"end":{"line":78,"column":null}},"34":{"start":{"line":79,"column":4},"end":{"line":79,"column":null}},"35":{"start":{"line":83,"column":8},"end":{"line":97,"column":null}},"36":{"start":{"line":84,"column":12},"end":{"line":84,"column":null}},"37":{"start":{"line":85,"column":6},"end":{"line":85,"column":null}},"38":{"start":{"line":88,"column":10},"end":{"line":93,"column":null}},"39":{"start":{"line":89,"column":21},"end":{"line":89,"column":null}},"40":{"start":{"line":90,"column":12},"end":{"line":92,"column":null}},"41":{"start":{"line":91,"column":16},"end":{"line":91,"column":null}},"42":{"start":{"line":95,"column":6},"end":{"line":95,"column":null}},"43":{"start":{"line":96,"column":6},"end":{"line":96,"column":null}},"44":{"start":{"line":101,"column":8},"end":{"line":106,"column":null}},"45":{"start":{"line":102,"column":12},"end":{"line":102,"column":null}},"46":{"start":{"line":103,"column":6},"end":{"line":103,"column":null}},"47":{"start":{"line":105,"column":6},"end":{"line":105,"column":null}},"48":{"start":{"line":111,"column":9},"end":{"line":111,"column":null}},"49":{"start":{"line":111,"column":18},"end":{"line":111,"column":null}},"50":{"start":{"line":113,"column":8},"end":{"line":121,"column":null}},"51":{"start":{"line":115,"column":10},"end":{"line":117,"column":null}},"52":{"start":{"line":116,"column":8},"end":{"line":116,"column":null}},"53":{"start":{"line":118,"column":12},"end":{"line":118,"column":null}},"54":{"start":{"line":120,"column":6},"end":{"line":120,"column":null}},"55":{"start":{"line":126,"column":4},"end":{"line":126,"column":null}},"56":{"start":{"line":131,"column":4},"end":{"line":131,"column":null}},"57":{"start":{"line":135,"column":4},"end":{"line":135,"column":41}},"58":{"start":{"line":135,"column":1},"end":{"line":135,"column":null}},"59":{"start":{"line":135,"column":4},"end":{"line":135,"column":null}},"60":{"start":{"line":135,"column":58},"end":{"line":135,"column":null}},"61":{"start":{"line":135,"column":1},"end":{"line":135,"column":41}}},"fnMap":{"0":{"name":"Terminal_1","decl":{"start":{"line":1,"column":0},"end":{"line":1,"column":null}},"loc":{"start":{"line":1,"column":0},"end":{"line":135,"column":41}},"line":1},"1":{"name":"(anonymous_1)","decl":{"start":{"line":20,"column":9},"end":{"line":20,"column":22}},"loc":{"start":{"line":20,"column":22},"end":{"line":73,"column":3}},"line":20},"2":{"name":"(anonymous_2)","decl":{"start":{"line":43,"column":19},"end":{"line":43,"column":21}},"loc":{"start":{"line":43,"column":30},"end":{"line":47,"column":5}},"line":43},"3":{"name":"(anonymous_3)","decl":{"start":{"line":44,"column":53},"end":{"line":44,"column":55}},"loc":{"start":{"line":44,"column":61},"end":{"line":46,"column":7}},"line":44},"4":{"name":"(anonymous_4)","decl":{"start":{"line":50,"column":80},"end":{"line":50,"column":83}},"loc":{"start":{"line":50,"column":93},"end":{"line":55,"column":5}},"line":50},"5":{"name":"(anonymous_5)","decl":{"start":{"line":58,"column":39},"end":{"line":58,"column":46}},"loc":{"start":{"line":58,"column":46},"end":{"line":68,"column":5}},"line":58},"6":{"name":"(anonymous_6)","decl":{"start":{"line":63,"column":77},"end":{"line":63,"column":84}},"loc":{"start":{"line":63,"column":84},"end":{"line":65,"column":11}},"line":63},"7":{"name":"(anonymous_7)","decl":{"start":{"line":75,"column":11},"end":{"line":75,"column":18}},"loc":{"start":{"line":75,"column":18},"end":{"line":80,"column":3}},"line":75},"8":{"name":"startClaude","decl":{"start":{"line":82,"column":17},"end":{"line":82,"column":28}},"loc":{"start":{"line":82,"column":31},"end":{"line":98,"column":null}},"line":82},"9":{"name":"stopClaude","decl":{"start":{"line":100,"column":17},"end":{"line":100,"column":27}},"loc":{"start":{"line":100,"column":30},"end":{"line":107,"column":null}},"line":100},"10":{"name":"sendText","decl":{"start":{"line":110,"column":24},"end":{"line":110,"column":32}},"loc":{"start":{"line":110,"column":47},"end":{"line":122,"column":null}},"line":110},"11":{"name":"focus","decl":{"start":{"line":125,"column":18},"end":{"line":125,"column":23}},"loc":{"start":{"line":125,"column":26},"end":{"line":127,"column":null}},"line":125},"12":{"name":"clear","decl":{"start":{"line":130,"column":18},"end":{"line":130,"column":23}},"loc":{"start":{"line":130,"column":26},"end":{"line":132,"column":null}},"line":130},"13":{"name":"(anonymous_13)","decl":{"start":{"line":135,"column":4},"end":{"line":135,"column":41}},"loc":{"start":{"line":135,"column":4},"end":{"line":135,"column":null}},"line":135},"14":{"name":"(anonymous_14)","decl":{"start":{"line":135,"column":58},"end":{"line":135,"column":null}},"loc":{"start":{"line":135,"column":58},"end":{"line":135,"column":null}},"line":135}},"branchMap":{"0":{"loc":{"start":{"line":51,"column":10},"end":{"line":54,"column":null}},"type":"if","locations":[{"start":{"line":51,"column":10},"end":{"line":54,"column":null}},{"start":{},"end":{}}],"line":51},"1":{"loc":{"start":{"line":59,"column":10},"end":{"line":67,"column":null}},"type":"if","locations":[{"start":{"line":59,"column":10},"end":{"line":67,"column":null}},{"start":{},"end":{}}],"line":59},"2":{"loc":{"start":{"line":59,"column":10},"end":{"line":59,"column":30}},"type":"binary-expr","locations":[{"start":{"line":59,"column":10},"end":{"line":59,"column":18}},{"start":{"line":59,"column":22},"end":{"line":59,"column":30}}],"line":59},"3":{"loc":{"start":{"line":62,"column":12},"end":{"line":66,"column":null}},"type":"if","locations":[{"start":{"line":62,"column":12},"end":{"line":66,"column":null}},{"start":{},"end":{}}],"line":62},"4":{"loc":{"start":{"line":76,"column":8},"end":{"line":76,"column":null}},"type":"if","locations":[{"start":{"line":76,"column":8},"end":{"line":76,"column":null}},{"start":{},"end":{}}],"line":76},"5":{"loc":{"start":{"line":77,"column":8},"end":{"line":77,"column":null}},"type":"if","locations":[{"start":{"line":77,"column":8},"end":{"line":77,"column":null}},{"start":{},"end":{}}],"line":77},"6":{"loc":{"start":{"line":78,"column":8},"end":{"line":78,"column":null}},"type":"if","locations":[{"start":{"line":78,"column":8},"end":{"line":78,"column":null}},{"start":{},"end":{}}],"line":78},"7":{"loc":{"start":{"line":88,"column":10},"end":{"line":93,"column":null}},"type":"if","locations":[{"start":{"line":88,"column":10},"end":{"line":93,"column":null}},{"start":{},"end":{}}],"line":88},"8":{"loc":{"start":{"line":90,"column":12},"end":{"line":92,"column":null}},"type":"if","locations":[{"start":{"line":90,"column":12},"end":{"line":92,"column":null}},{"start":{},"end":{}}],"line":90},"9":{"loc":{"start":{"line":111,"column":9},"end":{"line":111,"column":null}},"type":"if","locations":[{"start":{"line":111,"column":9},"end":{"line":111,"column":null}},{"start":{},"end":{}}],"line":111},"10":{"loc":{"start":{"line":115,"column":10},"end":{"line":117,"column":null}},"type":"if","locations":[{"start":{"line":115,"column":10},"end":{"line":117,"column":null}},{"start":{},"end":{}}],"line":115}},"s":{"0":7,"1":7,"2":7,"3":7,"4":7,"5":7,"6":7,"7":7,"8":7,"9":7,"10":7,"11":7,"12":7,"13":0,"14":0,"15":7,"16":0,"17":0,"18":0,"19":7,"20":0,"21":0,"22":0,"23":0,"24":0,"25":7,"26":7,"27":7,"28":7,"29":7,"30":7,"31":7,"32":7,"33":7,"34":7,"35":7,"36":7,"37":7,"38":7,"39":7,"40":7,"41":7,"42":0,"43":0,"44":7,"45":7,"46":7,"47":0,"48":0,"49":0,"50":0,"51":0,"52":0,"53":0,"54":0,"55":0,"56":0,"57":7,"58":7,"59":14,"60":14,"61":7},"f":{"0":7,"1":7,"2":0,"3":0,"4":0,"5":0,"6":0,"7":7,"8":7,"9":7,"10":0,"11":0,"12":0,"13":14,"14":14},"b":{"0":[0,0],"1":[0,0],"2":[0,0],"3":[0,0],"4":[7,0],"5":[7,0],"6":[7,0],"7":[7,0],"8":[7,0],"9":[0,0],"10":[0,0]},"meta":{"lastBranch":11,"lastFunction":15,"lastStatement":62,"seen":{"f:1:0:1:Infinity":0,"s:10:39:10:Infinity":0,"s:11:34:11:38":1,"s:12:34:12:38":2,"s:13:36:13:40":3,"s:14:46:14:50":4,"s:17:43:17:Infinity":5,"s:20:2:73:Infinity":6,"f:20:9:20:22":1,"s:21:4:33:Infinity":7,"s:36:4:36:Infinity":8,"s:37:4:37:Infinity":9,"s:39:4:39:Infinity":10,"s:40:4:40:Infinity":11,"s:43:4:47:Infinity":12,"f:43:19:43:21":2,"s:44:6:46:Infinity":13,"f:44:53:44:55":3,"s:45:8:45:Infinity":14,"s:50:4:55:Infinity":15,"f:50:80:50:83":4,"b:51:10:54:Infinity:undefined:undefined:undefined:undefined":0,"s:51:10:54:Infinity":16,"s:52:8:52:Infinity":17,"s:53:8:53:Infinity":18,"s:58:4:68:Infinity":19,"f:58:39:58:46":5,"b:59:10:67:Infinity:undefined:undefined:undefined:undefined":1,"s:59:10:67:Infinity":20,"b:59:10:59:18:59:22:59:30":2,"s:60:8:60:Infinity":21,"s:61:21:61:Infinity":22,"b:62:12:66:Infinity:undefined:undefined:undefined:undefined":3,"s:62:12:66:Infinity":23,"s:63:10:65:Infinity":24,"f:63:77:63:84":6,"s:69:4:69:Infinity":25,"s:72:10:72:Infinity":26,"s:75:2:80:Infinity":27,"f:75:11:75:18":7,"b:76:8:76:Infinity:undefined:undefined:undefined:undefined":4,"s:76:8:76:Infinity":28,"s:76:18:76:Infinity":29,"b:77:8:77:Infinity:undefined:undefined:undefined:undefined":5,"s:77:8:77:Infinity":30,"s:77:24:77:Infinity":31,"b:78:8:78:Infinity:undefined:undefined:undefined:undefined":6,"s:78:8:78:Infinity":32,"s:78:18:78:Infinity":33,"s:79:4:79:Infinity":34,"f:82:17:82:28":8,"s:83:8:97:Infinity":35,"s:84:12:84:Infinity":36,"s:85:6:85:Infinity":37,"b:88:10:93:Infinity:undefined:undefined:undefined:undefined":7,"s:88:10:93:Infinity":38,"s:89:21:89:Infinity":39,"b:90:12:92:Infinity:undefined:undefined:undefined:undefined":8,"s:90:12:92:Infinity":40,"s:91:16:91:Infinity":41,"s:95:6:95:Infinity":42,"s:96:6:96:Infinity":43,"f:100:17:100:27":9,"s:101:8:106:Infinity":44,"s:102:12:102:Infinity":45,"s:103:6:103:Infinity":46,"s:105:6:105:Infinity":47,"f:110:24:110:32":10,"b:111:9:111:Infinity:undefined:undefined:undefined:undefined":9,"s:111:9:111:Infinity":48,"s:111:18:111:Infinity":49,"s:113:8:121:Infinity":50,"b:115:10:117:Infinity:undefined:undefined:undefined:undefined":10,"s:115:10:117:Infinity":51,"s:116:8:116:Infinity":52,"s:118:12:118:Infinity":53,"s:120:6:120:Infinity":54,"f:125:18:125:23":11,"s:126:4:126:Infinity":55,"f:130:18:130:23":12,"s:131:4:131:Infinity":56,"s:135:4:135:41":57,"s:135:1:135:Infinity":58,"f:135:4:135:41":13,"s:135:4:135:Infinity":59,"f:135:58:135:Infinity":14,"s:135:58:135:Infinity":60,"s:135:1:135:41":61}}}
,"D:\\dev\\icanhastool\\src\\lib\\VoiceControl.svelte": {"path":"D:\\dev\\icanhastool\\src\\lib\\VoiceControl.svelte","statementMap":{"0":{"start":{"line":16,"column":16},"end":{"line":16,"column":null}},"1":{"start":{"line":20,"column":36},"end":{"line":20,"column":40}},"2":{"start":{"line":21,"column":41},"end":{"line":21,"column":45}},"3":{"start":{"line":22,"column":27},"end":{"line":22,"column":32}},"4":{"start":{"line":25,"column":15},"end":{"line":25,"column":null}},"5":{"start":{"line":26,"column":17},"end":{"line":26,"column":null}},"6":{"start":{"line":27,"column":13},"end":{"line":27,"column":null}},"7":{"start":{"line":28,"column":90},"end":{"line":30,"column":null}},"8":{"start":{"line":33,"column":2},"end":{"line":33,"column":null}},"9":{"start":{"line":33,"column":26},"end":{"line":33,"column":null}},"10":{"start":{"line":34,"column":2},"end":{"line":34,"column":null}},"11":{"start":{"line":34,"column":28},"end":{"line":34,"column":null}},"12":{"start":{"line":35,"column":2},"end":{"line":35,"column":null}},"13":{"start":{"line":35,"column":35},"end":{"line":35,"column":null}},"14":{"start":{"line":36,"column":2},"end":{"line":36,"column":null}},"15":{"start":{"line":36,"column":23},"end":{"line":36,"column":null}},"16":{"start":{"line":38,"column":2},"end":{"line":54,"column":null}},"17":{"start":{"line":40,"column":4},"end":{"line":42,"column":null}},"18":{"start":{"line":41,"column":6},"end":{"line":41,"column":null}},"19":{"start":{"line":44,"column":4},"end":{"line":49,"column":null}},"20":{"start":{"line":45,"column":6},"end":{"line":45,"column":null}},"21":{"start":{"line":46,"column":10},"end":{"line":48,"column":null}},"22":{"start":{"line":47,"column":8},"end":{"line":47,"column":null}},"23":{"start":{"line":52,"column":4},"end":{"line":52,"column":null}},"24":{"start":{"line":53,"column":4},"end":{"line":53,"column":null}},"25":{"start":{"line":56,"column":2},"end":{"line":61,"column":null}},"26":{"start":{"line":57,"column":8},"end":{"line":57,"column":null}},"27":{"start":{"line":57,"column":18},"end":{"line":57,"column":null}},"28":{"start":{"line":58,"column":8},"end":{"line":58,"column":null}},"29":{"start":{"line":58,"column":23},"end":{"line":58,"column":null}},"30":{"start":{"line":59,"column":4},"end":{"line":59,"column":null}},"31":{"start":{"line":60,"column":4},"end":{"line":60,"column":null}},"32":{"start":{"line":64,"column":8},"end":{"line":64,"column":null}},"33":{"start":{"line":64,"column":56},"end":{"line":64,"column":null}},"34":{"start":{"line":65,"column":8},"end":{"line":69,"column":null}},"35":{"start":{"line":66,"column":6},"end":{"line":66,"column":null}},"36":{"start":{"line":67,"column":6},"end":{"line":67,"column":null}},"37":{"start":{"line":68,"column":6},"end":{"line":68,"column":null}},"38":{"start":{"line":73,"column":8},"end":{"line":73,"column":null}},"39":{"start":{"line":73,"column":56},"end":{"line":73,"column":null}},"40":{"start":{"line":74,"column":8},"end":{"line":78,"column":null}},"41":{"start":{"line":75,"column":6},"end":{"line":75,"column":null}},"42":{"start":{"line":76,"column":6},"end":{"line":76,"column":null}},"43":{"start":{"line":77,"column":6},"end":{"line":77,"column":null}},"44":{"start":{"line":82,"column":8},"end":{"line":82,"column":null}},"45":{"start":{"line":82,"column":33},"end":{"line":82,"column":null}},"46":{"start":{"line":84,"column":8},"end":{"line":90,"column":null}},"47":{"start":{"line":85,"column":6},"end":{"line":85,"column":null}},"48":{"start":{"line":86,"column":12},"end":{"line":86,"column":null}},"49":{"start":{"line":87,"column":6},"end":{"line":87,"column":null}},"50":{"start":{"line":89,"column":6},"end":{"line":89,"column":null}},"51":{"start":{"line":94,"column":9},"end":{"line":94,"column":null}},"52":{"start":{"line":94,"column":18},"end":{"line":94,"column":null}},"53":{"start":{"line":96,"column":8},"end":{"line":106,"column":null}},"54":{"start":{"line":97,"column":18},"end":{"line":97,"column":null}},"55":{"start":{"line":98,"column":6},"end":{"line":98,"column":null}},"56":{"start":{"line":100,"column":10},"end":{"line":102,"column":null}},"57":{"start":{"line":101,"column":8},"end":{"line":101,"column":null}},"58":{"start":{"line":104,"column":6},"end":{"line":104,"column":null}},"59":{"start":{"line":105,"column":6},"end":{"line":105,"column":null}},"60":{"start":{"line":110,"column":8},"end":{"line":114,"column":null}},"61":{"start":{"line":111,"column":6},"end":{"line":111,"column":null}},"62":{"start":{"line":113,"column":6},"end":{"line":113,"column":null}},"63":{"start":{"line":121,"column":4},"end":{"line":121,"column":null}},"64":{"start":{"line":122,"column":3},"end":{"line":121,"column":null}},"65":{"start":{"line":134,"column":8},"end":{"line":122,"column":null}},"66":{"start":{"line":134,"column":5},"end":{"line":134,"column":null}},"67":{"start":{"line":137,"column":13},"end":{"line":137,"column":null}},"68":{"start":{"line":137,"column":9},"end":{"line":137,"column":null}},"69":{"start":{"line":140,"column":9},"end":{"line":140,"column":null}},"70":{"start":{"line":135,"column":11},"end":{"line":135,"column":null}},"71":{"start":{"line":135,"column":20},"end":{"line":135,"column":null}},"72":{"start":{"line":122,"column":3},"end":{"line":122,"column":null}},"73":{"start":{"line":147,"column":6},"end":{"line":122,"column":null}},"74":{"start":{"line":147,"column":3},"end":{"line":147,"column":null}},"75":{"start":{"line":149,"column":10},"end":{"line":149,"column":null}},"76":{"start":{"line":149,"column":7},"end":{"line":149,"column":null}},"77":{"start":{"line":148,"column":9},"end":{"line":148,"column":null}},"78":{"start":{"line":148,"column":18},"end":{"line":148,"column":null}},"79":{"start":{"line":156,"column":10},"end":{"line":156,"column":33}},"80":{"start":{"line":156,"column":7},"end":{"line":156,"column":33}},"81":{"start":{"line":156,"column":33},"end":{"line":156,"column":null}},"82":{"start":{"line":155,"column":9},"end":{"line":155,"column":null}},"83":{"start":{"line":155,"column":16},"end":{"line":155,"column":null}},"84":{"start":{"line":161,"column":8},"end":{"line":161,"column":33}},"85":{"start":{"line":161,"column":5},"end":{"line":161,"column":33}},"86":{"start":{"line":161,"column":33},"end":{"line":161,"column":null}},"87":{"start":{"line":160,"column":7},"end":{"line":160,"column":null}},"88":{"start":{"line":160,"column":55},"end":{"line":160,"column":null}},"89":{"start":{"line":121,"column":1},"end":{"line":121,"column":null}},"90":{"start":{"line":122,"column":3},"end":{"line":125,"column":null}},"91":{"start":{"line":122,"column":3},"end":{"line":127,"column":null}},"92":{"start":{"line":122,"column":3},"end":{"line":132,"column":null}},"93":{"start":{"line":122,"column":3},"end":{"line":126,"column":null}}},"fnMap":{"0":{"name":"VoiceControl","decl":{"start":{"line":1,"column":0},"end":{"line":1,"column":null}},"loc":{"start":{"line":1,"column":0},"end":{"line":121,"column":null}},"line":1},"1":{"name":"(anonymous_1)","decl":{"start":{"line":33,"column":23},"end":{"line":33,"column":25}},"loc":{"start":{"line":33,"column":26},"end":{"line":33,"column":null}},"line":33},"2":{"name":"(anonymous_2)","decl":{"start":{"line":34,"column":25},"end":{"line":34,"column":27}},"loc":{"start":{"line":34,"column":28},"end":{"line":34,"column":null}},"line":34},"3":{"name":"(anonymous_3)","decl":{"start":{"line":35,"column":32},"end":{"line":35,"column":34}},"loc":{"start":{"line":35,"column":35},"end":{"line":35,"column":null}},"line":35},"4":{"name":"(anonymous_4)","decl":{"start":{"line":36,"column":20},"end":{"line":36,"column":22}},"loc":{"start":{"line":36,"column":23},"end":{"line":36,"column":null}},"line":36},"5":{"name":"(anonymous_5)","decl":{"start":{"line":38,"column":9},"end":{"line":38,"column":22}},"loc":{"start":{"line":38,"column":22},"end":{"line":54,"column":3}},"line":38},"6":{"name":"(anonymous_6)","decl":{"start":{"line":40,"column":62},"end":{"line":40,"column":65}},"loc":{"start":{"line":40,"column":75},"end":{"line":42,"column":5}},"line":40},"7":{"name":"(anonymous_7)","decl":{"start":{"line":44,"column":73},"end":{"line":44,"column":76}},"loc":{"start":{"line":44,"column":86},"end":{"line":49,"column":5}},"line":44},"8":{"name":"(anonymous_8)","decl":{"start":{"line":56,"column":11},"end":{"line":56,"column":18}},"loc":{"start":{"line":56,"column":18},"end":{"line":61,"column":3}},"line":56},"9":{"name":"handleKeyDown","decl":{"start":{"line":63,"column":11},"end":{"line":63,"column":24}},"loc":{"start":{"line":63,"column":43},"end":{"line":70,"column":null}},"line":63},"10":{"name":"handleKeyUp","decl":{"start":{"line":72,"column":11},"end":{"line":72,"column":22}},"loc":{"start":{"line":72,"column":41},"end":{"line":79,"column":null}},"line":72},"11":{"name":"startRecording","decl":{"start":{"line":81,"column":17},"end":{"line":81,"column":31}},"loc":{"start":{"line":81,"column":34},"end":{"line":91,"column":null}},"line":81},"12":{"name":"stopRecording","decl":{"start":{"line":93,"column":17},"end":{"line":93,"column":30}},"loc":{"start":{"line":93,"column":33},"end":{"line":107,"column":null}},"line":93},"13":{"name":"toggleRecording","decl":{"start":{"line":109,"column":11},"end":{"line":109,"column":26}},"loc":{"start":{"line":109,"column":29},"end":{"line":115,"column":null}},"line":109},"14":{"name":"(anonymous_14)","decl":{"start":{"line":156,"column":33},"end":{"line":156,"column":40}},"loc":{"start":{"line":156,"column":33},"end":{"line":156,"column":null}},"line":156},"15":{"name":"(anonymous_15)","decl":{"start":{"line":161,"column":33},"end":{"line":161,"column":48}},"loc":{"start":{"line":161,"column":33},"end":{"line":161,"column":null}},"line":161}},"branchMap":{"0":{"loc":{"start":{"line":46,"column":10},"end":{"line":48,"column":null}},"type":"if","locations":[{"start":{"line":46,"column":10},"end":{"line":48,"column":null}},{"start":{},"end":{}}],"line":46},"1":{"loc":{"start":{"line":57,"column":8},"end":{"line":57,"column":null}},"type":"if","locations":[{"start":{"line":57,"column":8},"end":{"line":57,"column":null}},{"start":{},"end":{}}],"line":57},"2":{"loc":{"start":{"line":58,"column":8},"end":{"line":58,"column":null}},"type":"if","locations":[{"start":{"line":58,"column":8},"end":{"line":58,"column":null}},{"start":{},"end":{}}],"line":58},"3":{"loc":{"start":{"line":64,"column":8},"end":{"line":64,"column":null}},"type":"if","locations":[{"start":{"line":64,"column":8},"end":{"line":64,"column":null}},{"start":{},"end":{}}],"line":64},"4":{"loc":{"start":{"line":65,"column":8},"end":{"line":69,"column":null}},"type":"if","locations":[{"start":{"line":65,"column":8},"end":{"line":69,"column":null}},{"start":{},"end":{}}],"line":65},"5":{"loc":{"start":{"line":65,"column":8},"end":{"line":65,"column":71}},"type":"binary-expr","locations":[{"start":{"line":65,"column":8},"end":{"line":65,"column":53}},{"start":{"line":65,"column":48},"end":{"line":65,"column":71}}],"line":65},"6":{"loc":{"start":{"line":73,"column":8},"end":{"line":73,"column":null}},"type":"if","locations":[{"start":{"line":73,"column":8},"end":{"line":73,"column":null}},{"start":{},"end":{}}],"line":73},"7":{"loc":{"start":{"line":74,"column":8},"end":{"line":78,"column":null}},"type":"if","locations":[{"start":{"line":74,"column":8},"end":{"line":78,"column":null}},{"start":{},"end":{}}],"line":74},"8":{"loc":{"start":{"line":74,"column":8},"end":{"line":74,"column":70}},"type":"binary-expr","locations":[{"start":{"line":74,"column":8},"end":{"line":74,"column":52}},{"start":{"line":74,"column":52},"end":{"line":74,"column":70}}],"line":74},"9":{"loc":{"start":{"line":82,"column":8},"end":{"line":82,"column":null}},"type":"if","locations":[{"start":{"line":82,"column":8},"end":{"line":82,"column":null}},{"start":{},"end":{}}],"line":82},"10":{"loc":{"start":{"line":82,"column":8},"end":{"line":82,"column":null}},"type":"binary-expr","locations":[{"start":{"line":82,"column":8},"end":{"line":82,"column":22}},{"start":{"line":82,"column":17},"end":{"line":82,"column":null}}],"line":82},"11":{"loc":{"start":{"line":94,"column":9},"end":{"line":94,"column":null}},"type":"if","locations":[{"start":{"line":94,"column":9},"end":{"line":94,"column":null}},{"start":{},"end":{}}],"line":94},"12":{"loc":{"start":{"line":100,"column":10},"end":{"line":102,"column":null}},"type":"if","locations":[{"start":{"line":100,"column":10},"end":{"line":102,"column":null}},{"start":{},"end":{}}],"line":100},"13":{"loc":{"start":{"line":110,"column":8},"end":{"line":114,"column":null}},"type":"if","locations":[{"start":{"line":110,"column":8},"end":{"line":114,"column":null}},{"start":{"line":112,"column":11},"end":{"line":114,"column":null}}],"line":110},"14":{"loc":{"start":{"line":135,"column":11},"end":{"line":135,"column":null}},"type":"if","locations":[{"start":{"line":135,"column":11},"end":{"line":135,"column":null}},{"start":{"line":135,"column":20},"end":{"line":135,"column":null}}],"line":135},"15":{"loc":{"start":{"line":148,"column":9},"end":{"line":148,"column":null}},"type":"if","locations":[{"start":{"line":148,"column":9},"end":{"line":148,"column":null}},{"start":{},"end":{}}],"line":148},"16":{"loc":{"start":{"line":155,"column":9},"end":{"line":155,"column":null}},"type":"if","locations":[{"start":{"line":155,"column":9},"end":{"line":155,"column":null}},{"start":{},"end":{}}],"line":155},"17":{"loc":{"start":{"line":161,"column":33},"end":{"line":161,"column":null}},"type":"binary-expr","locations":[{"start":{"line":161,"column":33},"end":{"line":161,"column":62}},{"start":{"line":161,"column":62},"end":{"line":161,"column":null}}],"line":161},"18":{"loc":{"start":{"line":160,"column":7},"end":{"line":160,"column":null}},"type":"if","locations":[{"start":{"line":160,"column":7},"end":{"line":160,"column":null}},{"start":{},"end":{}}],"line":160},"19":{"loc":{"start":{"line":122,"column":3},"end":{"line":132,"column":35}},"type":"cond-expr","locations":[{"start":{"line":129,"column":8},"end":{"line":131,"column":null}},{"start":{"line":132,"column":8},"end":{"line":132,"column":35}}],"line":122},"20":{"loc":{"start":{"line":129,"column":8},"end":{"line":131,"column":null}},"type":"cond-expr","locations":[{"start":{"line":130,"column":10},"end":{"line":130,"column":null}},{"start":{"line":131,"column":10},"end":{"line":131,"column":null}}],"line":129}},"s":{"0":10,"1":10,"2":10,"3":10,"4":10,"5":10,"6":10,"7":10,"8":10,"9":52,"10":10,"11":32,"12":10,"13":10,"14":10,"15":60,"16":10,"17":10,"18":0,"19":10,"20":0,"21":0,"22":0,"23":10,"24":10,"25":10,"26":10,"27":10,"28":10,"29":10,"30":10,"31":10,"32":1,"33":0,"34":1,"35":1,"36":1,"37":1,"38":0,"39":0,"40":0,"41":0,"42":0,"43":0,"44":1,"45":0,"46":1,"47":1,"48":1,"49":1,"50":0,"51":0,"52":0,"53":0,"54":0,"55":0,"56":0,"57":0,"58":0,"59":0,"60":0,"61":0,"62":0,"63":10,"64":10,"65":10,"66":10,"67":3,"68":3,"69":8,"70":11,"71":8,"72":10,"73":10,"74":10,"75":3,"76":3,"77":11,"78":3,"79":0,"80":0,"81":0,"82":10,"83":0,"84":2,"85":2,"86":2,"87":10,"88":2,"89":10,"90":11,"91":11,"92":11,"93":10},"f":{"0":10,"1":52,"2":32,"3":10,"4":60,"5":10,"6":0,"7":0,"8":10,"9":1,"10":0,"11":1,"12":0,"13":0,"14":0,"15":2},"b":{"0":[0,0],"1":[10,0],"2":[10,0],"3":[0,1],"4":[1,0],"5":[1,1],"6":[0,0],"7":[0,0],"8":[0,0],"9":[0,1],"10":[1,1],"11":[0,0],"12":[0,0],"13":[0,0],"14":[3,8],"15":[3,8],"16":[0,10],"17":[2,0],"18":[2,8],"19":[5,6],"20":[2,3]},"meta":{"lastBranch":21,"lastFunction":16,"lastStatement":94,"seen":{"f:1:0:1:Infinity":0,"s:16:16:16:Infinity":0,"s:20:36:20:40":1,"s:21:41:21:45":2,"s:22:27:22:32":3,"s:25:15:25:Infinity":4,"s:26:17:26:Infinity":5,"s:27:13:27:Infinity":6,"s:28:90:30:Infinity":7,"s:33:2:33:Infinity":8,"f:33:23:33:25":1,"s:33:26:33:Infinity":9,"s:34:2:34:Infinity":10,"f:34:25:34:27":2,"s:34:28:34:Infinity":11,"s:35:2:35:Infinity":12,"f:35:32:35:34":3,"s:35:35:35:Infinity":13,"s:36:2:36:Infinity":14,"f:36:20:36:22":4,"s:36:23:36:Infinity":15,"s:38:2:54:Infinity":16,"f:38:9:38:22":5,"s:40:4:42:Infinity":17,"f:40:62:40:65":6,"s:41:6:41:Infinity":18,"s:44:4:49:Infinity":19,"f:44:73:44:76":7,"s:45:6:45:Infinity":20,"b:46:10:48:Infinity:undefined:undefined:undefined:undefined":0,"s:46:10:48:Infinity":21,"s:47:8:47:Infinity":22,"s:52:4:52:Infinity":23,"s:53:4:53:Infinity":24,"s:56:2:61:Infinity":25,"f:56:11:56:18":8,"b:57:8:57:Infinity:undefined:undefined:undefined:undefined":1,"s:57:8:57:Infinity":26,"s:57:18:57:Infinity":27,"b:58:8:58:Infinity:undefined:undefined:undefined:undefined":2,"s:58:8:58:Infinity":28,"s:58:23:58:Infinity":29,"s:59:4:59:Infinity":30,"s:60:4:60:Infinity":31,"f:63:11:63:24":9,"b:64:8:64:Infinity:undefined:undefined:undefined:undefined":3,"s:64:8:64:Infinity":32,"s:64:56:64:Infinity":33,"b:65:8:69:Infinity:undefined:undefined:undefined:undefined":4,"s:65:8:69:Infinity":34,"b:65:8:65:53:65:48:65:71":5,"s:66:6:66:Infinity":35,"s:67:6:67:Infinity":36,"s:68:6:68:Infinity":37,"f:72:11:72:22":10,"b:73:8:73:Infinity:undefined:undefined:undefined:undefined":6,"s:73:8:73:Infinity":38,"s:73:56:73:Infinity":39,"b:74:8:78:Infinity:undefined:undefined:undefined:undefined":7,"s:74:8:78:Infinity":40,"b:74:8:74:52:74:52:74:70":8,"s:75:6:75:Infinity":41,"s:76:6:76:Infinity":42,"s:77:6:77:Infinity":43,"f:81:17:81:31":11,"b:82:8:82:Infinity:undefined:undefined:undefined:undefined":9,"s:82:8:82:Infinity":44,"b:82:8:82:22:82:17:82:Infinity":10,"s:82:33:82:Infinity":45,"s:84:8:90:Infinity":46,"s:85:6:85:Infinity":47,"s:86:12:86:Infinity":48,"s:87:6:87:Infinity":49,"s:89:6:89:Infinity":50,"f:93:17:93:30":12,"b:94:9:94:Infinity:undefined:undefined:undefined:undefined":11,"s:94:9:94:Infinity":51,"s:94:18:94:Infinity":52,"s:96:8:106:Infinity":53,"s:97:18:97:Infinity":54,"s:98:6:98:Infinity":55,"b:100:10:102:Infinity:undefined:undefined:undefined:undefined":12,"s:100:10:102:Infinity":56,"s:101:8:101:Infinity":57,"s:104:6:104:Infinity":58,"s:105:6:105:Infinity":59,"f:109:11:109:26":13,"b:110:8:114:Infinity:112:11:114:Infinity":13,"s:110:8:114:Infinity":60,"s:111:6:111:Infinity":61,"s:113:6:113:Infinity":62,"s:121:4:121:Infinity":63,"s:122:3:121:Infinity":64,"s:134:8:122:Infinity":65,"s:134:5:134:Infinity":66,"s:137:13:137:Infinity":67,"s:137:9:137:Infinity":68,"s:140:9:140:Infinity":69,"b:135:11:135:Infinity:135:20:135:Infinity":14,"s:135:11:135:Infinity":70,"s:135:20:135:Infinity":71,"s:122:3:122:Infinity":72,"s:147:6:122:Infinity":73,"s:147:3:147:Infinity":74,"s:149:10:149:Infinity":75,"s:149:7:149:Infinity":76,"b:148:9:148:Infinity:undefined:undefined:undefined:undefined":15,"s:148:9:148:Infinity":77,"s:148:18:148:Infinity":78,"s:156:10:156:33":79,"s:156:7:156:33":80,"s:156:33:156:Infinity":81,"f:156:33:156:40":14,"b:155:9:155:Infinity:undefined:undefined:undefined:undefined":16,"s:155:9:155:Infinity":82,"s:155:16:155:Infinity":83,"s:161:8:161:33":84,"s:161:5:161:33":85,"s:161:33:161:Infinity":86,"f:161:33:161:48":15,"b:161:33:161:62:161:62:161:Infinity":17,"b:160:7:160:Infinity:undefined:undefined:undefined:undefined":18,"s:160:7:160:Infinity":87,"s:160:55:160:Infinity":88,"s:121:1:121:Infinity":89,"s:122:3:125:Infinity":90,"s:122:3:127:Infinity":91,"s:122:3:132:Infinity":92,"b:129:8:131:Infinity:132:8:132:35":19,"b:130:10:130:Infinity:131:10:131:Infinity":20,"s:122:3:126:Infinity":93}}}
,"D:\\dev\\icanhastool\\src\\lib\\stores\\app.ts": {"path":"D:\\dev\\icanhastool\\src\\lib\\stores\\app.ts","statementMap":{"0":{"start":{"line":50,"column":13},"end":{"line":50,"column":null}},"1":{"start":{"line":51,"column":13},"end":{"line":51,"column":null}},"2":{"start":{"line":54,"column":13},"end":{"line":54,"column":null}},"3":{"start":{"line":55,"column":13},"end":{"line":55,"column":null}},"4":{"start":{"line":56,"column":13},"end":{"line":56,"column":null}},"5":{"start":{"line":59,"column":13},"end":{"line":59,"column":null}},"6":{"start":{"line":60,"column":13},"end":{"line":60,"column":null}},"7":{"start":{"line":61,"column":13},"end":{"line":61,"column":null}},"8":{"start":{"line":62,"column":13},"end":{"line":62,"column":null}},"9":{"start":{"line":65,"column":13},"end":{"line":65,"column":null}},"10":{"start":{"line":66,"column":13},"end":{"line":66,"column":null}},"11":{"start":{"line":69,"column":13},"end":{"line":75,"column":null}},"12":{"start":{"line":81,"column":13},"end":{"line":84,"column":null}},"13":{"start":{"line":83,"column":15},"end":{"line":83,"column":null}},"14":{"start":{"line":86,"column":13},"end":{"line":89,"column":null}},"15":{"start":{"line":88,"column":15},"end":{"line":88,"column":null}},"16":{"start":{"line":91,"column":13},"end":{"line":99,"column":null}},"17":{"start":{"line":94,"column":4},"end":{"line":96,"column":null}},"18":{"start":{"line":95,"column":6},"end":{"line":95,"column":null}},"19":{"start":{"line":97,"column":4},"end":{"line":97,"column":null}},"20":{"start":{"line":101,"column":13},"end":{"line":104,"column":null}},"21":{"start":{"line":103,"column":29},"end":{"line":103,"column":null}},"22":{"start":{"line":111,"column":2},"end":{"line":111,"column":null}},"23":{"start":{"line":111,"column":37},"end":{"line":111,"column":51}},"24":{"start":{"line":115,"column":2},"end":{"line":115,"column":null}},"25":{"start":{"line":119,"column":2},"end":{"line":124,"column":null}},"26":{"start":{"line":120,"column":4},"end":{"line":120,"column":null}},"27":{"start":{"line":121,"column":4},"end":{"line":121,"column":null}},"28":{"start":{"line":123,"column":4},"end":{"line":123,"column":null}},"29":{"start":{"line":128,"column":2},"end":{"line":128,"column":null}},"30":{"start":{"line":129,"column":2},"end":{"line":129,"column":null}},"31":{"start":{"line":136,"column":21},"end":{"line":136,"column":null}},"32":{"start":{"line":139,"column":2},"end":{"line":139,"column":null}},"33":{"start":{"line":139,"column":37},"end":{"line":139,"column":null}},"34":{"start":{"line":141,"column":2},"end":{"line":149,"column":null}},"35":{"start":{"line":142,"column":19},"end":{"line":142,"column":null}},"36":{"start":{"line":143,"column":4},"end":{"line":146,"column":null}},"37":{"start":{"line":144,"column":21},"end":{"line":144,"column":null}},"38":{"start":{"line":145,"column":6},"end":{"line":145,"column":null}},"39":{"start":{"line":145,"column":36},"end":{"line":145,"column":62}},"40":{"start":{"line":148,"column":4},"end":{"line":148,"column":null}},"41":{"start":{"line":153,"column":2},"end":{"line":153,"column":null}},"42":{"start":{"line":153,"column":37},"end":{"line":153,"column":null}},"43":{"start":{"line":155,"column":2},"end":{"line":160,"column":null}},"44":{"start":{"line":156,"column":4},"end":{"line":156,"column":null}},"45":{"start":{"line":157,"column":4},"end":{"line":157,"column":null}},"46":{"start":{"line":159,"column":4},"end":{"line":159,"column":null}}},"fnMap":{"0":{"name":"(anonymous_0)","decl":{"start":{"line":83,"column":2},"end":{"line":83,"column":3}},"loc":{"start":{"line":83,"column":15},"end":{"line":83,"column":null}},"line":83},"1":{"name":"(anonymous_1)","decl":{"start":{"line":88,"column":2},"end":{"line":88,"column":3}},"loc":{"start":{"line":88,"column":15},"end":{"line":88,"column":null}},"line":88},"2":{"name":"(anonymous_2)","decl":{"start":{"line":93,"column":2},"end":{"line":93,"column":3}},"loc":{"start":{"line":93,"column":15},"end":{"line":98,"column":null}},"line":93},"3":{"name":"(anonymous_3)","decl":{"start":{"line":103,"column":2},"end":{"line":103,"column":3}},"loc":{"start":{"line":103,"column":29},"end":{"line":103,"column":null}},"line":103},"4":{"name":"appendTerminalOutput","decl":{"start":{"line":110,"column":16},"end":{"line":110,"column":37}},"loc":{"start":{"line":110,"column":57},"end":{"line":112,"column":null}},"line":110},"5":{"name":"(anonymous_5)","decl":{"start":{"line":111,"column":24},"end":{"line":111,"column":25}},"loc":{"start":{"line":111,"column":37},"end":{"line":111,"column":51}},"line":111},"6":{"name":"clearTerminalOutput","decl":{"start":{"line":114,"column":16},"end":{"line":114,"column":44}},"loc":{"start":{"line":114,"column":44},"end":{"line":116,"column":null}},"line":114},"7":{"name":"updateTranscription","decl":{"start":{"line":118,"column":16},"end":{"line":118,"column":36}},"loc":{"start":{"line":118,"column":69},"end":{"line":125,"column":null}},"line":118},"8":{"name":"clearTranscription","decl":{"start":{"line":127,"column":16},"end":{"line":127,"column":43}},"loc":{"start":{"line":127,"column":43},"end":{"line":130,"column":null}},"line":127},"9":{"name":"loadSettings","decl":{"start":{"line":138,"column":16},"end":{"line":138,"column":37}},"loc":{"start":{"line":138,"column":37},"end":{"line":150,"column":null}},"line":138},"10":{"name":"(anonymous_10)","decl":{"start":{"line":145,"column":22},"end":{"line":145,"column":23}},"loc":{"start":{"line":145,"column":36},"end":{"line":145,"column":62}},"line":145},"11":{"name":"saveSettings","decl":{"start":{"line":152,"column":16},"end":{"line":152,"column":29}},"loc":{"start":{"line":152,"column":61},"end":{"line":161,"column":null}},"line":152}},"branchMap":{"0":{"loc":{"start":{"line":88,"column":15},"end":{"line":88,"column":null}},"type":"binary-expr","locations":[{"start":{"line":88,"column":15},"end":{"line":88,"column":46}},{"start":{"line":88,"column":46},"end":{"line":88,"column":null}}],"line":88},"1":{"loc":{"start":{"line":94,"column":4},"end":{"line":96,"column":null}},"type":"if","locations":[{"start":{"line":94,"column":4},"end":{"line":96,"column":null}},{"start":{},"end":{}}],"line":94},"2":{"loc":{"start":{"line":94,"column":8},"end":{"line":94,"column":59}},"type":"binary-expr","locations":[{"start":{"line":94,"column":8},"end":{"line":94,"column":39}},{"start":{"line":94,"column":39},"end":{"line":94,"column":59}}],"line":94},"3":{"loc":{"start":{"line":103,"column":29},"end":{"line":103,"column":null}},"type":"binary-expr","locations":[{"start":{"line":103,"column":29},"end":{"line":103,"column":40}},{"start":{"line":103,"column":40},"end":{"line":103,"column":null}}],"line":103},"4":{"loc":{"start":{"line":119,"column":2},"end":{"line":124,"column":null}},"type":"if","locations":[{"start":{"line":119,"column":2},"end":{"line":124,"column":null}},{"start":{"line":122,"column":9},"end":{"line":124,"column":null}}],"line":119},"5":{"loc":{"start":{"line":139,"column":2},"end":{"line":139,"column":null}},"type":"if","locations":[{"start":{"line":139,"column":2},"end":{"line":139,"column":null}},{"start":{},"end":{}}],"line":139},"6":{"loc":{"start":{"line":143,"column":4},"end":{"line":146,"column":null}},"type":"if","locations":[{"start":{"line":143,"column":4},"end":{"line":146,"column":null}},{"start":{},"end":{}}],"line":143},"7":{"loc":{"start":{"line":153,"column":2},"end":{"line":153,"column":null}},"type":"if","locations":[{"start":{"line":153,"column":2},"end":{"line":153,"column":null}},{"start":{},"end":{}}],"line":153}},"s":{"0":4,"1":4,"2":4,"3":4,"4":4,"5":4,"6":4,"7":4,"8":4,"9":4,"10":4,"11":4,"12":4,"13":3,"14":4,"15":2,"16":4,"17":2,"18":1,"19":1,"20":4,"21":3,"22":2,"23":2,"24":1,"25":2,"26":1,"27":1,"28":1,"29":2,"30":2,"31":4,"32":2,"33":0,"34":2,"35":2,"36":2,"37":2,"38":2,"39":1,"40":1,"41":3,"42":0,"43":3,"44":3,"45":3,"46":0},"f":{"0":3,"1":2,"2":2,"3":3,"4":2,"5":2,"6":1,"7":2,"8":2,"9":2,"10":1,"11":3},"b":{"0":[2,1],"1":[1,1],"2":[2,1],"3":[3,2],"4":[1,1],"5":[0,2],"6":[2,0],"7":[0,3]},"meta":{"lastBranch":8,"lastFunction":12,"lastStatement":47,"seen":{"s:50:13:50:Infinity":0,"s:51:13:51:Infinity":1,"s:54:13:54:Infinity":2,"s:55:13:55:Infinity":3,"s:56:13:56:Infinity":4,"s:59:13:59:Infinity":5,"s:60:13:60:Infinity":6,"s:61:13:61:Infinity":7,"s:62:13:62:Infinity":8,"s:65:13:65:Infinity":9,"s:66:13:66:Infinity":10,"s:69:13:75:Infinity":11,"s:81:13:84:Infinity":12,"f:83:2:83:3":0,"s:83:15:83:Infinity":13,"s:86:13:89:Infinity":14,"f:88:2:88:3":1,"s:88:15:88:Infinity":15,"b:88:15:88:46:88:46:88:Infinity":0,"s:91:13:99:Infinity":16,"f:93:2:93:3":2,"b:94:4:96:Infinity:undefined:undefined:undefined:undefined":1,"s:94:4:96:Infinity":17,"b:94:8:94:39:94:39:94:59":2,"s:95:6:95:Infinity":18,"s:97:4:97:Infinity":19,"s:101:13:104:Infinity":20,"f:103:2:103:3":3,"s:103:29:103:Infinity":21,"b:103:29:103:40:103:40:103:Infinity":3,"f:110:16:110:37":4,"s:111:2:111:Infinity":22,"f:111:24:111:25":5,"s:111:37:111:51":23,"f:114:16:114:44":6,"s:115:2:115:Infinity":24,"f:118:16:118:36":7,"b:119:2:124:Infinity:122:9:124:Infinity":4,"s:119:2:124:Infinity":25,"s:120:4:120:Infinity":26,"s:121:4:121:Infinity":27,"s:123:4:123:Infinity":28,"f:127:16:127:43":8,"s:128:2:128:Infinity":29,"s:129:2:129:Infinity":30,"s:136:21:136:Infinity":31,"f:138:16:138:37":9,"b:139:2:139:Infinity:undefined:undefined:undefined:undefined":5,"s:139:2:139:Infinity":32,"s:139:37:139:Infinity":33,"s:141:2:149:Infinity":34,"s:142:19:142:Infinity":35,"b:143:4:146:Infinity:undefined:undefined:undefined:undefined":6,"s:143:4:146:Infinity":36,"s:144:21:144:Infinity":37,"s:145:6:145:Infinity":38,"f:145:22:145:23":10,"s:145:36:145:62":39,"s:148:4:148:Infinity":40,"f:152:16:152:29":11,"b:153:2:153:Infinity:undefined:undefined:undefined:undefined":7,"s:153:2:153:Infinity":41,"s:153:37:153:Infinity":42,"s:155:2:160:Infinity":43,"s:156:4:156:Infinity":44,"s:157:4:157:Infinity":45,"s:159:4:159:Infinity":46}}}
}
